#
# A fatal error has been detected by the Java Runtime Environment:
#
#  SIGSEGV (0xb) at pc=0x00007fff898e60dd, pid=21571, tid=1299
#
# JRE version: Java(TM) SE Runtime Environment (7.0_51-b13) (build 1.7.0_51-b13)
# Java VM: Java HotSpot(TM) 64-Bit Server VM (24.51-b03 mixed mode bsd-amd64 compressed oops)
# Problematic frame:
# C  [libobjc.A.dylib+0x10dd]  objc_msgSend+0x1d
#
# Failed to write core dump. Core dumps have been disabled. To enable core dumping, try "ulimit -c unlimited" before starting Java again
#
# If you would like to submit a bug report, please visit:
#   http://bugreport.sun.com/bugreport/crash.jsp
# The crash happened outside the Java Virtual Machine in native code.
# See problematic frame for where to report the bug.
#

---------------  T H R E A D  ---------------

Current thread (0x00007fd4a20f5000):  JavaThread "AppKit Thread" daemon [_thread_in_native, id=1299, stack(0x00007fff565a3000,0x00007fff56623000)]

siginfo:si_signo=SIGSEGV: si_errno=0, si_code=1 (SEGV_MAPERR), si_addr=0x000007fd4a1d4230

Registers:
RAX=0x0000000000000000, RBX=0x00007fd4a1d5a530, RCX=0x0000000000000008, RDX=0xeb96c696964c372d
RSP=0x00007fff5661cb88, RBP=0x00007fff5661cbb0, RSI=0x00007fff8e1e9591, RDI=0x00007fd4a1d5a530
R8 =0x000000000000000b, R9 =0xffffffffffffffff, R10=0x00007fff8e1e9591, R11=0x000007fd4a1d4218
R12=0x00007fd4a1f3f7c0, R13=0x00007fd4a1f337a0, R14=0x00007fd4a1f3f7c0, R15=0x00007fff5661d0a0
RIP=0x00007fff898e60dd, EFLAGS=0x0000000000010206, ERR=0x0000000000000004
  TRAPNO=0x000000000000000e

Top of Stack: (sp=0x00007fff5661cb88)
0x00007fff5661cb88:   0000000119e7667e 00007fd4a1f3f7c0
0x00007fff5661cb98:   0000000119ea8b98 00007fd4a1f337a0
0x00007fff5661cba8:   0000000000000094 00007fff5661d090
0x00007fff5661cbb8:   00007fff8d95c254 0000000000000000
0x00007fff5661cbc8:   0000000000000000 4085e00000000000
0x00007fff5661cbd8:   407b300000000000 0000000000000000
0x00007fff5661cbe8:   0000000000000000 4085e00000000000
0x00007fff5661cbf8:   407b300000000000 4085e00000000000
0x00007fff5661cc08:   407c900000000000 401c000000000000
0x00007fff5661cc18:   407b600000000000 402c000000000000
0x00007fff5661cc28:   4030000000000000 401c000000000000
0x00007fff5661cc38:   0000000000000000 0000000000000000
0x00007fff5661cc48:   4030000000000000 00007fff8e1ad8f3
0x00007fff5661cc58:   4008000000000000 00007fd4a1c461d0
0x00007fff5661cc68:   0000000100000000 0000000000000000
0x00007fff5661cc78:   00007fd4a1e21b60 00007fff5661cdd0
0x00007fff5661cc88:   00007fff8da21346 00007fff5661cdd0
0x00007fff5661cc98:   00007fff8da21e26 402c000000000000
0x00007fff5661cca8:   4030000000000000 401c000000000000
0x00007fff5661ccb8:   407b600000000000 402c000000000000
0x00007fff5661ccc8:   4030000000000000 0000000000000000
0x00007fff5661ccd8:   0000000000000000 4085e00000000000
0x00007fff5661cce8:   407c900000000000 401c000000000000
0x00007fff5661ccf8:   407b600000000000 00000001095fbe00
0x00007fff5661cd08:   00007fd4a1cad2c0 0000000000000050
0x00007fff5661cd18:   0000000000000002 0000000000000ad2
0x00007fff5661cd28:   00000001095f7000 00007fff5661cdd0
0x00007fff5661cd38:   00007fff9018f5d7 0000000000000000
0x00007fff5661cd48:   00000001095f7000 00007fff5661cdf0
0x00007fff5661cd58:   00007fff9018f5d7 00007fff5661ce5f
0x00007fff5661cd68:   0000000000001000 00007fd4a1cfc080
0x00007fff5661cd78:   00007fd4a1cab890 000000000000000b 

Instructions: (pc=0x00007fff898e60dd)
0x00007fff898e60bd:   00 00 00 48 85 ff 2e 74 7a 40 f6 c7 01 2e 75 7e
0x00007fff898e60cd:   49 bb f8 ff ff ff ff 7f 00 00 4c 23 1f 49 89 f2
0x00007fff898e60dd:   45 23 53 18 49 c1 e2 04 4d 03 53 10 49 3b 32 75
0x00007fff898e60ed:   04 41 ff 62 08 49 83 3a 00 74 6a 4d 3b 53 10 74 

Register to memory mapping:

RAX=0x0000000000000000 is an unknown value
RBX=0x00007fd4a1d5a530 is an unknown value
RCX=0x0000000000000008 is an unknown value
RDX=0xeb96c696964c372d is an unknown value
RSP=0x00007fff5661cb88 is pointing into the stack for thread: 0x00007fd4a20f5000
RBP=0x00007fff5661cbb0 is pointing into the stack for thread: 0x00007fd4a20f5000
RSI=0x00007fff8e1e9591: -[NSTitlebarContainerView shouldRoundCorners]+0x5c563 in /System/Library/Frameworks/AppKit.framework/Versions/C/AppKit at 0x00007fff8d80f000
RDI=0x00007fd4a1d5a530 is an unknown value
R8 =0x000000000000000b is an unknown value
R9 =0xffffffffffffffff is an unknown value
R10=0x00007fff8e1e9591: -[NSTitlebarContainerView shouldRoundCorners]+0x5c563 in /System/Library/Frameworks/AppKit.framework/Versions/C/AppKit at 0x00007fff8d80f000
R11=0x000007fd4a1d4218 is an unknown value
R12=0x00007fd4a1f3f7c0 is an unknown value
R13=0x00007fd4a1f337a0 is an unknown value
R14=0x00007fd4a1f3f7c0 is an unknown value
R15=0x00007fff5661d0a0 is pointing into the stack for thread: 0x00007fd4a20f5000


Stack: [0x00007fff565a3000,0x00007fff56623000],  sp=0x00007fff5661cb88,  free space=486k
Native frames: (J=compiled Java code, j=interpreted, Vv=VM code, C=native code)
C  [libobjc.A.dylib+0x10dd]  objc_msgSend+0x1d
C  [AppKit+0x14d254]  -[NSView _recursiveDisplayRectIfNeededIgnoringOpacity:isVisibleRect:rectIsVisibleRectForView:topView:]+0x740
C  [AppKit+0x14e2af]  -[NSView _recursiveDisplayRectIfNeededIgnoringOpacity:isVisibleRect:rectIsVisibleRectForView:topView:]+0x179b
C  [AppKit+0x14c5fe]  -[NSThemeFrame _recursiveDisplayRectIfNeededIgnoringOpacity:isVisibleRect:rectIsVisibleRectForView:topView:]+0x14d
C  [AppKit+0x14913a]  -[NSView _displayRectIgnoringOpacity:isVisibleRect:rectIsVisibleRectForView:]+0xac9
C  [AppKit+0x12836d]  -[NSView displayIfNeeded]+0x754
C  [AppKit+0x1450b5]  -[NSWindow displayIfNeeded]+0xe8
C  [AppKit+0x181da2]  _handleWindowNeedsDisplayOrLayoutOrUpdateConstraints+0x3a8
C  [Foundation+0x66bb3]  __NSFireTimer+0x5f
C  [CoreFoundation+0xb65e4]  __CFRUNLOOP_IS_CALLING_OUT_TO_A_TIMER_CALLBACK_FUNCTION__+0x14
C  [CoreFoundation+0xb6273]  __CFRunLoopDoTimer+0x423
C  [CoreFoundation+0x1294fd]  __CFRunLoopDoTimers+0x12d
C  [CoreFoundation+0x72722]  __CFRunLoopRun+0x7e2
C  [CoreFoundation+0x71cf8]  CFRunLoopRunSpecific+0x128
C  [HIToolbox+0x2e72f]  RunCurrentEventLoopInMode+0xeb
C  [HIToolbox+0x2e4a2]  ReceiveNextEventCommon+0x1af
C  [HIToolbox+0x2e2e3]  _BlockUntilNextEventMatchingListInModeWithFilter+0x47
C  [AppKit+0x23f05]  _DPSNextEvent+0x3e8
C  [AppKit+0x236d9]  -[NSApplication nextEventMatchingMask:untilDate:inMode:dequeue:]+0x8b
C  [libosxapp.dylib+0x16f4]  -[NSApplicationAWT nextEventMatchingMask:untilDate:inMode:dequeue:]+0x7c
C  [AppKit+0x17643]  -[NSApplication run]+0x252
C  [libosxapp.dylib+0x1557]  +[NSApplicationAWT runAWTLoopWithApp:]+0x9c
C  [liblwawt.dylib+0xdba9]  -[AWTStarter starter:]+0x369
C  [Foundation+0x65ad8]  __NSThreadPerformPerform+0x125
C  [CoreFoundation+0x81111]  __CFRUNLOOP_IS_CALLING_OUT_TO_A_SOURCE0_PERFORM_FUNCTION__+0x11
C  [CoreFoundation+0x72c8d]  __CFRunLoopDoSources0+0x10d
C  [CoreFoundation+0x722db]  __CFRunLoopRun+0x39b
C  [CoreFoundation+0x71cf8]  CFRunLoopRunSpecific+0x128
C  [java+0x73b0]  CreateExecutionEnvironment+0x367
C  [java+0x1b5c]  JLI_Launch+0x7a0
C  [java+0x770d]  main+0x65
C  [java+0x13b4]  start+0x34


---------------  P R O C E S S  ---------------

Java Threads: ( => current thread )
  0x00007fd4a21fe800 JavaThread "AWT-Shutdown" [_thread_blocked, id=27683, stack(0x000000011a974000,0x000000011aa74000)]
  0x00007fd4a3127800 JavaThread "Java2D Queue Flusher" daemon [_thread_blocked, id=54027, stack(0x000000011b2d2000,0x000000011b3d2000)]
  0x00007fd4a38ed000 JavaThread "Java2D Disposer" daemon [_thread_blocked, id=53527, stack(0x000000011a673000,0x000000011a773000)]
=>0x00007fd4a20f5000 JavaThread "AppKit Thread" daemon [_thread_in_native, id=1299, stack(0x00007fff565a3000,0x00007fff56623000)]
  0x00007fd4a2054800 JavaThread "Service Thread" daemon [_thread_blocked, id=17667, stack(0x0000000115e66000,0x0000000115f66000)]
  0x00007fd4a2053800 JavaThread "C2 CompilerThread1" daemon [_thread_blocked, id=17155, stack(0x0000000115d63000,0x0000000115e63000)]
  0x00007fd4a2052000 JavaThread "C2 CompilerThread0" daemon [_thread_blocked, id=16643, stack(0x0000000115c60000,0x0000000115d60000)]
  0x00007fd4a3806800 JavaThread "Signal Dispatcher" daemon [_thread_blocked, id=16143, stack(0x0000000115b5d000,0x0000000115c5d000)]
  0x00007fd4a3803000 JavaThread "Finalizer" daemon [_thread_blocked, id=11523, stack(0x0000000114225000,0x0000000114325000)]
  0x00007fd4a3800000 JavaThread "Reference Handler" daemon [_thread_blocked, id=11011, stack(0x0000000114122000,0x0000000114222000)]
  0x00007fd4a2807000 JavaThread "main" [_thread_in_native, id=5379, stack(0x000000010aa54000,0x000000010ab54000)]

Other Threads:
  0x00007fd4a2048800 VMThread [stack: 0x000000011401f000,0x000000011411f000] [id=10499]
  0x00007fd4a205d000 WatcherThread [stack: 0x0000000115f69000,0x0000000116069000] [id=18179]

VM state:not at safepoint (normal execution)

VM Mutex/Monitor currently owned by a thread: None

Heap
 PSYoungGen      total 72704K, used 20205K [0x00000007d5500000, 0x00000007de300000, 0x0000000800000000)
  eden space 67584K, 29% used [0x00000007d5500000,0x00000007d68bb750,0x00000007d9700000)
  from space 5120K, 0% used [0x00000007d9700000,0x00000007d9700000,0x00000007d9c00000)
  to   space 5120K, 0% used [0x00000007dde00000,0x00000007dde00000,0x00000007de300000)
 ParOldGen       total 139264K, used 32368K [0x0000000780000000, 0x0000000788800000, 0x00000007d5500000)
  object space 139264K, 23% used [0x0000000780000000,0x0000000781f9c0c8,0x0000000788800000)
 PSPermGen       total 21504K, used 8321K [0x000000077ae00000, 0x000000077c300000, 0x0000000780000000)
  object space 21504K, 38% used [0x000000077ae00000,0x000000077b620448,0x000000077c300000)

Card table byte_map: [0x000000010dc16000,0x000000010e040000] byte_map_base: 0x000000010a03f000

Polling page: 0x0000000109742000

Code Cache  [0x000000010ab56000, 0x000000010adc6000, 0x000000010db56000)
 total_blobs=540 nmethods=102 adapters=393 free_code_cache=48370Kb largest_free_block=49503360

Compilation events (10 events):
Event: 13.953 Thread 0x00007fd4a2052000   97             java.nio.Buffer::position (43 bytes)
Event: 13.953 Thread 0x00007fd4a2052000 nmethod 97 0x000000010ac0e910 code [0x000000010ac0ea40, 0x000000010ac0ead8]
Event: 18.103 Thread 0x00007fd4a2053800   99             java.util.HashMap$HashIterator::<init> (63 bytes)
Event: 18.106 Thread 0x00007fd4a2053800 nmethod 99 0x000000010abf6e50 code [0x000000010abf6fa0, 0x000000010abf7198]
Event: 18.186 Thread 0x00007fd4a2052000  100             java.nio.DirectIntBufferU::ix (10 bytes)
Event: 18.186 Thread 0x00007fd4a2052000 nmethod 100 0x000000010ac0f150 code [0x000000010ac0f280, 0x000000010ac0f2f8]
Event: 20.102 Thread 0x00007fd4a2053800  101   !         org.lwjgl.opengl.Display::isCreated (17 bytes)
Event: 20.104 Thread 0x00007fd4a2053800 nmethod 101 0x000000010abf6a10 code [0x000000010abf6b60, 0x000000010abf6db8]
Event: 20.137 Thread 0x00007fd4a2052000  102             org.newdawn.slick.geom.ShapeRenderer::fill (124 bytes)
Event: 20.145 Thread 0x00007fd4a2052000 nmethod 102 0x000000010ac16590 code [0x000000010ac167a0, 0x000000010ac16e40]

GC Heap History (8 events):
Event: 0.851 GC heap before
{Heap before GC invocations=1 (full 0):
 PSYoungGen      total 38912K, used 33792K [0x00000007d5500000, 0x00000007d8000000, 0x0000000800000000)
  eden space 33792K, 100% used [0x00000007d5500000,0x00000007d7600000,0x00000007d7600000)
  from space 5120K, 0% used [0x00000007d7b00000,0x00000007d7b00000,0x00000007d8000000)
  to   space 5120K, 0% used [0x00000007d7600000,0x00000007d7600000,0x00000007d7b00000)
 ParOldGen       total 87040K, used 0K [0x0000000780000000, 0x0000000785500000, 0x00000007d5500000)
  object space 87040K, 0% used [0x0000000780000000,0x0000000780000000,0x0000000785500000)
 PSPermGen       total 21504K, used 6970K [0x000000077ae00000, 0x000000077c300000, 0x0000000780000000)
  object space 21504K, 32% used [0x000000077ae00000,0x000000077b4cebd0,0x000000077c300000)
Event: 0.861 GC heap after
Heap after GC invocations=1 (full 0):
 PSYoungGen      total 38912K, used 1913K [0x00000007d5500000, 0x00000007da100000, 0x0000000800000000)
  eden space 33792K, 0% used [0x00000007d5500000,0x00000007d5500000,0x00000007d7600000)
  from space 5120K, 37% used [0x00000007d7600000,0x00000007d77de450,0x00000007d7b00000)
  to   space 5120K, 0% used [0x00000007d9c00000,0x00000007d9c00000,0x00000007da100000)
 ParOldGen       total 87040K, used 15511K [0x0000000780000000, 0x0000000785500000, 0x00000007d5500000)
  object space 87040K, 17% used [0x0000000780000000,0x0000000780f25fd0,0x0000000785500000)
 PSPermGen       total 21504K, used 6970K [0x000000077ae00000, 0x000000077c300000, 0x0000000780000000)
  object space 21504K, 32% used [0x000000077ae00000,0x000000077b4cebd0,0x000000077c300000)
}
Event: 1.071 GC heap before
{Heap before GC invocations=2 (full 0):
 PSYoungGen      total 38912K, used 33302K [0x00000007d5500000, 0x00000007da100000, 0x0000000800000000)
  eden space 33792K, 92% used [0x00000007d5500000,0x00000007d73a7550,0x00000007d7600000)
  from space 5120K, 37% used [0x00000007d7600000,0x00000007d77de450,0x00000007d7b00000)
  to   space 5120K, 0% used [0x00000007d9c00000,0x00000007d9c00000,0x00000007da100000)
 ParOldGen       total 87040K, used 15511K [0x0000000780000000, 0x0000000785500000, 0x00000007d5500000)
  object space 87040K, 17% used [0x0000000780000000,0x0000000780f25fd0,0x0000000785500000)
 PSPermGen       total 21504K, used 6970K [0x000000077ae00000, 0x000000077c300000, 0x0000000780000000)
  object space 21504K, 32% used [0x000000077ae00000,0x000000077b4cebd0,0x000000077c300000)
Event: 1.074 GC heap after
Heap after GC invocations=2 (full 0):
 PSYoungGen      total 72704K, used 1096K [0x00000007d5500000, 0x00000007da100000, 0x0000000800000000)
  eden space 67584K, 0% used [0x00000007d5500000,0x00000007d5500000,0x00000007d9700000)
  from space 5120K, 21% used [0x00000007d9c00000,0x00000007d9d12188,0x00000007da100000)
  to   space 5120K, 0% used [0x00000007d9700000,0x00000007d9700000,0x00000007d9c00000)
 ParOldGen       total 87040K, used 15519K [0x0000000780000000, 0x0000000785500000, 0x00000007d5500000)
  object space 87040K, 17% used [0x0000000780000000,0x0000000780f27fd0,0x0000000785500000)
 PSPermGen       total 21504K, used 6970K [0x000000077ae00000, 0x000000077c300000, 0x0000000780000000)
  object space 21504K, 32% used [0x000000077ae00000,0x000000077b4cebd0,0x000000077c300000)
}
Event: 1.450 GC heap before
{Heap before GC invocations=3 (full 0):
 PSYoungGen      total 72704K, used 68680K [0x00000007d5500000, 0x00000007da100000, 0x0000000800000000)
  eden space 67584K, 100% used [0x00000007d5500000,0x00000007d9700000,0x00000007d9700000)
  from space 5120K, 21% used [0x00000007d9c00000,0x00000007d9d12188,0x00000007da100000)
  to   space 5120K, 0% used [0x00000007d9700000,0x00000007d9700000,0x00000007d9c00000)
 ParOldGen       total 87040K, used 15519K [0x0000000780000000, 0x0000000785500000, 0x00000007d5500000)
  object space 87040K, 17% used [0x0000000780000000,0x0000000780f27fd0,0x0000000785500000)
 PSPermGen       total 21504K, used 8104K [0x000000077ae00000, 0x000000077c300000, 0x0000000780000000)
  object space 21504K, 37% used [0x000000077ae00000,0x000000077b5ea230,0x000000077c300000)
Event: 1.474 GC heap after
Heap after GC invocations=3 (full 0):
 PSYoungGen      total 72704K, used 1240K [0x00000007d5500000, 0x00000007de300000, 0x0000000800000000)
  eden space 67584K, 0% used [0x00000007d5500000,0x00000007d5500000,0x00000007d9700000)
  from space 5120K, 24% used [0x00000007d9700000,0x00000007d9836178,0x00000007d9c00000)
  to   space 5120K, 0% used [0x00000007dde00000,0x00000007dde00000,0x00000007de300000)
 ParOldGen       total 87040K, used 66165K [0x0000000780000000, 0x0000000785500000, 0x00000007d5500000)
  object space 87040K, 76% used [0x0000000780000000,0x000000078409d520,0x0000000785500000)
 PSPermGen       total 21504K, used 8104K [0x000000077ae00000, 0x000000077c300000, 0x0000000780000000)
  object space 21504K, 37% used [0x000000077ae00000,0x000000077b5ea230,0x000000077c300000)
}
Event: 1.474 GC heap before
{Heap before GC invocations=4 (full 1):
 PSYoungGen      total 72704K, used 1240K [0x00000007d5500000, 0x00000007de300000, 0x0000000800000000)
  eden space 67584K, 0% used [0x00000007d5500000,0x00000007d5500000,0x00000007d9700000)
  from space 5120K, 24% used [0x00000007d9700000,0x00000007d9836178,0x00000007d9c00000)
  to   space 5120K, 0% used [0x00000007dde00000,0x00000007dde00000,0x00000007de300000)
 ParOldGen       total 87040K, used 66165K [0x0000000780000000, 0x0000000785500000, 0x00000007d5500000)
  object space 87040K, 76% used [0x0000000780000000,0x000000078409d520,0x0000000785500000)
 PSPermGen       total 21504K, used 8104K [0x000000077ae00000, 0x000000077c300000, 0x0000000780000000)
  object space 21504K, 37% used [0x000000077ae00000,0x000000077b5ea230,0x000000077c300000)
Event: 1.505 GC heap after
Heap after GC invocations=4 (full 1):
 PSYoungGen      total 72704K, used 0K [0x00000007d5500000, 0x00000007de300000, 0x0000000800000000)
  eden space 67584K, 0% used [0x00000007d5500000,0x00000007d5500000,0x00000007d9700000)
  from space 5120K, 0% used [0x00000007d9700000,0x00000007d9700000,0x00000007d9c00000)
  to   space 5120K, 0% used [0x00000007dde00000,0x00000007dde00000,0x00000007de300000)
 ParOldGen       total 139264K, used 32368K [0x0000000780000000, 0x0000000788800000, 0x00000007d5500000)
  object space 139264K, 23% used [0x0000000780000000,0x0000000781f9c0c8,0x0000000788800000)
 PSPermGen       total 21504K, used 8103K [0x000000077ae00000, 0x000000077c300000, 0x0000000780000000)
  object space 21504K, 37% used [0x000000077ae00000,0x000000077b5e9c08,0x000000077c300000)
}

Deoptimization events (4 events):
Event: 1.098 Thread 0x00007fd4a20f5000 Uncommon trap: reason=null_check action=make_not_entrant pc=0x000000010abc73d0 method=java.lang.String.equals(Ljava/lang/Object;)Z @ 8
Event: 1.527 Thread 0x00007fd4a2807000 Uncommon trap: reason=unreached action=reinterpret pc=0x000000010ac0aa24 method=java.awt.image.ComponentColorModel.getDataElements(ILjava/lang/Object;)Ljava/lang/Object; @ 2993
Event: 1.528 Thread 0x00007fd4a2807000 Uncommon trap: reason=unreached action=reinterpret pc=0x000000010abf0688 method=sun.awt.image.ByteInterleavedRaster.getDataElements(IILjava/lang/Object;)Ljava/lang/Object; @ 43
Event: 1.585 Thread 0x00007fd4a2807000 Uncommon trap: reason=unloaded action=reinterpret pc=0x000000010abd1884 method=java.io.BufferedReader.readLine(Z)Ljava/lang/String; @ 268

Internal exceptions (10 events):
Event: 1.627 Thread 0x00007fd4a2807000 Threw 0x00000007d650d4d8 at /HUDSON/workspace/7u-2-build-macosx-x86_64/jdk7u51/527/hotspot/src/share/vm/prims/jvm.cpp:1244
Event: 1.628 Thread 0x00007fd4a2807000 Threw 0x00000007d6510398 at /HUDSON/workspace/7u-2-build-macosx-x86_64/jdk7u51/527/hotspot/src/share/vm/prims/jvm.cpp:1244
Event: 1.629 Thread 0x00007fd4a2807000 Threw 0x00000007d6519c08 at /HUDSON/workspace/7u-2-build-macosx-x86_64/jdk7u51/527/hotspot/src/share/vm/prims/jvm.cpp:1244
Event: 1.629 Thread 0x00007fd4a2807000 Threw 0x00000007d651d4d8 at /HUDSON/workspace/7u-2-build-macosx-x86_64/jdk7u51/527/hotspot/src/share/vm/prims/jvm.cpp:1244
Event: 1.630 Thread 0x00007fd4a2807000 Threw 0x00000007d6520850 at /HUDSON/workspace/7u-2-build-macosx-x86_64/jdk7u51/527/hotspot/src/share/vm/prims/jvm.cpp:1244
Event: 1.631 Thread 0x00007fd4a2807000 Threw 0x00000007d6523d28 at /HUDSON/workspace/7u-2-build-macosx-x86_64/jdk7u51/527/hotspot/src/share/vm/prims/jvm.cpp:1244
Event: 1.633 Thread 0x00007fd4a2807000 Threw 0x00000007d6526ec0 at /HUDSON/workspace/7u-2-build-macosx-x86_64/jdk7u51/527/hotspot/src/share/vm/prims/jvm.cpp:1244
Event: 1.634 Thread 0x00007fd4a2807000 Threw 0x00000007d652a690 at /HUDSON/workspace/7u-2-build-macosx-x86_64/jdk7u51/527/hotspot/src/share/vm/prims/jvm.cpp:1244
Event: 1.635 Thread 0x00007fd4a2807000 Threw 0x00000007d652e600 at /HUDSON/workspace/7u-2-build-macosx-x86_64/jdk7u51/527/hotspot/src/share/vm/prims/jvm.cpp:1244
Event: 25.141 Thread 0x00007fd4a2807000 Threw 0x00000007d65be2c0 at /HUDSON/workspace/7u-2-build-macosx-x86_64/jdk7u51/527/hotspot/src/share/vm/prims/jvm.cpp:1244

Events (10 events):
Event: 6.238 loading class 0x00007fd4a3835ac0
Event: 6.238 loading class 0x00007fd4a3835ac0 done
Event: 6.238 Thread 0x00007fd4a3083800 Thread exited: 0x00007fd4a3083800
Event: 9.269 Thread 0x00007fd4a21fe800 Thread added: 0x00007fd4a21fe800
Event: 11.882 Executing VM operation: RevokeBias
Event: 11.882 Executing VM operation: RevokeBias done
Event: 11.882 Thread 0x00007fd4a21fe800 Thread exited: 0x00007fd4a21fe800
Event: 15.089 Thread 0x00007fd4a21fe800 Thread added: 0x00007fd4a21fe800
Event: 25.141 loading class 0x00007fd4a1c606f0
Event: 25.141 loading class 0x00007fd4a1c606f0 done


Dynamic libraries:
0x0000000005730000 	/System/Library/Frameworks/Cocoa.framework/Versions/A/Cocoa
0x0000000005730000 	/System/Library/Frameworks/Security.framework/Versions/A/Security
0x0000000005730000 	/System/Library/Frameworks/ApplicationServices.framework/Versions/A/ApplicationServices
0x0000000005730000 	/usr/lib/libz.1.dylib
0x0000000005730000 	/usr/lib/libSystem.B.dylib
0x0000000005730000 	/usr/lib/libobjc.A.dylib
0x0000000005730000 	/System/Library/Frameworks/CoreFoundation.framework/Versions/A/CoreFoundation
0x0000000005730000 	/System/Library/Frameworks/Foundation.framework/Versions/C/Foundation
0x0000000005730000 	/System/Library/Frameworks/AppKit.framework/Versions/C/AppKit
0x0000000005730000 	/System/Library/Frameworks/CoreData.framework/Versions/A/CoreData
0x0000000005730000 	/System/Library/PrivateFrameworks/RemoteViewServices.framework/Versions/A/RemoteViewServices
0x0000000005730000 	/System/Library/PrivateFrameworks/UIFoundation.framework/Versions/A/UIFoundation
0x0000000005730000 	/System/Library/Frameworks/AudioToolbox.framework/Versions/A/AudioToolbox
0x0000000005730000 	/System/Library/Frameworks/AudioUnit.framework/Versions/A/AudioUnit
0x0000000005730000 	/System/Library/PrivateFrameworks/DataDetectorsCore.framework/Versions/A/DataDetectorsCore
0x0000000005730000 	/System/Library/PrivateFrameworks/DesktopServicesPriv.framework/Versions/A/DesktopServicesPriv
0x0000000005730000 	/System/Library/Frameworks/Carbon.framework/Versions/A/Frameworks/HIToolbox.framework/Versions/A/HIToolbox
0x0000000005730000 	/System/Library/Frameworks/QuartzCore.framework/Versions/A/QuartzCore
0x0000000005730000 	/System/Library/Frameworks/Carbon.framework/Versions/A/Frameworks/SpeechRecognition.framework/Versions/A/SpeechRecognition
0x0000000005730000 	/usr/lib/libauto.dylib
0x0000000005730000 	/usr/lib/libicucore.A.dylib
0x0000000005730000 	/usr/lib/libxml2.2.dylib
0x0000000005730000 	/System/Library/PrivateFrameworks/CoreUI.framework/Versions/A/CoreUI
0x0000000005730000 	/System/Library/Frameworks/CoreAudio.framework/Versions/A/CoreAudio
0x0000000005730000 	/System/Library/Frameworks/DiskArbitration.framework/Versions/A/DiskArbitration
0x0000000005730000 	/usr/lib/liblangid.dylib
0x0000000005730000 	/System/Library/PrivateFrameworks/MultitouchSupport.framework/Versions/A/MultitouchSupport
0x0000000005730000 	/System/Library/Frameworks/IOKit.framework/Versions/A/IOKit
0x0000000005730000 	/usr/lib/libDiagnosticMessagesClient.dylib
0x0000000005730000 	/System/Library/Frameworks/CoreServices.framework/Versions/A/CoreServices
0x0000000005730000 	/System/Library/PrivateFrameworks/PerformanceAnalysis.framework/Versions/A/PerformanceAnalysis
0x0000000005730000 	/System/Library/PrivateFrameworks/GenerationalStorage.framework/Versions/A/GenerationalStorage
0x0000000005730000 	/System/Library/Frameworks/OpenGL.framework/Versions/A/OpenGL
0x0000000005730000 	/System/Library/PrivateFrameworks/Sharing.framework/Versions/A/Sharing
0x0000000005730000 	/System/Library/Frameworks/CoreGraphics.framework/Versions/A/CoreGraphics
0x0000000005730000 	/System/Library/Frameworks/CoreText.framework/Versions/A/CoreText
0x0000000005730000 	/System/Library/Frameworks/ImageIO.framework/Versions/A/ImageIO
0x0000000005730000 	/usr/lib/libextension.dylib
0x0000000005730000 	/System/Library/PrivateFrameworks/Backup.framework/Versions/A/Backup
0x0000000005730000 	/usr/lib/libarchive.2.dylib
0x0000000005730000 	/System/Library/Frameworks/CFNetwork.framework/Versions/A/CFNetwork
0x0000000005730000 	/System/Library/Frameworks/SystemConfiguration.framework/Versions/A/SystemConfiguration
0x0000000005730000 	/usr/lib/libCRFSuite.dylib
0x0000000005730000 	/usr/lib/libc++.1.dylib
0x0000000005730000 	/usr/lib/libc++abi.dylib
0x0000000005730000 	/usr/lib/system/libcache.dylib
0x0000000005730000 	/usr/lib/system/libcommonCrypto.dylib
0x0000000005730000 	/usr/lib/system/libcompiler_rt.dylib
0x0000000005730000 	/usr/lib/system/libcopyfile.dylib
0x0000000005730000 	/usr/lib/system/libcorecrypto.dylib
0x0000000005730000 	/usr/lib/system/libdispatch.dylib
0x0000000005730000 	/usr/lib/system/libdyld.dylib
0x0000000005730000 	/usr/lib/system/libkeymgr.dylib
0x0000000005730000 	/usr/lib/system/liblaunch.dylib
0x0000000005730000 	/usr/lib/system/libmacho.dylib
0x0000000005730000 	/usr/lib/system/libquarantine.dylib
0x0000000005730000 	/usr/lib/system/libremovefile.dylib
0x0000000005730000 	/usr/lib/system/libsystem_asl.dylib
0x0000000005730000 	/usr/lib/system/libsystem_blocks.dylib
0x0000000005730000 	/usr/lib/system/libsystem_c.dylib
0x0000000005730000 	/usr/lib/system/libsystem_configuration.dylib
0x0000000005730000 	/usr/lib/system/libsystem_coreservices.dylib
0x0000000005730000 	/usr/lib/system/libsystem_coretls.dylib
0x0000000005730000 	/usr/lib/system/libsystem_dnssd.dylib
0x0000000005730000 	/usr/lib/system/libsystem_info.dylib
0x0000000005730000 	/usr/lib/system/libsystem_kernel.dylib
0x0000000005730000 	/usr/lib/system/libsystem_m.dylib
0x0000000005730000 	/usr/lib/system/libsystem_malloc.dylib
0x0000000005730000 	/usr/lib/system/libsystem_network.dylib
0x0000000005730000 	/usr/lib/system/libsystem_networkextension.dylib
0x0000000005730000 	/usr/lib/system/libsystem_notify.dylib
0x0000000005730000 	/usr/lib/system/libsystem_platform.dylib
0x0000000005730000 	/usr/lib/system/libsystem_pthread.dylib
0x0000000005730000 	/usr/lib/system/libsystem_sandbox.dylib
0x0000000005730000 	/usr/lib/system/libsystem_secinit.dylib
0x0000000005730000 	/usr/lib/system/libsystem_stats.dylib
0x0000000005730000 	/usr/lib/system/libsystem_trace.dylib
0x0000000005730000 	/usr/lib/system/libunc.dylib
0x0000000005730000 	/usr/lib/system/libunwind.dylib
0x0000000005730000 	/usr/lib/system/libxpc.dylib
0x0000000005730000 	/usr/lib/libbz2.1.0.dylib
0x0000000005730000 	/usr/lib/liblzma.5.dylib
0x0000000005730000 	/usr/lib/libbsm.0.dylib
0x0000000005730000 	/usr/lib/libsqlite3.dylib
0x0000000005730000 	/usr/lib/system/libkxld.dylib
0x0000000005730000 	/usr/lib/libxar.1.dylib
0x0000000005730000 	/usr/lib/libpam.2.dylib
0x0000000005730000 	/usr/lib/libOpenScriptingUtil.dylib
0x0000000005730000 	/System/Library/Frameworks/CoreServices.framework/Versions/A/Frameworks/FSEvents.framework/Versions/A/FSEvents
0x0000000005730000 	/System/Library/Frameworks/CoreServices.framework/Versions/A/Frameworks/CarbonCore.framework/Versions/A/CarbonCore
0x0000000005730000 	/System/Library/Frameworks/CoreServices.framework/Versions/A/Frameworks/Metadata.framework/Versions/A/Metadata
0x0000000005730000 	/System/Library/Frameworks/CoreServices.framework/Versions/A/Frameworks/OSServices.framework/Versions/A/OSServices
0x0000000005730000 	/System/Library/Frameworks/CoreServices.framework/Versions/A/Frameworks/SearchKit.framework/Versions/A/SearchKit
0x0000000005730000 	/System/Library/Frameworks/CoreServices.framework/Versions/A/Frameworks/AE.framework/Versions/A/AE
0x0000000005730000 	/System/Library/Frameworks/CoreServices.framework/Versions/A/Frameworks/LaunchServices.framework/Versions/A/LaunchServices
0x0000000005730000 	/System/Library/Frameworks/CoreServices.framework/Versions/A/Frameworks/DictionaryServices.framework/Versions/A/DictionaryServices
0x0000000005730000 	/System/Library/Frameworks/NetFS.framework/Versions/A/NetFS
0x0000000005730000 	/System/Library/PrivateFrameworks/NetAuth.framework/Versions/A/NetAuth
0x0000000005730000 	/System/Library/PrivateFrameworks/login.framework/Versions/A/Frameworks/loginsupport.framework/Versions/A/loginsupport
0x0000000005730000 	/System/Library/PrivateFrameworks/TCC.framework/Versions/A/TCC
0x0000000005730000 	/System/Library/Frameworks/OpenDirectory.framework/Versions/A/Frameworks/CFOpenDirectory.framework/Versions/A/CFOpenDirectory
0x0000000005730000 	/System/Library/Frameworks/ServiceManagement.framework/Versions/A/ServiceManagement
0x0000000005730000 	/usr/lib/libxslt.1.dylib
0x0000000005730000 	/System/Library/Frameworks/Carbon.framework/Versions/A/Frameworks/Ink.framework/Versions/A/Ink
0x0000000005730000 	/System/Library/Frameworks/ApplicationServices.framework/Versions/A/Frameworks/ATS.framework/Versions/A/ATS
0x0000000005730000 	/System/Library/Frameworks/ApplicationServices.framework/Versions/A/Frameworks/ColorSync.framework/Versions/A/ColorSync
0x0000000005730000 	/System/Library/Frameworks/ApplicationServices.framework/Versions/A/Frameworks/HIServices.framework/Versions/A/HIServices
0x0000000005730000 	/System/Library/Frameworks/ApplicationServices.framework/Versions/A/Frameworks/LangAnalysis.framework/Versions/A/LangAnalysis
0x0000000005730000 	/System/Library/Frameworks/ApplicationServices.framework/Versions/A/Frameworks/PrintCore.framework/Versions/A/PrintCore
0x0000000005730000 	/System/Library/Frameworks/ApplicationServices.framework/Versions/A/Frameworks/QD.framework/Versions/A/QD
0x0000000005730000 	/System/Library/Frameworks/ApplicationServices.framework/Versions/A/Frameworks/SpeechSynthesis.framework/Versions/A/SpeechSynthesis
0x0000000005730000 	/System/Library/Frameworks/IOSurface.framework/Versions/A/IOSurface
0x0000000005730000 	/System/Library/Frameworks/Accelerate.framework/Versions/A/Accelerate
0x0000000005730000 	/System/Library/Frameworks/Accelerate.framework/Versions/A/Frameworks/vImage.framework/Versions/A/vImage
0x0000000005730000 	/System/Library/Frameworks/Accelerate.framework/Versions/A/Frameworks/vecLib.framework/Versions/A/vecLib
0x0000000005730000 	/System/Library/Frameworks/Accelerate.framework/Versions/A/Frameworks/vecLib.framework/Versions/A/libvDSP.dylib
0x0000000005730000 	/System/Library/Frameworks/Accelerate.framework/Versions/A/Frameworks/vecLib.framework/Versions/A/libvMisc.dylib
0x0000000005730000 	/System/Library/Frameworks/Accelerate.framework/Versions/A/Frameworks/vecLib.framework/Versions/A/libLAPACK.dylib
0x0000000005730000 	/System/Library/Frameworks/Accelerate.framework/Versions/A/Frameworks/vecLib.framework/Versions/A/libBLAS.dylib
0x0000000005730000 	/System/Library/Frameworks/Accelerate.framework/Versions/A/Frameworks/vecLib.framework/Versions/A/libLinearAlgebra.dylib
0x0000000005730000 	/System/Library/Frameworks/ApplicationServices.framework/Versions/A/Frameworks/ATS.framework/Versions/A/Resources/libFontParser.dylib
0x0000000005730000 	/System/Library/Frameworks/ApplicationServices.framework/Versions/A/Frameworks/ATS.framework/Versions/A/Resources/libFontRegistry.dylib
0x0000000005730000 	/System/Library/PrivateFrameworks/AppleVPA.framework/Versions/A/AppleVPA
0x0000000005730000 	/System/Library/PrivateFrameworks/AppleJPEG.framework/Versions/A/AppleJPEG
0x0000000005730000 	/System/Library/Frameworks/ImageIO.framework/Versions/A/Resources/libJPEG.dylib
0x0000000005730000 	/System/Library/Frameworks/ImageIO.framework/Versions/A/Resources/libTIFF.dylib
0x0000000005730000 	/System/Library/Frameworks/ImageIO.framework/Versions/A/Resources/libPng.dylib
0x0000000005730000 	/System/Library/Frameworks/ImageIO.framework/Versions/A/Resources/libGIF.dylib
0x0000000005730000 	/System/Library/Frameworks/ImageIO.framework/Versions/A/Resources/libJP2.dylib
0x0000000005730000 	/System/Library/Frameworks/ImageIO.framework/Versions/A/Resources/libRadiance.dylib
0x0000000005730000 	/System/Library/Frameworks/CoreVideo.framework/Versions/A/CoreVideo
0x0000000005730000 	/System/Library/Frameworks/OpenGL.framework/Versions/A/Libraries/libGLU.dylib
0x0000000005730000 	/System/Library/Frameworks/OpenGL.framework/Versions/A/Libraries/libGFXShared.dylib
0x0000000005730000 	/System/Library/Frameworks/OpenGL.framework/Versions/A/Libraries/libGL.dylib
0x0000000005730000 	/System/Library/Frameworks/OpenGL.framework/Versions/A/Libraries/libGLImage.dylib
0x0000000005730000 	/System/Library/Frameworks/OpenGL.framework/Versions/A/Libraries/libCVMSPluginSupport.dylib
0x0000000005730000 	/System/Library/Frameworks/OpenGL.framework/Versions/A/Libraries/libCoreVMClient.dylib
0x0000000005730000 	/usr/lib/libcups.2.dylib
0x0000000005730000 	/System/Library/Frameworks/Kerberos.framework/Versions/A/Kerberos
0x0000000005730000 	/System/Library/Frameworks/GSS.framework/Versions/A/GSS
0x0000000005730000 	/usr/lib/libresolv.9.dylib
0x0000000005730000 	/usr/lib/libiconv.2.dylib
0x0000000005730000 	/System/Library/PrivateFrameworks/Heimdal.framework/Versions/A/Heimdal
0x0000000005730000 	/usr/lib/libheimdal-asn1.dylib
0x0000000005730000 	/System/Library/Frameworks/OpenDirectory.framework/Versions/A/OpenDirectory
0x0000000005730000 	/System/Library/PrivateFrameworks/CommonAuth.framework/Versions/A/CommonAuth
0x0000000005730000 	/System/Library/Frameworks/SecurityFoundation.framework/Versions/A/SecurityFoundation
0x0000000005730000 	/System/Library/Frameworks/QuartzCore.framework/Versions/A/Frameworks/CoreImage.framework/Versions/A/CoreImage
0x0000000005730000 	/System/Library/PrivateFrameworks/CrashReporterSupport.framework/Versions/A/CrashReporterSupport
0x0000000005730000 	/System/Library/Frameworks/OpenCL.framework/Versions/A/OpenCL
0x0000000005730000 	/System/Library/PrivateFrameworks/FaceCore.framework/Versions/A/FaceCore
0x0000000005730000 	/System/Library/PrivateFrameworks/Ubiquity.framework/Versions/A/Ubiquity
0x0000000005730000 	/System/Library/PrivateFrameworks/IconServices.framework/Versions/A/IconServices
0x0000000005730000 	/System/Library/PrivateFrameworks/ChunkingLibrary.framework/Versions/A/ChunkingLibrary
0x0000000005730000 	/System/Library/PrivateFrameworks/Apple80211.framework/Versions/A/Apple80211
0x0000000005730000 	/System/Library/Frameworks/CoreWLAN.framework/Versions/A/CoreWLAN
0x0000000005730000 	/System/Library/Frameworks/IOBluetooth.framework/Versions/A/IOBluetooth
0x0000000005730000 	/System/Library/Frameworks/CoreWiFi.framework/Versions/A/CoreWiFi
0x0000000005730000 	/System/Library/Frameworks/CoreBluetooth.framework/Versions/A/CoreBluetooth
0x0000000005730000 	/System/Library/PrivateFrameworks/DebugSymbols.framework/Versions/A/DebugSymbols
0x0000000005730000 	/System/Library/PrivateFrameworks/CoreSymbolication.framework/Versions/A/CoreSymbolication
0x0000000005730000 	/System/Library/PrivateFrameworks/Symbolication.framework/Versions/A/Symbolication
0x0000000005730000 	/System/Library/PrivateFrameworks/SpeechRecognitionCore.framework/Versions/A/SpeechRecognitionCore
0x0000000109628000 	/System/Library/CoreServices/Encodings/libSimplifiedChineseConverter.dylib
0x000000010a000000 	/Library/Java/JavaVirtualMachines/jdk1.7.0_51.jdk/Contents/Home/jre/lib/server/libjvm.dylib
0x0000000005730000 	/usr/lib/libstdc++.6.dylib
0x0000000109705000 	/Library/Java/JavaVirtualMachines/jdk1.7.0_51.jdk/Contents/Home/jre/lib/libverify.dylib
0x0000000109712000 	/Library/Java/JavaVirtualMachines/jdk1.7.0_51.jdk/Contents/Home/jre/lib/libjava.dylib
0x000000010974c000 	/Library/Java/JavaVirtualMachines/jdk1.7.0_51.jdk/Contents/Home/jre/lib/libzip.dylib
0x0000000114327000 	/System/Library/Frameworks/JavaVM.framework/Frameworks/JavaRuntimeSupport.framework/JavaRuntimeSupport
0x000000011433d000 	/System/Library/Frameworks/JavaVM.framework/Versions/A/Frameworks/JavaNativeFoundation.framework/Versions/A/JavaNativeFoundation
0x00000001097f1000 	/System/Library/Frameworks/JavaVM.framework/Versions/A/JavaVM
0x0000000005730000 	/System/Library/Frameworks/Carbon.framework/Versions/A/Carbon
0x0000000114351000 	/System/Library/PrivateFrameworks/JavaLaunching.framework/Versions/A/JavaLaunching
0x0000000005730000 	/System/Library/Frameworks/Carbon.framework/Versions/A/Frameworks/CommonPanels.framework/Versions/A/CommonPanels
0x0000000005730000 	/System/Library/Frameworks/Carbon.framework/Versions/A/Frameworks/Help.framework/Versions/A/Help
0x0000000005730000 	/System/Library/Frameworks/Carbon.framework/Versions/A/Frameworks/ImageCapture.framework/Versions/A/ImageCapture
0x0000000005730000 	/System/Library/Frameworks/Carbon.framework/Versions/A/Frameworks/OpenScripting.framework/Versions/A/OpenScripting
0x0000000005730000 	/System/Library/Frameworks/Carbon.framework/Versions/A/Frameworks/Print.framework/Versions/A/Print
0x0000000005730000 	/System/Library/Frameworks/Carbon.framework/Versions/A/Frameworks/SecurityHI.framework/Versions/A/SecurityHI
0x000000011609b000 	/Library/Java/JavaVirtualMachines/jdk1.7.0_51.jdk/Contents/Home/jre/lib/libawt.dylib
0x000000011614a000 	/Library/Java/JavaVirtualMachines/jdk1.7.0_51.jdk/Contents/Home/jre/lib/./libmlib_image.dylib
0x0000000116216000 	/Library/Java/JavaVirtualMachines/jdk1.7.0_51.jdk/Contents/Home/jre/lib/lwawt/liblwawt.dylib
0x00000001162ca000 	/Library/Java/JavaVirtualMachines/jdk1.7.0_51.jdk/Contents/Home/jre/lib/libosxapp.dylib
0x0000000005730000 	/System/Library/Frameworks/ExceptionHandling.framework/Versions/A/ExceptionHandling
0x0000000005730000 	/System/Library/PrivateFrameworks/CoreServicesInternal.framework/Versions/A/CoreServicesInternal
0x0000000005730000 	/System/Library/PrivateFrameworks/CloudDocs.framework/Versions/A/CloudDocs
0x0000000005730000 	/System/Library/PrivateFrameworks/CoreDuet.framework/Versions/A/CoreDuet
0x0000000005730000 	/System/Library/Frameworks/CloudKit.framework/Versions/A/CloudKit
0x0000000005730000 	/System/Library/PrivateFrameworks/ProtocolBuffer.framework/Versions/A/ProtocolBuffer
0x0000000005730000 	/System/Library/PrivateFrameworks/CoreDuetDaemonProtocol.framework/Versions/A/CoreDuetDaemonProtocol
0x0000000005730000 	/System/Library/PrivateFrameworks/CoreDuetDebugLogging.framework/Versions/A/CoreDuetDebugLogging
0x0000000005730000 	/System/Library/Frameworks/CoreLocation.framework/Versions/A/CoreLocation
0x0000000005730000 	/System/Library/Frameworks/Accounts.framework/Versions/A/Accounts
0x0000000005730000 	/System/Library/PrivateFrameworks/ApplePushService.framework/Versions/A/ApplePushService
0x0000000005730000 	/System/Library/PrivateFrameworks/GeoServices.framework/Versions/A/GeoServices
0x0000000005730000 	/System/Library/PrivateFrameworks/OAuth.framework/Versions/A/OAuth
0x0000000005730000 	/System/Library/PrivateFrameworks/CoreDaemon.framework/Versions/B/CoreDaemon
0x0000000005730000 	/usr/lib/libcrypto.0.9.8.dylib
0x0000000005730000 	/System/Library/PrivateFrameworks/AppleSRP.framework/Versions/A/AppleSRP
0x0000000005730000 	/System/Library/PrivateFrameworks/TrustEvaluationAgent.framework/Versions/A/TrustEvaluationAgent
0x0000000005730000 	/System/Library/Frameworks/CoreGraphics.framework/Versions/A/Resources/libCGCMS.A.dylib
0x0000000005730000 	/System/Library/Frameworks/CoreGraphics.framework/Versions/A/Resources/libRIP.A.dylib
0x0000000005730000 	/System/Library/Frameworks/CoreGraphics.framework/Versions/A/Resources/libCGXType.A.dylib
0x0000000005730000 	/System/Library/Frameworks/OpenCL.framework/Versions/A/Libraries/libcldcpuengine.dylib
0x0000000005730000 	/System/Library/PrivateFrameworks/DiskImages.framework/Versions/A/DiskImages
0x0000000005730000 	/System/Library/Frameworks/DiscRecording.framework/Versions/A/DiscRecording
0x0000000005730000 	/usr/lib/libcsfde.dylib
0x0000000005730000 	/usr/lib/libcurl.4.dylib
0x0000000005730000 	/System/Library/PrivateFrameworks/MediaKit.framework/Versions/A/MediaKit
0x0000000005730000 	/System/Library/PrivateFrameworks/ProtectedCloudStorage.framework/Versions/A/ProtectedCloudStorage
0x0000000005730000 	/usr/lib/libCoreStorage.dylib
0x0000000005730000 	/System/Library/PrivateFrameworks/EFILogin.framework/Versions/A/EFILogin
0x0000000005730000 	/usr/lib/libutil.dylib
0x0000000005730000 	/System/Library/PrivateFrameworks/FindMyDevice.framework/Versions/A/FindMyDevice
0x0000000005730000 	/System/Library/Frameworks/LDAP.framework/Versions/A/LDAP
0x0000000005730000 	/usr/lib/libsasl2.2.dylib
0x0000000118691000 	cl_kernels
0x0000000118693000 	/System/Library/Frameworks/OpenCL.framework/Versions/A/Libraries/ImageFormats/unorm8_bgra.dylib
0x0000000118682000 	cl_kernels
0x0000000005730000 	/System/Library/PrivateFrameworks/FamilyControls.framework/Versions/A/FamilyControls
0x0000000005730000 	/System/Library/PrivateFrameworks/CommerceKit.framework/Versions/A/Frameworks/CommerceCore.framework/Versions/A/CommerceCore
0x0000000005730000 	/System/Library/PrivateFrameworks/SystemAdministration.framework/Versions/A/SystemAdministration
0x0000000005730000 	/System/Library/PrivateFrameworks/AppContainer.framework/Versions/A/AppContainer
0x0000000005730000 	/System/Library/PrivateFrameworks/SecCodeWrapper.framework/Versions/A/SecCodeWrapper
0x0000000005730000 	/System/Library/Frameworks/DirectoryService.framework/Versions/A/DirectoryService
0x0000000005730000 	/System/Library/PrivateFrameworks/LoginUIKit.framework/Versions/A/Frameworks/LoginUICore.framework/Versions/A/LoginUICore
0x0000000005730000 	/usr/lib/libodfde.dylib
0x0000000119e06000 	/Library/Java/JavaVirtualMachines/jdk1.7.0_51.jdk/Contents/Home/jre/lib/libfontmanager.dylib
0x0000000119e6d000 	/Users/smithdodo/Documents/workspace2/Pacman_rebuid/lwjgl-2.9.0/native/macosx/liblwjgl.jnilib
0x0000000118203000 	/Library/Java/JavaVirtualMachines/jdk1.7.0_51.jdk/Contents/Home/jre/lib/libjawt.dylib
0x0000000118206000 	/Library/Java/JavaVirtualMachines/jdk1.7.0_51.jdk/Contents/Home/jre/lib/libnio.dylib
0x0000000119ee8000 	/Library/Java/JavaVirtualMachines/jdk1.7.0_51.jdk/Contents/Home/jre/lib/./libnet.dylib
0x0000000005730000 	/System/Library/Frameworks/OpenGL.framework/Versions/A/Resources/GLEngine.bundle/GLEngine
0x0000000005730000 	/System/Library/Frameworks/OpenGL.framework/Versions/A/Libraries/libGLProgrammability.dylib
0x0000000000000000 	/System/Library/Extensions/AppleIntelHD4000GraphicsGLDriver.bundle/Contents/MacOS/AppleIntelHD4000GraphicsGLDriver
0x0000000005730000 	/System/Library/PrivateFrameworks/IOAccelerator.framework/Versions/A/IOAccelerator
0x0000000005730000 	/System/Library/PrivateFrameworks/GPUSupport.framework/Versions/A/Libraries/libGPUSupportMercury.dylib
0x0000000005730000 	/System/Library/Frameworks/OpenGL.framework/Versions/A/Resources/GLRendererFloat.bundle/GLRendererFloat
0x000000011a775000 	/Library/Java/JavaVirtualMachines/jdk1.7.0_51.jdk/Contents/Home/jre/lib/libjpeg.dylib

VM Arguments:
jvm_args: -Djava.library.path=/Users/smithdodo/Documents/workspace2/Pacman_rebuid/lwjgl-2.9.0/native/macosx -Dfile.encoding=UTF-8 
java_command: de.tu_darmstadt.gdi1.pacman.main.Main
Launcher Type: SUN_STANDARD

Environment Variables:
PATH=/usr/bin:/bin:/usr/sbin:/sbin
SHELL=/bin/bash

Signal Handlers:
SIGSEGV: [libjvm.dylib+0x525425], sa_mask[0]=0xfffefeff, sa_flags=0x00000043
SIGBUS: [libjvm.dylib+0x525425], sa_mask[0]=0xfffefeff, sa_flags=0x00000042
SIGFPE: [libjvm.dylib+0x41892a], sa_mask[0]=0xfffefeff, sa_flags=0x00000042
SIGPIPE: [libjvm.dylib+0x41892a], sa_mask[0]=0xfffefeff, sa_flags=0x00000042
SIGXFSZ: [libjvm.dylib+0x41892a], sa_mask[0]=0xfffefeff, sa_flags=0x00000042
SIGILL: [libjvm.dylib+0x41892a], sa_mask[0]=0xfffefeff, sa_flags=0x00000042
SIGUSR1: SIG_DFL, sa_mask[0]=0x00000000, sa_flags=0x00000000
SIGUSR2: [libjvm.dylib+0x41841c], sa_mask[0]=0x00000004, sa_flags=0x00000042
SIGHUP: [libjvm.dylib+0x4166ab], sa_mask[0]=0xfffefeff, sa_flags=0x00000042
SIGINT: [libjvm.dylib+0x4166ab], sa_mask[0]=0xfffefeff, sa_flags=0x00000042
SIGTERM: [libjvm.dylib+0x4166ab], sa_mask[0]=0xfffefeff, sa_flags=0x00000042
SIGQUIT: [libjvm.dylib+0x4166ab], sa_mask[0]=0xfffefeff, sa_flags=0x00000042


---------------  S Y S T E M  ---------------

OS:Bsduname:Darwin 14.0.0 Darwin Kernel Version 14.0.0: Wed Jul 16 00:46:31 PDT 2014; root:xnu-2782.1.43.0.2~2/RELEASE_X86_64 x86_64
rlimit: STACK 8192k, CORE 0k, NPROC 709, NOFILE 10240, AS infinity
load average:1.73 1.50 1.47

CPU:total 4 (2 cores per cpu, 2 threads per core) family 6 model 58 stepping 9, cmov, cx8, fxsr, mmx, sse, sse2, sse3, ssse3, sse4.1, sse4.2, popcnt, avx, aes, erms, ht, tsc, tscinvbit, tscinv

Memory: 4k page, physical 8388608k(2097152k free)

/proc/meminfo:


vm_info: Java HotSpot(TM) 64-Bit Server VM (24.51-b03) for bsd-amd64 JRE (1.7.0_51-b13), built on Dec 18 2013 18:45:56 by "java_re" with gcc 4.2.1 (Based on Apple Inc. build 5658) (LLVM build 2336.11.00)

time: Sun Jul 27 21:51:03 2014
elapsed time: 25 seconds

