#
# A fatal error has been detected by the Java Runtime Environment:
#
#  SIGSEGV (0xb) at pc=0x00007fff8c7db8f2, pid=26227, tid=1299
#
# JRE version: Java(TM) SE Runtime Environment (7.0_51-b13) (build 1.7.0_51-b13)
# Java VM: Java HotSpot(TM) 64-Bit Server VM (24.51-b03 mixed mode bsd-amd64 compressed oops)
# Problematic frame:
# C  [libGPUSupportMercury.dylib+0xb8f2]  gldAttachDrawable+0x60
#
# Failed to write core dump. Core dumps have been disabled. To enable core dumping, try "ulimit -c unlimited" before starting Java again
#
# If you would like to submit a bug report, please visit:
#   http://bugreport.sun.com/bugreport/crash.jsp
# The crash happened outside the Java Virtual Machine in native code.
# See problematic frame for where to report the bug.
#

---------------  T H R E A D  ---------------

Current thread (0x00007fdfa9061800):  JavaThread "AppKit Thread" daemon [_thread_in_native, id=1299, stack(0x00007fff5620d000,0x00007fff5628d000)]

siginfo:si_signo=SIGSEGV: si_errno=0, si_code=0 (SEGV0), si_addr=0x0000000000000000

Registers:
RAX=0x4000000000000000, RBX=0x000000000000271e, RCX=0x0000000000000000, RDX=0x00007fdfa8e7b138
RSP=0x00007fff562878b0, RBP=0x00007fff562879b0, RSI=0x0000000000000050, RDI=0x00007fff76089070
R8 =0x00007fdfac009e60, R9 =0x00007fdfab800000, R10=0x000000000000003c, R11=0x0000000000000206
R12=0x0000000000002718, R13=0x00007fdfaa919800, R14=0x0000000000000050, R15=0x0000000000000000
RIP=0x00007fff8c7db8f2, EFLAGS=0x0000000000010212, ERR=0x0000000000000000
  TRAPNO=0x000000000000000d

Top of Stack: (sp=0x00007fff562878b0)
0x00007fff562878b0:   00000000000a74fb 00007fdfa8c12cb4
0x00007fff562878c0:   0000000000000100 00007fdfa8c12c90
0x00007fff562878d0:   00000000562878f0 00007fff86c9660f
0x00007fff562878e0:   0000000000000000 4000000000000000
0x00007fff562878f0:   0000000300000003 00007fff56287a38
0x00007fff56287900:   00007fff562879c4 0000000000026f6f
0x00007fff56287910:   00007fff562879bc 00007fff562879c0
0x00007fff56287920:   00007fff562879a0 00007fff920aebfa
0x00007fff56287930:   0000000000000000 00000000000038ff
0x00007fff56287940:   0000003400001200 0000020b00000000
0x00007fff56287950:   00007fff56287980 00007fff9205ed10
0x00007fff56287960:   00007fff562879b0 00000000000038ff
0x00007fff56287970:   00000000042732c0 0000000031fbfa8a
0x00007fff56287980:   3d0080c1dd689911 00007fdfac000000
0x00007fff56287990:   0000000000002718 0000000000000000
0x00007fff562879a0:   0000000000000050 0000000000000000
0x00007fff562879b0:   00007fff56287a00 00007fff8d067944
0x00007fff562879c0:   00007fdfac009e60 0000000000000000
0x00007fff562879d0:   00007fdfa8e7b138 00007fdfa8f4b320
0x00007fff562879e0:   0000000000000000 00007fdfaa0b1750
0x00007fff562879f0:   00007fdfaa0af800 00007fff76089070
0x00007fff56287a00:   00007fff56287af0 00007fff85c408c0
0x00007fff56287a10:   4089000000000000 4070200000000000
0x00007fff56287a20:   406d200000000000 4085e00000000000
0x00007fff56287a30:   407c900000000000 0000000000000000
0x00007fff56287a40:   4036000000000000 4085e00000000000
0x00007fff56287a50:   407b300000000000 0000000000000000
0x00007fff56287a60:   0000000000000000 0000000000000001
0x00007fff56287a70:   00007fdfa8e7b138 0000000000000001
0x00007fff56287a80:   00007fff56287af0 00007fff85c456ad
0x00007fff56287a90:   0000000100000003 00007fdfaa0b1750
0x00007fff56287aa0:   00007fdfaa0b1688 000000020000ffff 

Instructions: (pc=0x00007fff8c7db8f2)
0x00007fff8c7db8d2:   48 85 d2 b8 01 00 00 00 bb 15 27 00 00 0f 44 d8
0x00007fff8c7db8e2:   e9 7f 01 00 00 49 8b 45 08 48 89 85 38 ff ff ff
0x00007fff8c7db8f2:   48 8b 00 48 89 85 30 ff ff ff 83 fe 4f 0f 8f fd
0x00007fff8c7db902:   00 00 00 48 89 d0 bb 15 27 00 00 83 fe 35 0f 84 

Register to memory mapping:

RAX=0x4000000000000000 is an unknown value
RBX=0x000000000000271e is an unknown value
RCX=0x0000000000000000 is an unknown value
RDX=0x00007fdfa8e7b138 is an unknown value
RSP=0x00007fff562878b0 is pointing into the stack for thread: 0x00007fdfa9061800
RBP=0x00007fff562879b0 is pointing into the stack for thread: 0x00007fdfa9061800
RSI=0x0000000000000050 is an unknown value
RDI=0x00007fff76089070: __stack_chk_guard+0 in /usr/lib/system/libsystem_c.dylib at 0x00007fff88c07000
R8 =0x00007fdfac009e60 is an unknown value
R9 =0x00007fdfab800000 is an unknown value
R10=0x000000000000003c is an unknown value
R11=0x0000000000000206 is an unknown value
R12=0x0000000000002718 is an unknown value
R13=0x00007fdfaa919800 is an unknown value
R14=0x0000000000000050 is an unknown value
R15=0x0000000000000000 is an unknown value


Stack: [0x00007fff5620d000,0x00007fff5628d000],  sp=0x00007fff562878b0,  free space=490k
Native frames: (J=compiled Java code, j=interpreted, Vv=VM code, C=native code)
C  [libGPUSupportMercury.dylib+0xb8f2]  gldAttachDrawable+0x60
C  [GLEngine+0x16944]  gliAttachDrawableWithOptions+0x101
C  [OpenGL+0x38c0]  glcGetIOAccelService+0xe03
C  [OpenGL+0x7454]  CGLSetPBuffer+0xb90
C  [OpenGL+0x7777]  CGLSetSurface+0x124
C  [AppKit+0x2c3345]  -[NSOpenGLContext setView:]+0x2ad
C  [liblwjgl.jnilib+0x966e]  -[MacOSXOpenGLView lockFocus]+0x6e
C  [AppKit+0x14d254]  -[NSView _recursiveDisplayRectIfNeededIgnoringOpacity:isVisibleRect:rectIsVisibleRectForView:topView:]+0x740
C  [AppKit+0x14e2af]  -[NSView _recursiveDisplayRectIfNeededIgnoringOpacity:isVisibleRect:rectIsVisibleRectForView:topView:]+0x179b
C  [AppKit+0x14c5fe]  -[NSThemeFrame _recursiveDisplayRectIfNeededIgnoringOpacity:isVisibleRect:rectIsVisibleRectForView:topView:]+0x14d
C  [AppKit+0x14913a]  -[NSView _displayRectIgnoringOpacity:isVisibleRect:rectIsVisibleRectForView:]+0xac9
C  [AppKit+0x12836d]  -[NSView displayIfNeeded]+0x754
C  [AppKit+0x1450b5]  -[NSWindow displayIfNeeded]+0xe8
C  [AppKit+0x181da2]  _handleWindowNeedsDisplayOrLayoutOrUpdateConstraints+0x3a8
C  [AppKit+0x749bc1]  __83-[NSWindow _postWindowNeedsDisplayOrLayoutOrUpdateConstraintsUnlessPostingDisabled]_block_invoke1505+0x2e
C  [CoreFoundation+0x80837]  __CFRUNLOOP_IS_CALLING_OUT_TO_AN_OBSERVER_CALLBACK_FUNCTION__+0x17
C  [CoreFoundation+0x80790]  __CFRunLoopDoObservers+0x170
C  [CoreFoundation+0x722a4]  __CFRunLoopRun+0x364
C  [CoreFoundation+0x71cf8]  CFRunLoopRunSpecific+0x128
C  [HIToolbox+0x2e72f]  RunCurrentEventLoopInMode+0xeb
C  [HIToolbox+0x2e3a6]  ReceiveNextEventCommon+0xb3
C  [HIToolbox+0x2e2e3]  _BlockUntilNextEventMatchingListInModeWithFilter+0x47
C  [AppKit+0x23f05]  _DPSNextEvent+0x3e8
C  [AppKit+0x236d9]  -[NSApplication nextEventMatchingMask:untilDate:inMode:dequeue:]+0x8b
C  [libosxapp.dylib+0x16f4]  -[NSApplicationAWT nextEventMatchingMask:untilDate:inMode:dequeue:]+0x7c
C  [AppKit+0x17643]  -[NSApplication run]+0x252
C  [libosxapp.dylib+0x1557]  +[NSApplicationAWT runAWTLoopWithApp:]+0x9c
C  [liblwawt.dylib+0xdba9]  -[AWTStarter starter:]+0x369
C  [Foundation+0x65ad8]  __NSThreadPerformPerform+0x125
C  [CoreFoundation+0x81111]  __CFRUNLOOP_IS_CALLING_OUT_TO_A_SOURCE0_PERFORM_FUNCTION__+0x11
C  [CoreFoundation+0x72c8d]  __CFRunLoopDoSources0+0x10d
C  [CoreFoundation+0x722db]  __CFRunLoopRun+0x39b
C  [CoreFoundation+0x71cf8]  CFRunLoopRunSpecific+0x128
C  [java+0x73b0]  CreateExecutionEnvironment+0x367
C  [java+0x1b5c]  JLI_Launch+0x7a0
C  [java+0x770d]  main+0x65
C  [java+0x13b4]  start+0x34


---------------  P R O C E S S  ---------------

Java Threads: ( => current thread )
  0x00007fdfaa128800 JavaThread "AWT-Shutdown" [_thread_blocked, id=27431, stack(0x00000001146f5000,0x00000001147f5000)]
  0x00007fdfa998a000 JavaThread "Java2D Queue Flusher" daemon [_thread_blocked, id=54023, stack(0x000000011b668000,0x000000011b768000)]
  0x00007fdfaa93e000 JavaThread "Java2D Disposer" daemon [_thread_blocked, id=51487, stack(0x000000011aa09000,0x000000011ab09000)]
=>0x00007fdfa9061800 JavaThread "AppKit Thread" daemon [_thread_in_native, id=1299, stack(0x00007fff5620d000,0x00007fff5628d000)]
  0x00007fdfaa801000 JavaThread "Service Thread" daemon [_thread_blocked, id=17667, stack(0x00000001161fc000,0x00000001162fc000)]
  0x00007fdfa9021000 JavaThread "C2 CompilerThread1" daemon [_thread_blocked, id=17155, stack(0x00000001160f9000,0x00000001161f9000)]
  0x00007fdfa901f800 JavaThread "C2 CompilerThread0" daemon [_thread_blocked, id=16643, stack(0x0000000115ff6000,0x00000001160f6000)]
  0x00007fdfa9844800 JavaThread "Signal Dispatcher" daemon [_thread_blocked, id=13327, stack(0x0000000115ef3000,0x0000000115ff3000)]
  0x00007fdfa9831800 JavaThread "Finalizer" daemon [_thread_blocked, id=11523, stack(0x00000001145bd000,0x00000001146bd000)]
  0x00007fdfa982f000 JavaThread "Reference Handler" daemon [_thread_blocked, id=11011, stack(0x00000001144ba000,0x00000001145ba000)]
  0x00007fdfa9008800 JavaThread "main" [_thread_in_native, id=5379, stack(0x0000000109a9c000,0x0000000109b9c000)]

Other Threads:
  0x00007fdfa982e000 VMThread [stack: 0x00000001143b7000,0x00000001144b7000] [id=10499]
  0x00007fdfaa807000 WatcherThread [stack: 0x00000001162ff000,0x00000001163ff000] [id=18179]

VM state:not at safepoint (normal execution)

VM Mutex/Monitor currently owned by a thread: None

Heap
 PSYoungGen      total 72704K, used 44390K [0x00000007d5500000, 0x00000007de300000, 0x0000000800000000)
  eden space 67584K, 65% used [0x00000007d5500000,0x00000007d80599e8,0x00000007d9700000)
  from space 5120K, 0% used [0x00000007d9700000,0x00000007d9700000,0x00000007d9c00000)
  to   space 5120K, 0% used [0x00000007dde00000,0x00000007dde00000,0x00000007de300000)
 ParOldGen       total 137728K, used 32327K [0x0000000780000000, 0x0000000788680000, 0x00000007d5500000)
  object space 137728K, 23% used [0x0000000780000000,0x0000000781f91d58,0x0000000788680000)
 PSPermGen       total 21504K, used 8368K [0x000000077ae00000, 0x000000077c300000, 0x0000000780000000)
  object space 21504K, 38% used [0x000000077ae00000,0x000000077b62c210,0x000000077c300000)

Card table byte_map: [0x000000010df13000,0x000000010e33d000] byte_map_base: 0x000000010a33c000

Polling page: 0x0000000109bdb000

Code Cache  [0x000000010ae53000, 0x000000010b0c3000, 0x000000010de53000)
 total_blobs=670 nmethods=232 adapters=393 free_code_cache=48089Kb largest_free_block=49204736

Compilation events (10 events):
Event: 18.855 Thread 0x00007fdfa901f800  232             java.util.AbstractCollection::isEmpty (13 bytes)
Event: 18.856 Thread 0x00007fdfa901f800 nmethod 232 0x000000010af094d0 code [0x000000010af09620, 0x000000010af096b8]
Event: 18.856 Thread 0x00007fdfa901f800  233   !         de.tu_darmstadt.gdi1.pacman.model.Ghost::setCheckPointToNextFork (269 bytes)
Event: 18.877 Thread 0x00007fdfa901f800 nmethod 233 0x000000010af63c10 code [0x000000010af63e60, 0x000000010af64878]
Event: 20.771 Thread 0x00007fdfa9021000  234   !         org.lwjgl.opengl.Display::isCreated (17 bytes)
Event: 20.772 Thread 0x00007fdfa9021000 nmethod 234 0x000000010af07750 code [0x000000010af078a0, 0x000000010af07af8]
Event: 20.806 Thread 0x00007fdfa901f800  235             de.tu_darmstadt.gdi1.pacman.model.Figur::getCurrentPosition (5 bytes)
Event: 20.807 Thread 0x00007fdfa901f800 nmethod 235 0x000000010af07b90 code [0x000000010af07cc0, 0x000000010af07d38]
Event: 23.688 Thread 0x00007fdfa9021000  236             java.util.LinkedList::contains (15 bytes)
Event: 23.690 Thread 0x00007fdfa9021000 nmethod 236 0x000000010af09110 code [0x000000010af09260, 0x000000010af09378]

GC Heap History (8 events):
Event: 1.182 GC heap before
{Heap before GC invocations=1 (full 0):
 PSYoungGen      total 38912K, used 33792K [0x00000007d5500000, 0x00000007d8000000, 0x0000000800000000)
  eden space 33792K, 100% used [0x00000007d5500000,0x00000007d7600000,0x00000007d7600000)
  from space 5120K, 0% used [0x00000007d7b00000,0x00000007d7b00000,0x00000007d8000000)
  to   space 5120K, 0% used [0x00000007d7600000,0x00000007d7600000,0x00000007d7b00000)
 ParOldGen       total 87040K, used 0K [0x0000000780000000, 0x0000000785500000, 0x00000007d5500000)
  object space 87040K, 0% used [0x0000000780000000,0x0000000780000000,0x0000000785500000)
 PSPermGen       total 21504K, used 6971K [0x000000077ae00000, 0x000000077c300000, 0x0000000780000000)
  object space 21504K, 32% used [0x000000077ae00000,0x000000077b4ced18,0x000000077c300000)
Event: 1.201 GC heap after
Heap after GC invocations=1 (full 0):
 PSYoungGen      total 38912K, used 1899K [0x00000007d5500000, 0x00000007da100000, 0x0000000800000000)
  eden space 33792K, 0% used [0x00000007d5500000,0x00000007d5500000,0x00000007d7600000)
  from space 5120K, 37% used [0x00000007d7600000,0x00000007d77dad40,0x00000007d7b00000)
  to   space 5120K, 0% used [0x00000007d9c00000,0x00000007d9c00000,0x00000007da100000)
 ParOldGen       total 87040K, used 15511K [0x0000000780000000, 0x0000000785500000, 0x00000007d5500000)
  object space 87040K, 17% used [0x0000000780000000,0x0000000780f25fd0,0x0000000785500000)
 PSPermGen       total 21504K, used 6971K [0x000000077ae00000, 0x000000077c300000, 0x0000000780000000)
  object space 21504K, 32% used [0x000000077ae00000,0x000000077b4ced18,0x000000077c300000)
}
Event: 1.464 GC heap before
{Heap before GC invocations=2 (full 0):
 PSYoungGen      total 38912K, used 33288K [0x00000007d5500000, 0x00000007da100000, 0x0000000800000000)
  eden space 33792K, 92% used [0x00000007d5500000,0x00000007d73a7550,0x00000007d7600000)
  from space 5120K, 37% used [0x00000007d7600000,0x00000007d77dad40,0x00000007d7b00000)
  to   space 5120K, 0% used [0x00000007d9c00000,0x00000007d9c00000,0x00000007da100000)
 ParOldGen       total 87040K, used 15511K [0x0000000780000000, 0x0000000785500000, 0x00000007d5500000)
  object space 87040K, 17% used [0x0000000780000000,0x0000000780f25fd0,0x0000000785500000)
 PSPermGen       total 21504K, used 6971K [0x000000077ae00000, 0x000000077c300000, 0x0000000780000000)
  object space 21504K, 32% used [0x000000077ae00000,0x000000077b4ced18,0x000000077c300000)
Event: 1.467 GC heap after
Heap after GC invocations=2 (full 0):
 PSYoungGen      total 72704K, used 1090K [0x00000007d5500000, 0x00000007da100000, 0x0000000800000000)
  eden space 67584K, 0% used [0x00000007d5500000,0x00000007d5500000,0x00000007d9700000)
  from space 5120K, 21% used [0x00000007d9c00000,0x00000007d9d10900,0x00000007da100000)
  to   space 5120K, 0% used [0x00000007d9700000,0x00000007d9700000,0x00000007d9c00000)
 ParOldGen       total 87040K, used 15519K [0x0000000780000000, 0x0000000785500000, 0x00000007d5500000)
  object space 87040K, 17% used [0x0000000780000000,0x0000000780f27fd0,0x0000000785500000)
 PSPermGen       total 21504K, used 6971K [0x000000077ae00000, 0x000000077c300000, 0x0000000780000000)
  object space 21504K, 32% used [0x000000077ae00000,0x000000077b4ced18,0x000000077c300000)
}
Event: 1.981 GC heap before
{Heap before GC invocations=3 (full 0):
 PSYoungGen      total 72704K, used 68674K [0x00000007d5500000, 0x00000007da100000, 0x0000000800000000)
  eden space 67584K, 100% used [0x00000007d5500000,0x00000007d9700000,0x00000007d9700000)
  from space 5120K, 21% used [0x00000007d9c00000,0x00000007d9d10900,0x00000007da100000)
  to   space 5120K, 0% used [0x00000007d9700000,0x00000007d9700000,0x00000007d9c00000)
 ParOldGen       total 87040K, used 15519K [0x0000000780000000, 0x0000000785500000, 0x00000007d5500000)
  object space 87040K, 17% used [0x0000000780000000,0x0000000780f27fd0,0x0000000785500000)
 PSPermGen       total 21504K, used 8104K [0x000000077ae00000, 0x000000077c300000, 0x0000000780000000)
  object space 21504K, 37% used [0x000000077ae00000,0x000000077b5ea378,0x000000077c300000)
Event: 2.012 GC heap after
Heap after GC invocations=3 (full 0):
 PSYoungGen      total 72704K, used 1200K [0x00000007d5500000, 0x00000007de300000, 0x0000000800000000)
  eden space 67584K, 0% used [0x00000007d5500000,0x00000007d5500000,0x00000007d9700000)
  from space 5120K, 23% used [0x00000007d9700000,0x00000007d982c010,0x00000007d9c00000)
  to   space 5120K, 0% used [0x00000007dde00000,0x00000007dde00000,0x00000007de300000)
 ParOldGen       total 87040K, used 66165K [0x0000000780000000, 0x0000000785500000, 0x00000007d5500000)
  object space 87040K, 76% used [0x0000000780000000,0x000000078409d520,0x0000000785500000)
 PSPermGen       total 21504K, used 8104K [0x000000077ae00000, 0x000000077c300000, 0x0000000780000000)
  object space 21504K, 37% used [0x000000077ae00000,0x000000077b5ea378,0x000000077c300000)
}
Event: 2.012 GC heap before
{Heap before GC invocations=4 (full 1):
 PSYoungGen      total 72704K, used 1200K [0x00000007d5500000, 0x00000007de300000, 0x0000000800000000)
  eden space 67584K, 0% used [0x00000007d5500000,0x00000007d5500000,0x00000007d9700000)
  from space 5120K, 23% used [0x00000007d9700000,0x00000007d982c010,0x00000007d9c00000)
  to   space 5120K, 0% used [0x00000007dde00000,0x00000007dde00000,0x00000007de300000)
 ParOldGen       total 87040K, used 66165K [0x0000000780000000, 0x0000000785500000, 0x00000007d5500000)
  object space 87040K, 76% used [0x0000000780000000,0x000000078409d520,0x0000000785500000)
 PSPermGen       total 21504K, used 8104K [0x000000077ae00000, 0x000000077c300000, 0x0000000780000000)
  object space 21504K, 37% used [0x000000077ae00000,0x000000077b5ea378,0x000000077c300000)
Event: 2.050 GC heap after
Heap after GC invocations=4 (full 1):
 PSYoungGen      total 72704K, used 0K [0x00000007d5500000, 0x00000007de300000, 0x0000000800000000)
  eden space 67584K, 0% used [0x00000007d5500000,0x00000007d5500000,0x00000007d9700000)
  from space 5120K, 0% used [0x00000007d9700000,0x00000007d9700000,0x00000007d9c00000)
  to   space 5120K, 0% used [0x00000007dde00000,0x00000007dde00000,0x00000007de300000)
 ParOldGen       total 137728K, used 32327K [0x0000000780000000, 0x0000000788680000, 0x00000007d5500000)
  object space 137728K, 23% used [0x0000000780000000,0x0000000781f91d58,0x0000000788680000)
 PSPermGen       total 21504K, used 8103K [0x000000077ae00000, 0x000000077c300000, 0x0000000780000000)
  object space 21504K, 37% used [0x000000077ae00000,0x000000077b5e9d50,0x000000077c300000)
}

Deoptimization events (4 events):
Event: 0.810 Thread 0x00007fdfa9008800 Uncommon trap: reason=unloaded action=reinterpret pc=0x000000010aeceac4 method=java.io.BufferedReader.readLine(Z)Ljava/lang/String; @ 268
Event: 1.494 Thread 0x00007fdfa9061800 Uncommon trap: reason=null_check action=make_not_entrant pc=0x000000010aec43d0 method=java.lang.String.equals(Ljava/lang/Object;)Z @ 8
Event: 2.078 Thread 0x00007fdfa9008800 Uncommon trap: reason=unreached action=reinterpret pc=0x000000010af071a4 method=java.awt.image.ComponentColorModel.getDataElements(ILjava/lang/Object;)Ljava/lang/Object; @ 2993
Event: 2.079 Thread 0x00007fdfa9008800 Uncommon trap: reason=unreached action=reinterpret pc=0x000000010aeef2c8 method=sun.awt.image.ByteInterleavedRaster.getDataElements(IILjava/lang/Object;)Ljava/lang/Object; @ 43

Internal exceptions (10 events):
Event: 2.295 Thread 0x00007fdfa9008800 Threw 0x00000007d65ae598 at /HUDSON/workspace/7u-2-build-macosx-x86_64/jdk7u51/527/hotspot/src/share/vm/prims/jvm.cpp:1244
Event: 2.296 Thread 0x00007fdfa9008800 Threw 0x00000007d65b1910 at /HUDSON/workspace/7u-2-build-macosx-x86_64/jdk7u51/527/hotspot/src/share/vm/prims/jvm.cpp:1244
Event: 2.297 Thread 0x00007fdfa9008800 Threw 0x00000007d65b4de8 at /HUDSON/workspace/7u-2-build-macosx-x86_64/jdk7u51/527/hotspot/src/share/vm/prims/jvm.cpp:1244
Event: 2.300 Thread 0x00007fdfa9008800 Threw 0x00000007d65b7f80 at /HUDSON/workspace/7u-2-build-macosx-x86_64/jdk7u51/527/hotspot/src/share/vm/prims/jvm.cpp:1244
Event: 2.302 Thread 0x00007fdfa9008800 Threw 0x00000007d65bb750 at /HUDSON/workspace/7u-2-build-macosx-x86_64/jdk7u51/527/hotspot/src/share/vm/prims/jvm.cpp:1244
Event: 2.303 Thread 0x00007fdfa9008800 Threw 0x00000007d65bf6c0 at /HUDSON/workspace/7u-2-build-macosx-x86_64/jdk7u51/527/hotspot/src/share/vm/prims/jvm.cpp:1244
Event: 2.735 Thread 0x00007fdfa9008800 Threw 0x00000007d66c92e8 at /HUDSON/workspace/7u-2-build-macosx-x86_64/jdk7u51/527/hotspot/src/share/vm/prims/jvm.cpp:1244
Event: 2.749 Thread 0x00007fdfa9008800 Threw 0x00000007d66e8b30 at /HUDSON/workspace/7u-2-build-macosx-x86_64/jdk7u51/527/hotspot/src/share/vm/prims/jvm.cpp:1244
Event: 2.750 Thread 0x00007fdfa9008800 Threw 0x00000007d66eab80 at /HUDSON/workspace/7u-2-build-macosx-x86_64/jdk7u51/527/hotspot/src/share/vm/prims/jvm.cpp:1244
Event: 2.750 Thread 0x00007fdfa9008800 Threw 0x00000007d66ed190 at /HUDSON/workspace/7u-2-build-macosx-x86_64/jdk7u51/527/hotspot/src/share/vm/prims/jvm.cpp:1244

Events (10 events):
Event: 12.245 Thread 0x00007fdfaa128800 Thread exited: 0x00007fdfaa128800
Event: 15.389 Thread 0x00007fdfa9021000 flushing nmethod 0x000000010aeeef50
Event: 15.517 Thread 0x00007fdfa99be000 Thread added: 0x00007fdfa99be000
Event: 16.518 Executing VM operation: RevokeBias
Event: 16.518 Executing VM operation: RevokeBias done
Event: 16.518 Thread 0x00007fdfa99be000 Thread exited: 0x00007fdfa99be000
Event: 17.867 Thread 0x00007fdfa9021000 flushing nmethod 0x000000010af02bd0
Event: 24.342 Thread 0x00007fdfaa128800 Thread added: 0x00007fdfaa128800
Event: 25.378 loading class 0x00007fdfa8f4e4a0
Event: 25.378 loading class 0x00007fdfa8f4e4a0 done


Dynamic libraries:
0x0000000005730000 	/System/Library/Frameworks/Cocoa.framework/Versions/A/Cocoa
0x0000000005730000 	/System/Library/Frameworks/Security.framework/Versions/A/Security
0x0000000005730000 	/System/Library/Frameworks/ApplicationServices.framework/Versions/A/ApplicationServices
0x0000000005730000 	/usr/lib/libz.1.dylib
0x0000000005730000 	/usr/lib/libSystem.B.dylib
0x0000000005730000 	/usr/lib/libobjc.A.dylib
0x0000000005730000 	/System/Library/Frameworks/CoreFoundation.framework/Versions/A/CoreFoundation
0x0000000005730000 	/System/Library/Frameworks/Foundation.framework/Versions/C/Foundation
0x0000000005730000 	/System/Library/Frameworks/AppKit.framework/Versions/C/AppKit
0x0000000005730000 	/System/Library/Frameworks/CoreData.framework/Versions/A/CoreData
0x0000000005730000 	/System/Library/PrivateFrameworks/RemoteViewServices.framework/Versions/A/RemoteViewServices
0x0000000005730000 	/System/Library/PrivateFrameworks/UIFoundation.framework/Versions/A/UIFoundation
0x0000000005730000 	/System/Library/Frameworks/AudioToolbox.framework/Versions/A/AudioToolbox
0x0000000005730000 	/System/Library/Frameworks/AudioUnit.framework/Versions/A/AudioUnit
0x0000000005730000 	/System/Library/PrivateFrameworks/DataDetectorsCore.framework/Versions/A/DataDetectorsCore
0x0000000005730000 	/System/Library/PrivateFrameworks/DesktopServicesPriv.framework/Versions/A/DesktopServicesPriv
0x0000000005730000 	/System/Library/Frameworks/Carbon.framework/Versions/A/Frameworks/HIToolbox.framework/Versions/A/HIToolbox
0x0000000005730000 	/System/Library/Frameworks/QuartzCore.framework/Versions/A/QuartzCore
0x0000000005730000 	/System/Library/Frameworks/Carbon.framework/Versions/A/Frameworks/SpeechRecognition.framework/Versions/A/SpeechRecognition
0x0000000005730000 	/usr/lib/libauto.dylib
0x0000000005730000 	/usr/lib/libicucore.A.dylib
0x0000000005730000 	/usr/lib/libxml2.2.dylib
0x0000000005730000 	/System/Library/PrivateFrameworks/CoreUI.framework/Versions/A/CoreUI
0x0000000005730000 	/System/Library/Frameworks/CoreAudio.framework/Versions/A/CoreAudio
0x0000000005730000 	/System/Library/Frameworks/DiskArbitration.framework/Versions/A/DiskArbitration
0x0000000005730000 	/usr/lib/liblangid.dylib
0x0000000005730000 	/System/Library/PrivateFrameworks/MultitouchSupport.framework/Versions/A/MultitouchSupport
0x0000000005730000 	/System/Library/Frameworks/IOKit.framework/Versions/A/IOKit
0x0000000005730000 	/usr/lib/libDiagnosticMessagesClient.dylib
0x0000000005730000 	/System/Library/Frameworks/CoreServices.framework/Versions/A/CoreServices
0x0000000005730000 	/System/Library/PrivateFrameworks/PerformanceAnalysis.framework/Versions/A/PerformanceAnalysis
0x0000000005730000 	/System/Library/PrivateFrameworks/GenerationalStorage.framework/Versions/A/GenerationalStorage
0x0000000005730000 	/System/Library/Frameworks/OpenGL.framework/Versions/A/OpenGL
0x0000000005730000 	/System/Library/PrivateFrameworks/Sharing.framework/Versions/A/Sharing
0x0000000005730000 	/System/Library/Frameworks/CoreGraphics.framework/Versions/A/CoreGraphics
0x0000000005730000 	/System/Library/Frameworks/CoreText.framework/Versions/A/CoreText
0x0000000005730000 	/System/Library/Frameworks/ImageIO.framework/Versions/A/ImageIO
0x0000000005730000 	/usr/lib/libextension.dylib
0x0000000005730000 	/System/Library/PrivateFrameworks/Backup.framework/Versions/A/Backup
0x0000000005730000 	/usr/lib/libarchive.2.dylib
0x0000000005730000 	/System/Library/Frameworks/CFNetwork.framework/Versions/A/CFNetwork
0x0000000005730000 	/System/Library/Frameworks/SystemConfiguration.framework/Versions/A/SystemConfiguration
0x0000000005730000 	/usr/lib/libCRFSuite.dylib
0x0000000005730000 	/usr/lib/libc++.1.dylib
0x0000000005730000 	/usr/lib/libc++abi.dylib
0x0000000005730000 	/usr/lib/system/libcache.dylib
0x0000000005730000 	/usr/lib/system/libcommonCrypto.dylib
0x0000000005730000 	/usr/lib/system/libcompiler_rt.dylib
0x0000000005730000 	/usr/lib/system/libcopyfile.dylib
0x0000000005730000 	/usr/lib/system/libcorecrypto.dylib
0x0000000005730000 	/usr/lib/system/libdispatch.dylib
0x0000000005730000 	/usr/lib/system/libdyld.dylib
0x0000000005730000 	/usr/lib/system/libkeymgr.dylib
0x0000000005730000 	/usr/lib/system/liblaunch.dylib
0x0000000005730000 	/usr/lib/system/libmacho.dylib
0x0000000005730000 	/usr/lib/system/libquarantine.dylib
0x0000000005730000 	/usr/lib/system/libremovefile.dylib
0x0000000005730000 	/usr/lib/system/libsystem_asl.dylib
0x0000000005730000 	/usr/lib/system/libsystem_blocks.dylib
0x0000000005730000 	/usr/lib/system/libsystem_c.dylib
0x0000000005730000 	/usr/lib/system/libsystem_configuration.dylib
0x0000000005730000 	/usr/lib/system/libsystem_coreservices.dylib
0x0000000005730000 	/usr/lib/system/libsystem_coretls.dylib
0x0000000005730000 	/usr/lib/system/libsystem_dnssd.dylib
0x0000000005730000 	/usr/lib/system/libsystem_info.dylib
0x0000000005730000 	/usr/lib/system/libsystem_kernel.dylib
0x0000000005730000 	/usr/lib/system/libsystem_m.dylib
0x0000000005730000 	/usr/lib/system/libsystem_malloc.dylib
0x0000000005730000 	/usr/lib/system/libsystem_network.dylib
0x0000000005730000 	/usr/lib/system/libsystem_networkextension.dylib
0x0000000005730000 	/usr/lib/system/libsystem_notify.dylib
0x0000000005730000 	/usr/lib/system/libsystem_platform.dylib
0x0000000005730000 	/usr/lib/system/libsystem_pthread.dylib
0x0000000005730000 	/usr/lib/system/libsystem_sandbox.dylib
0x0000000005730000 	/usr/lib/system/libsystem_secinit.dylib
0x0000000005730000 	/usr/lib/system/libsystem_stats.dylib
0x0000000005730000 	/usr/lib/system/libsystem_trace.dylib
0x0000000005730000 	/usr/lib/system/libunc.dylib
0x0000000005730000 	/usr/lib/system/libunwind.dylib
0x0000000005730000 	/usr/lib/system/libxpc.dylib
0x0000000005730000 	/usr/lib/libbz2.1.0.dylib
0x0000000005730000 	/usr/lib/liblzma.5.dylib
0x0000000005730000 	/usr/lib/libbsm.0.dylib
0x0000000005730000 	/usr/lib/libsqlite3.dylib
0x0000000005730000 	/usr/lib/system/libkxld.dylib
0x0000000005730000 	/usr/lib/libxar.1.dylib
0x0000000005730000 	/usr/lib/libpam.2.dylib
0x0000000005730000 	/usr/lib/libOpenScriptingUtil.dylib
0x0000000005730000 	/System/Library/Frameworks/CoreServices.framework/Versions/A/Frameworks/FSEvents.framework/Versions/A/FSEvents
0x0000000005730000 	/System/Library/Frameworks/CoreServices.framework/Versions/A/Frameworks/CarbonCore.framework/Versions/A/CarbonCore
0x0000000005730000 	/System/Library/Frameworks/CoreServices.framework/Versions/A/Frameworks/Metadata.framework/Versions/A/Metadata
0x0000000005730000 	/System/Library/Frameworks/CoreServices.framework/Versions/A/Frameworks/OSServices.framework/Versions/A/OSServices
0x0000000005730000 	/System/Library/Frameworks/CoreServices.framework/Versions/A/Frameworks/SearchKit.framework/Versions/A/SearchKit
0x0000000005730000 	/System/Library/Frameworks/CoreServices.framework/Versions/A/Frameworks/AE.framework/Versions/A/AE
0x0000000005730000 	/System/Library/Frameworks/CoreServices.framework/Versions/A/Frameworks/LaunchServices.framework/Versions/A/LaunchServices
0x0000000005730000 	/System/Library/Frameworks/CoreServices.framework/Versions/A/Frameworks/DictionaryServices.framework/Versions/A/DictionaryServices
0x0000000005730000 	/System/Library/Frameworks/NetFS.framework/Versions/A/NetFS
0x0000000005730000 	/System/Library/PrivateFrameworks/NetAuth.framework/Versions/A/NetAuth
0x0000000005730000 	/System/Library/PrivateFrameworks/login.framework/Versions/A/Frameworks/loginsupport.framework/Versions/A/loginsupport
0x0000000005730000 	/System/Library/PrivateFrameworks/TCC.framework/Versions/A/TCC
0x0000000005730000 	/System/Library/Frameworks/OpenDirectory.framework/Versions/A/Frameworks/CFOpenDirectory.framework/Versions/A/CFOpenDirectory
0x0000000005730000 	/System/Library/Frameworks/ServiceManagement.framework/Versions/A/ServiceManagement
0x0000000005730000 	/usr/lib/libxslt.1.dylib
0x0000000005730000 	/System/Library/Frameworks/Carbon.framework/Versions/A/Frameworks/Ink.framework/Versions/A/Ink
0x0000000005730000 	/System/Library/Frameworks/ApplicationServices.framework/Versions/A/Frameworks/ATS.framework/Versions/A/ATS
0x0000000005730000 	/System/Library/Frameworks/ApplicationServices.framework/Versions/A/Frameworks/ColorSync.framework/Versions/A/ColorSync
0x0000000005730000 	/System/Library/Frameworks/ApplicationServices.framework/Versions/A/Frameworks/HIServices.framework/Versions/A/HIServices
0x0000000005730000 	/System/Library/Frameworks/ApplicationServices.framework/Versions/A/Frameworks/LangAnalysis.framework/Versions/A/LangAnalysis
0x0000000005730000 	/System/Library/Frameworks/ApplicationServices.framework/Versions/A/Frameworks/PrintCore.framework/Versions/A/PrintCore
0x0000000005730000 	/System/Library/Frameworks/ApplicationServices.framework/Versions/A/Frameworks/QD.framework/Versions/A/QD
0x0000000005730000 	/System/Library/Frameworks/ApplicationServices.framework/Versions/A/Frameworks/SpeechSynthesis.framework/Versions/A/SpeechSynthesis
0x0000000005730000 	/System/Library/Frameworks/IOSurface.framework/Versions/A/IOSurface
0x0000000005730000 	/System/Library/Frameworks/Accelerate.framework/Versions/A/Accelerate
0x0000000005730000 	/System/Library/Frameworks/Accelerate.framework/Versions/A/Frameworks/vImage.framework/Versions/A/vImage
0x0000000005730000 	/System/Library/Frameworks/Accelerate.framework/Versions/A/Frameworks/vecLib.framework/Versions/A/vecLib
0x0000000005730000 	/System/Library/Frameworks/Accelerate.framework/Versions/A/Frameworks/vecLib.framework/Versions/A/libvDSP.dylib
0x0000000005730000 	/System/Library/Frameworks/Accelerate.framework/Versions/A/Frameworks/vecLib.framework/Versions/A/libvMisc.dylib
0x0000000005730000 	/System/Library/Frameworks/Accelerate.framework/Versions/A/Frameworks/vecLib.framework/Versions/A/libLAPACK.dylib
0x0000000005730000 	/System/Library/Frameworks/Accelerate.framework/Versions/A/Frameworks/vecLib.framework/Versions/A/libBLAS.dylib
0x0000000005730000 	/System/Library/Frameworks/Accelerate.framework/Versions/A/Frameworks/vecLib.framework/Versions/A/libLinearAlgebra.dylib
0x0000000005730000 	/System/Library/Frameworks/ApplicationServices.framework/Versions/A/Frameworks/ATS.framework/Versions/A/Resources/libFontParser.dylib
0x0000000005730000 	/System/Library/Frameworks/ApplicationServices.framework/Versions/A/Frameworks/ATS.framework/Versions/A/Resources/libFontRegistry.dylib
0x0000000005730000 	/System/Library/PrivateFrameworks/AppleVPA.framework/Versions/A/AppleVPA
0x0000000005730000 	/System/Library/PrivateFrameworks/AppleJPEG.framework/Versions/A/AppleJPEG
0x0000000005730000 	/System/Library/Frameworks/ImageIO.framework/Versions/A/Resources/libJPEG.dylib
0x0000000005730000 	/System/Library/Frameworks/ImageIO.framework/Versions/A/Resources/libTIFF.dylib
0x0000000005730000 	/System/Library/Frameworks/ImageIO.framework/Versions/A/Resources/libPng.dylib
0x0000000005730000 	/System/Library/Frameworks/ImageIO.framework/Versions/A/Resources/libGIF.dylib
0x0000000005730000 	/System/Library/Frameworks/ImageIO.framework/Versions/A/Resources/libJP2.dylib
0x0000000005730000 	/System/Library/Frameworks/ImageIO.framework/Versions/A/Resources/libRadiance.dylib
0x0000000005730000 	/System/Library/Frameworks/CoreVideo.framework/Versions/A/CoreVideo
0x0000000005730000 	/System/Library/Frameworks/OpenGL.framework/Versions/A/Libraries/libGLU.dylib
0x0000000005730000 	/System/Library/Frameworks/OpenGL.framework/Versions/A/Libraries/libGFXShared.dylib
0x0000000005730000 	/System/Library/Frameworks/OpenGL.framework/Versions/A/Libraries/libGL.dylib
0x0000000005730000 	/System/Library/Frameworks/OpenGL.framework/Versions/A/Libraries/libGLImage.dylib
0x0000000005730000 	/System/Library/Frameworks/OpenGL.framework/Versions/A/Libraries/libCVMSPluginSupport.dylib
0x0000000005730000 	/System/Library/Frameworks/OpenGL.framework/Versions/A/Libraries/libCoreVMClient.dylib
0x0000000005730000 	/usr/lib/libcups.2.dylib
0x0000000005730000 	/System/Library/Frameworks/Kerberos.framework/Versions/A/Kerberos
0x0000000005730000 	/System/Library/Frameworks/GSS.framework/Versions/A/GSS
0x0000000005730000 	/usr/lib/libresolv.9.dylib
0x0000000005730000 	/usr/lib/libiconv.2.dylib
0x0000000005730000 	/System/Library/PrivateFrameworks/Heimdal.framework/Versions/A/Heimdal
0x0000000005730000 	/usr/lib/libheimdal-asn1.dylib
0x0000000005730000 	/System/Library/Frameworks/OpenDirectory.framework/Versions/A/OpenDirectory
0x0000000005730000 	/System/Library/PrivateFrameworks/CommonAuth.framework/Versions/A/CommonAuth
0x0000000005730000 	/System/Library/Frameworks/SecurityFoundation.framework/Versions/A/SecurityFoundation
0x0000000005730000 	/System/Library/Frameworks/QuartzCore.framework/Versions/A/Frameworks/CoreImage.framework/Versions/A/CoreImage
0x0000000005730000 	/System/Library/PrivateFrameworks/CrashReporterSupport.framework/Versions/A/CrashReporterSupport
0x0000000005730000 	/System/Library/Frameworks/OpenCL.framework/Versions/A/OpenCL
0x0000000005730000 	/System/Library/PrivateFrameworks/FaceCore.framework/Versions/A/FaceCore
0x0000000005730000 	/System/Library/PrivateFrameworks/Ubiquity.framework/Versions/A/Ubiquity
0x0000000005730000 	/System/Library/PrivateFrameworks/IconServices.framework/Versions/A/IconServices
0x0000000005730000 	/System/Library/PrivateFrameworks/ChunkingLibrary.framework/Versions/A/ChunkingLibrary
0x0000000005730000 	/System/Library/PrivateFrameworks/Apple80211.framework/Versions/A/Apple80211
0x0000000005730000 	/System/Library/Frameworks/CoreWLAN.framework/Versions/A/CoreWLAN
0x0000000005730000 	/System/Library/Frameworks/IOBluetooth.framework/Versions/A/IOBluetooth
0x0000000005730000 	/System/Library/Frameworks/CoreWiFi.framework/Versions/A/CoreWiFi
0x0000000005730000 	/System/Library/Frameworks/CoreBluetooth.framework/Versions/A/CoreBluetooth
0x0000000005730000 	/System/Library/PrivateFrameworks/DebugSymbols.framework/Versions/A/DebugSymbols
0x0000000005730000 	/System/Library/PrivateFrameworks/CoreSymbolication.framework/Versions/A/CoreSymbolication
0x0000000005730000 	/System/Library/PrivateFrameworks/Symbolication.framework/Versions/A/Symbolication
0x0000000005730000 	/System/Library/PrivateFrameworks/SpeechRecognitionCore.framework/Versions/A/SpeechRecognitionCore
0x00000001099be000 	/System/Library/CoreServices/Encodings/libSimplifiedChineseConverter.dylib
0x000000010a400000 	/Library/Java/JavaVirtualMachines/jdk1.7.0_51.jdk/Contents/Home/jre/lib/server/libjvm.dylib
0x0000000005730000 	/usr/lib/libstdc++.6.dylib
0x0000000109b9e000 	/Library/Java/JavaVirtualMachines/jdk1.7.0_51.jdk/Contents/Home/jre/lib/libverify.dylib
0x0000000109bab000 	/Library/Java/JavaVirtualMachines/jdk1.7.0_51.jdk/Contents/Home/jre/lib/libjava.dylib
0x0000000109be5000 	/Library/Java/JavaVirtualMachines/jdk1.7.0_51.jdk/Contents/Home/jre/lib/libzip.dylib
0x00000001146bf000 	/System/Library/Frameworks/JavaVM.framework/Frameworks/JavaRuntimeSupport.framework/JavaRuntimeSupport
0x00000001146d5000 	/System/Library/Frameworks/JavaVM.framework/Versions/A/Frameworks/JavaNativeFoundation.framework/Versions/A/JavaNativeFoundation
0x0000000109bef000 	/System/Library/Frameworks/JavaVM.framework/Versions/A/JavaVM
0x0000000005730000 	/System/Library/Frameworks/Carbon.framework/Versions/A/Carbon
0x00000001146e9000 	/System/Library/PrivateFrameworks/JavaLaunching.framework/Versions/A/JavaLaunching
0x0000000005730000 	/System/Library/Frameworks/Carbon.framework/Versions/A/Frameworks/CommonPanels.framework/Versions/A/CommonPanels
0x0000000005730000 	/System/Library/Frameworks/Carbon.framework/Versions/A/Frameworks/Help.framework/Versions/A/Help
0x0000000005730000 	/System/Library/Frameworks/Carbon.framework/Versions/A/Frameworks/ImageCapture.framework/Versions/A/ImageCapture
0x0000000005730000 	/System/Library/Frameworks/Carbon.framework/Versions/A/Frameworks/OpenScripting.framework/Versions/A/OpenScripting
0x0000000005730000 	/System/Library/Frameworks/Carbon.framework/Versions/A/Frameworks/Print.framework/Versions/A/Print
0x0000000005730000 	/System/Library/Frameworks/Carbon.framework/Versions/A/Frameworks/SecurityHI.framework/Versions/A/SecurityHI
0x0000000116431000 	/Library/Java/JavaVirtualMachines/jdk1.7.0_51.jdk/Contents/Home/jre/lib/libawt.dylib
0x00000001164e0000 	/Library/Java/JavaVirtualMachines/jdk1.7.0_51.jdk/Contents/Home/jre/lib/./libmlib_image.dylib
0x00000001165ac000 	/Library/Java/JavaVirtualMachines/jdk1.7.0_51.jdk/Contents/Home/jre/lib/lwawt/liblwawt.dylib
0x0000000116660000 	/Library/Java/JavaVirtualMachines/jdk1.7.0_51.jdk/Contents/Home/jre/lib/libosxapp.dylib
0x0000000005730000 	/System/Library/Frameworks/ExceptionHandling.framework/Versions/A/ExceptionHandling
0x0000000005730000 	/System/Library/PrivateFrameworks/CoreServicesInternal.framework/Versions/A/CoreServicesInternal
0x0000000005730000 	/System/Library/PrivateFrameworks/CloudDocs.framework/Versions/A/CloudDocs
0x0000000005730000 	/System/Library/PrivateFrameworks/CoreDuet.framework/Versions/A/CoreDuet
0x0000000005730000 	/System/Library/Frameworks/CloudKit.framework/Versions/A/CloudKit
0x0000000005730000 	/System/Library/PrivateFrameworks/ProtocolBuffer.framework/Versions/A/ProtocolBuffer
0x0000000005730000 	/System/Library/PrivateFrameworks/CoreDuetDaemonProtocol.framework/Versions/A/CoreDuetDaemonProtocol
0x0000000005730000 	/System/Library/PrivateFrameworks/CoreDuetDebugLogging.framework/Versions/A/CoreDuetDebugLogging
0x0000000005730000 	/System/Library/Frameworks/CoreLocation.framework/Versions/A/CoreLocation
0x0000000005730000 	/System/Library/Frameworks/Accounts.framework/Versions/A/Accounts
0x0000000005730000 	/System/Library/PrivateFrameworks/ApplePushService.framework/Versions/A/ApplePushService
0x0000000005730000 	/System/Library/PrivateFrameworks/GeoServices.framework/Versions/A/GeoServices
0x0000000005730000 	/System/Library/PrivateFrameworks/OAuth.framework/Versions/A/OAuth
0x0000000005730000 	/System/Library/PrivateFrameworks/CoreDaemon.framework/Versions/B/CoreDaemon
0x0000000005730000 	/usr/lib/libcrypto.0.9.8.dylib
0x0000000005730000 	/System/Library/PrivateFrameworks/AppleSRP.framework/Versions/A/AppleSRP
0x0000000005730000 	/System/Library/PrivateFrameworks/TrustEvaluationAgent.framework/Versions/A/TrustEvaluationAgent
0x0000000005730000 	/System/Library/Frameworks/CoreGraphics.framework/Versions/A/Resources/libCGCMS.A.dylib
0x0000000005730000 	/System/Library/Frameworks/CoreGraphics.framework/Versions/A/Resources/libRIP.A.dylib
0x0000000005730000 	/System/Library/Frameworks/CoreGraphics.framework/Versions/A/Resources/libCGXType.A.dylib
0x0000000005730000 	/System/Library/Frameworks/OpenCL.framework/Versions/A/Libraries/libcldcpuengine.dylib
0x0000000005730000 	/System/Library/PrivateFrameworks/DiskImages.framework/Versions/A/DiskImages
0x0000000005730000 	/System/Library/Frameworks/DiscRecording.framework/Versions/A/DiscRecording
0x0000000005730000 	/usr/lib/libcsfde.dylib
0x0000000005730000 	/usr/lib/libcurl.4.dylib
0x0000000005730000 	/System/Library/PrivateFrameworks/MediaKit.framework/Versions/A/MediaKit
0x0000000005730000 	/System/Library/PrivateFrameworks/ProtectedCloudStorage.framework/Versions/A/ProtectedCloudStorage
0x0000000005730000 	/usr/lib/libCoreStorage.dylib
0x0000000005730000 	/System/Library/PrivateFrameworks/EFILogin.framework/Versions/A/EFILogin
0x0000000005730000 	/usr/lib/libutil.dylib
0x0000000005730000 	/System/Library/PrivateFrameworks/FindMyDevice.framework/Versions/A/FindMyDevice
0x0000000005730000 	/System/Library/Frameworks/LDAP.framework/Versions/A/LDAP
0x0000000005730000 	/usr/lib/libsasl2.2.dylib
0x0000000118a60000 	cl_kernels
0x0000000118a62000 	/System/Library/Frameworks/OpenCL.framework/Versions/A/Libraries/ImageFormats/unorm8_bgra.dylib
0x0000000118a18000 	cl_kernels
0x0000000005730000 	/System/Library/PrivateFrameworks/FamilyControls.framework/Versions/A/FamilyControls
0x0000000005730000 	/System/Library/PrivateFrameworks/CommerceKit.framework/Versions/A/Frameworks/CommerceCore.framework/Versions/A/CommerceCore
0x0000000005730000 	/System/Library/PrivateFrameworks/SystemAdministration.framework/Versions/A/SystemAdministration
0x0000000005730000 	/System/Library/PrivateFrameworks/AppContainer.framework/Versions/A/AppContainer
0x0000000005730000 	/System/Library/PrivateFrameworks/SecCodeWrapper.framework/Versions/A/SecCodeWrapper
0x0000000005730000 	/System/Library/Frameworks/DirectoryService.framework/Versions/A/DirectoryService
0x0000000005730000 	/System/Library/PrivateFrameworks/LoginUIKit.framework/Versions/A/Frameworks/LoginUICore.framework/Versions/A/LoginUICore
0x0000000005730000 	/usr/lib/libodfde.dylib
0x000000011a1b9000 	/Library/Java/JavaVirtualMachines/jdk1.7.0_51.jdk/Contents/Home/jre/lib/libfontmanager.dylib
0x000000011a220000 	/Users/smithdodo/Documents/workspace2/Pacman_rebuid/lwjgl-2.9.0/native/macosx/liblwjgl.jnilib
0x0000000118599000 	/Library/Java/JavaVirtualMachines/jdk1.7.0_51.jdk/Contents/Home/jre/lib/libjawt.dylib
0x000000011859c000 	/Library/Java/JavaVirtualMachines/jdk1.7.0_51.jdk/Contents/Home/jre/lib/libnio.dylib
0x0000000118a38000 	/Library/Java/JavaVirtualMachines/jdk1.7.0_51.jdk/Contents/Home/jre/lib/./libnet.dylib
0x0000000005730000 	/System/Library/Frameworks/OpenGL.framework/Versions/A/Resources/GLEngine.bundle/GLEngine
0x0000000005730000 	/System/Library/Frameworks/OpenGL.framework/Versions/A/Libraries/libGLProgrammability.dylib
0x0000000000000000 	/System/Library/Extensions/AppleIntelHD4000GraphicsGLDriver.bundle/Contents/MacOS/AppleIntelHD4000GraphicsGLDriver
0x0000000005730000 	/System/Library/PrivateFrameworks/IOAccelerator.framework/Versions/A/IOAccelerator
0x0000000005730000 	/System/Library/PrivateFrameworks/GPUSupport.framework/Versions/A/Libraries/libGPUSupportMercury.dylib
0x0000000005730000 	/System/Library/Frameworks/OpenGL.framework/Versions/A/Resources/GLRendererFloat.bundle/GLRendererFloat
0x000000011ab0b000 	/Library/Java/JavaVirtualMachines/jdk1.7.0_51.jdk/Contents/Home/jre/lib/libjpeg.dylib

VM Arguments:
jvm_args: -Djava.library.path=/Users/smithdodo/Documents/workspace2/Pacman_rebuid/lwjgl-2.9.0/native/macosx -Dfile.encoding=UTF-8 
java_command: de.tu_darmstadt.gdi1.pacman.main.Main
Launcher Type: SUN_STANDARD

Environment Variables:
PATH=/usr/bin:/bin:/usr/sbin:/sbin
SHELL=/bin/bash

Signal Handlers:
SIGSEGV: [libjvm.dylib+0x525425], sa_mask[0]=0xfffefeff, sa_flags=0x00000043
SIGBUS: [libjvm.dylib+0x525425], sa_mask[0]=0xfffefeff, sa_flags=0x00000042
SIGFPE: [libjvm.dylib+0x41892a], sa_mask[0]=0xfffefeff, sa_flags=0x00000042
SIGPIPE: [libjvm.dylib+0x41892a], sa_mask[0]=0xfffefeff, sa_flags=0x00000042
SIGXFSZ: [libjvm.dylib+0x41892a], sa_mask[0]=0xfffefeff, sa_flags=0x00000042
SIGILL: [libjvm.dylib+0x41892a], sa_mask[0]=0xfffefeff, sa_flags=0x00000042
SIGUSR1: SIG_DFL, sa_mask[0]=0x00000000, sa_flags=0x00000000
SIGUSR2: [libjvm.dylib+0x41841c], sa_mask[0]=0x00000004, sa_flags=0x00000042
SIGHUP: [libjvm.dylib+0x4166ab], sa_mask[0]=0xfffefeff, sa_flags=0x00000042
SIGINT: [libjvm.dylib+0x4166ab], sa_mask[0]=0xfffefeff, sa_flags=0x00000042
SIGTERM: [libjvm.dylib+0x4166ab], sa_mask[0]=0xfffefeff, sa_flags=0x00000042
SIGQUIT: [libjvm.dylib+0x4166ab], sa_mask[0]=0xfffefeff, sa_flags=0x00000042


---------------  S Y S T E M  ---------------

OS:Bsduname:Darwin 14.0.0 Darwin Kernel Version 14.0.0: Wed Jul 16 00:46:31 PDT 2014; root:xnu-2782.1.43.0.2~2/RELEASE_X86_64 x86_64
rlimit: STACK 8192k, CORE 0k, NPROC 709, NOFILE 10240, AS infinity
load average:3.12 2.87 2.53

CPU:total 4 (2 cores per cpu, 2 threads per core) family 6 model 58 stepping 9, cmov, cx8, fxsr, mmx, sse, sse2, sse3, ssse3, sse4.1, sse4.2, popcnt, avx, aes, erms, ht, tsc, tscinvbit, tscinv

Memory: 4k page, physical 8388608k(2097152k free)

/proc/meminfo:


vm_info: Java HotSpot(TM) 64-Bit Server VM (24.51-b03) for bsd-amd64 JRE (1.7.0_51-b13), built on Dec 18 2013 18:45:56 by "java_re" with gcc 4.2.1 (Based on Apple Inc. build 5658) (LLVM build 2336.11.00)

time: Mon Jul 28 02:34:19 2014
elapsed time: 25 seconds

