#
# A fatal error has been detected by the Java Runtime Environment:
#
#  SIGSEGV (0xb) at pc=0x00007fff898e60dd, pid=15700, tid=1299
#
# JRE version: Java(TM) SE Runtime Environment (7.0_51-b13) (build 1.7.0_51-b13)
# Java VM: Java HotSpot(TM) 64-Bit Server VM (24.51-b03 mixed mode bsd-amd64 compressed oops)
# Problematic frame:
# C  [libobjc.A.dylib+0x10dd]  objc_msgSend+0x1d
#
# Failed to write core dump. Core dumps have been disabled. To enable core dumping, try "ulimit -c unlimited" before starting Java again
#
# If you would like to submit a bug report, please visit:
#   http://bugreport.sun.com/bugreport/crash.jsp
# The crash happened outside the Java Virtual Machine in native code.
# See problematic frame for where to report the bug.
#

---------------  T H R E A D  ---------------

Current thread (0x00007ffd03060000):  JavaThread "AppKit Thread" daemon [_thread_in_native, id=1299, stack(0x00007fff566bf000,0x00007fff5673f000)]

siginfo:si_signo=SIGSEGV: si_errno=0, si_code=1 (SEGV_MAPERR), si_addr=0x000007ffd02d7080

Registers:
RAX=0x00007ffd02d47620, RBX=0x00007fff5673a838, RCX=0x0000000000000000, RDX=0x00007ffd02f78540
RSP=0x00007fff5673a658, RBP=0x00007fff5673a660, RSI=0x00007fff8e1e9560, RDI=0x00007ffd02d47620
R8 =0x00007ffd02c06040, R9 =0x00007fff5673a640, R10=0x00007fff8e1e9560, R11=0x000007ffd02d7068
R12=0x00007ffd02c06040, R13=0x00000000000f42f4, R14=0x00007ffd02f782c0, R15=0x00007fff5673a798
RIP=0x00007fff898e60dd, EFLAGS=0x0000000000010202, ERR=0x0000000000000004
  TRAPNO=0x000000000000000e

Top of Stack: (sp=0x00007fff5673a658)
0x00007fff5673a658:   00007fff93aef29c 00007fff5673a9c0
0x00007fff5673a668:   00007fff939e07d4 00007fff5673a6b0
0x00007fff5673a678:   00007fff5673a710 0000000000000000
0x00007fff5673a688:   00007fff5673a70c 00007fff5673a714
0x00007fff5673a698:   00000000000008d0 0000000000061231
0x00007fff5673a6a8:   00007ffd02f782c0 0000000000000000
0x00007fff5673a6b8:   00007fff5673a790 0000000000000000
0x00007fff5673a6c8:   00007ffd02f5e7e0 00007fff5673a810
0x00007fff5673a6d8:   000000000000005e 00000000000f42f6
0x00007fff5673a6e8:   00007ffd02f78540 00007ffd02f5de20
0x00007fff5673a6f8:   00007ffd02c06040 0000000000000001
0x00007fff5673a708:   00000000000f42f4 00007ffd02c06030
0x00007fff5673a718:   0000000000000000 00007fff860e6b08
0x00007fff5673a728:   0000000000000000 00007fff5673a820
0x00007fff5673a738:   00007fff87198204 00000001762648e8
0x00007fff5673a748:   00007fff8fa8d1a3 0000000000000000
0x00007fff5673a758:   00007fff762648c8 00007fff762648c8
0x00007fff5673a768:   000000000000001a 00007fff9018d616
0x00007fff5673a778:   00000001094dea00 0000000000000000
0x00007fff5673a788:   0000000000439701 00007ffd02f5e860
0x00007fff5673a798:   00007ffd02f782c0 0000000000000000
0x00007fff5673a7a8:   00007fff762648c8 00007fff762648c8
0x00007fff5673a7b8:   00007fff8e220626 00007fff5673a860
0x00007fff5673a7c8:   00007fff8fa8d8fb 0000000000061231
0x00007fff5673a7d8:   0000000000439801 0000000000000100
0x00007fff5673a7e8:   00007fff762648c8 00007fff5673a8e0
0x00007fff5673a7f8:   00007fff9018bfb4 00007fff762648e0
0x00007fff5673a808:   00007fff8fa8d1a3 000000000000004d
0x00007fff5673a818:   0000000000000000 00000000000f42dd
0x00007fff5673a828:   000000000000004f 0000000000000000
0x00007fff5673a838:   00000000000f42f4 0000000000061231
0x00007fff5673a848:   000000000043a401 0000000000000100 

Instructions: (pc=0x00007fff898e60dd)
0x00007fff898e60bd:   00 00 00 48 85 ff 2e 74 7a 40 f6 c7 01 2e 75 7e
0x00007fff898e60cd:   49 bb f8 ff ff ff ff 7f 00 00 4c 23 1f 49 89 f2
0x00007fff898e60dd:   45 23 53 18 49 c1 e2 04 4d 03 53 10 49 3b 32 75
0x00007fff898e60ed:   04 41 ff 62 08 49 83 3a 00 74 6a 4d 3b 53 10 74 

Register to memory mapping:

RAX=0x00007ffd02d47620 is an unknown value
RBX=0x00007fff5673a838 is pointing into the stack for thread: 0x00007ffd03060000
RCX=0x0000000000000000 is an unknown value
RDX=0x00007ffd02f78540 is an unknown value
RSP=0x00007fff5673a658 is pointing into the stack for thread: 0x00007ffd03060000
RBP=0x00007fff5673a660 is pointing into the stack for thread: 0x00007ffd03060000
RSI=0x00007fff8e1e9560: -[NSTitlebarContainerView shouldRoundCorners]+0x5c532 in /System/Library/Frameworks/AppKit.framework/Versions/C/AppKit at 0x00007fff8d80f000
RDI=0x00007ffd02d47620 is an unknown value
R8 =0x00007ffd02c06040 is an unknown value
R9 =0x00007fff5673a640 is pointing into the stack for thread: 0x00007ffd03060000
R10=0x00007fff8e1e9560: -[NSTitlebarContainerView shouldRoundCorners]+0x5c532 in /System/Library/Frameworks/AppKit.framework/Versions/C/AppKit at 0x00007fff8d80f000
R11=0x000007ffd02d7068 is an unknown value
R12=0x00007ffd02c06040 is an unknown value
R13=0x00000000000f42f4 is an unknown value
R14=0x00007ffd02f782c0 is an unknown value
R15=0x00007fff5673a798 is pointing into the stack for thread: 0x00007ffd03060000


Stack: [0x00007fff566bf000,0x00007fff5673f000],  sp=0x00007fff5673a658,  free space=493k
Native frames: (J=compiled Java code, j=interpreted, Vv=VM code, C=native code)
C  [libobjc.A.dylib+0x10dd]  objc_msgSend+0x1d
C  [CoreFoundation+0x107d4]  _CFXNotificationPost+0xc44
C  [Foundation+0x2cd1]  -[NSNotificationCenter postNotificationName:object:userInfo:]+0x42
C  [AppKit+0xdcf54]  -[NSSurface _disposeSurface]+0x98
C  [AppKit+0xdca3d]  -[NSSurface setWindow:]+0x42
C  [AppKit+0x3bb21]  -[NSView _setWindow:]+0x98f
C  [AppKit+0x3cd61]  -[NSView removeFromSuperview]+0x1c5
C  [AppKit+0x90bdb]  -[NSView removeFromSuperviewWithoutNeedingDisplay]+0x26
C  [liblwjgl.jnilib+0x936e]  +[MacOSXKeyableWindow destroyWindow]+0xde
C  [Foundation+0x65ad8]  __NSThreadPerformPerform+0x125
C  [CoreFoundation+0x81111]  __CFRUNLOOP_IS_CALLING_OUT_TO_A_SOURCE0_PERFORM_FUNCTION__+0x11
C  [CoreFoundation+0x72c8d]  __CFRunLoopDoSources0+0x10d
C  [CoreFoundation+0x722db]  __CFRunLoopRun+0x39b
C  [CoreFoundation+0x71cf8]  CFRunLoopRunSpecific+0x128
C  [HIToolbox+0x2e72f]  RunCurrentEventLoopInMode+0xeb
C  [HIToolbox+0x2e4a2]  ReceiveNextEventCommon+0x1af
C  [HIToolbox+0x2e2e3]  _BlockUntilNextEventMatchingListInModeWithFilter+0x47
C  [AppKit+0x23f05]  _DPSNextEvent+0x3e8
C  [AppKit+0x236d9]  -[NSApplication nextEventMatchingMask:untilDate:inMode:dequeue:]+0x8b
C  [libosxapp.dylib+0x16f4]  -[NSApplicationAWT nextEventMatchingMask:untilDate:inMode:dequeue:]+0x7c
C  [AppKit+0x17643]  -[NSApplication run]+0x252
C  [libosxapp.dylib+0x1557]  +[NSApplicationAWT runAWTLoopWithApp:]+0x9c
C  [liblwawt.dylib+0xdba9]  -[AWTStarter starter:]+0x369
C  [Foundation+0x65ad8]  __NSThreadPerformPerform+0x125
C  [CoreFoundation+0x81111]  __CFRUNLOOP_IS_CALLING_OUT_TO_A_SOURCE0_PERFORM_FUNCTION__+0x11
C  [CoreFoundation+0x72c8d]  __CFRunLoopDoSources0+0x10d
C  [CoreFoundation+0x722db]  __CFRunLoopRun+0x39b
C  [CoreFoundation+0x71cf8]  CFRunLoopRunSpecific+0x128
C  [java+0x73b0]  CreateExecutionEnvironment+0x367
C  [java+0x1b5c]  JLI_Launch+0x7a0
C  [java+0x770d]  main+0x65
C  [java+0x13b4]  start+0x34


---------------  P R O C E S S  ---------------

Java Threads: ( => current thread )
  0x00007ffd03028000 JavaThread "Java2D Queue Flusher" daemon [_thread_blocked, id=53779, stack(0x00000001a03b3000,0x00000001a04b3000)]
  0x00007ffd031f6800 JavaThread "Java2D Disposer" daemon [_thread_blocked, id=49947, stack(0x000000019f754000,0x000000019f854000)]
  0x00007ffd030b1800 JavaThread "AWT-Shutdown" [_thread_blocked, id=27923, stack(0x000000019c655000,0x000000019c755000)]
=>0x00007ffd03060000 JavaThread "AppKit Thread" daemon [_thread_in_native, id=1299, stack(0x00007fff566bf000,0x00007fff5673f000)]
  0x00007ffd03827000 JavaThread "Service Thread" daemon [_thread_blocked, id=17667, stack(0x000000019afcc000,0x000000019b0cc000)]
  0x00007ffd03826000 JavaThread "C2 CompilerThread1" daemon [_thread_blocked, id=17155, stack(0x000000019aec9000,0x000000019afc9000)]
  0x00007ffd0483a800 JavaThread "C2 CompilerThread0" daemon [_thread_blocked, id=16643, stack(0x000000019adc6000,0x000000019aec6000)]
  0x00007ffd04839800 JavaThread "Signal Dispatcher" daemon [_thread_blocked, id=13327, stack(0x000000019acc3000,0x000000019adc3000)]
  0x00007ffd04837000 JavaThread "Finalizer" daemon [_thread_blocked, id=11523, stack(0x0000000199381000,0x0000000199481000)]
  0x00007ffd04834800 JavaThread "Reference Handler" daemon [_thread_blocked, id=11011, stack(0x000000019927e000,0x000000019937e000)]
  0x00007ffd03008800 JavaThread "main" [_thread_in_native, id=5379, stack(0x000000010a854000,0x000000010a954000)]

Other Threads:
  0x00007ffd04833800 VMThread [stack: 0x000000019917b000,0x000000019927b000] [id=10499]
  0x00007ffd03815800 WatcherThread [stack: 0x000000019b0cf000,0x000000019b1cf000] [id=18179]

VM state:not at safepoint (normal execution)

VM Mutex/Monitor currently owned by a thread: None

Heap
 PSYoungGen      total 72704K, used 19076K [0x0000000168200000, 0x0000000171000000, 0x0000000192d00000)
  eden space 67584K, 28% used [0x0000000168200000,0x00000001694a1370,0x000000016c400000)
  from space 5120K, 0% used [0x000000016c400000,0x000000016c400000,0x000000016c900000)
  to   space 5120K, 0% used [0x0000000170b00000,0x0000000170b00000,0x0000000171000000)
 ParOldGen       total 138240K, used 32360K [0x0000000112d00000, 0x000000011b400000, 0x0000000168200000)
  object space 138240K, 23% used [0x0000000112d00000,0x0000000114c9a298,0x000000011b400000)
 PSPermGen       total 21504K, used 8312K [0x000000010db00000, 0x000000010f000000, 0x0000000112d00000)
  object space 21504K, 38% used [0x000000010db00000,0x000000010e31e2e0,0x000000010f000000)

Card table byte_map: [0x0000000192d00000,0x000000019312a000] byte_map_base: 0x0000000192492800

Polling page: 0x00000001095f6000

Code Cache  [0x000000010a98f000, 0x000000010abff000, 0x000000010d98f000)
 total_blobs=574 nmethods=136 adapters=393 free_code_cache=48131Kb largest_free_block=49243648

Compilation events (10 events):
Event: 3.570 Thread 0x00007ffd0483a800 nmethod 132 0x000000010aa4b990 code [0x000000010aa4bac0, 0x000000010aa4bb38]
Event: 3.570 Thread 0x00007ffd0483a800  133             de.tu_darmstadt.gdi1.pacman.model.Wall::getType (5 bytes)
Event: 3.570 Thread 0x00007ffd0483a800 nmethod 133 0x000000010aa47a90 code [0x000000010aa47bc0, 0x000000010aa47c38]
Event: 3.571 Thread 0x00007ffd03826000 nmethod 130 0x000000010aa47610 code [0x000000010aa47760, 0x000000010aa47918]
Event: 3.718 Thread 0x00007ffd0483a800  134             de.tu_darmstadt.gdi1.pacman.view.Game::drawWall (879 bytes)
Event: 3.718 Thread 0x00007ffd03826000  135   !         de.tu_darmstadt.gdi1.pacman.view.Game::$SWITCH_TABLE$de$tu_darmstadt$gdi1$pacman$model$WallType (241 bytes)
Event: 3.719 Thread 0x00007ffd03826000 nmethod 135 0x000000010aa5dc90 code [0x000000010aa5ddc0, 0x000000010aa5de38]
Event: 3.813 Thread 0x00007ffd0483a800 nmethod 134 0x000000010aa70c90 code [0x000000010aa711a0, 0x000000010aa73368]
Event: 4.617 Thread 0x00007ffd03826000  136             sun.nio.cs.UTF_8$Encoder::encodeArrayLoop (489 bytes)
Event: 4.630 Thread 0x00007ffd03826000 nmethod 136 0x000000010aa97250 code [0x000000010aa97460, 0x000000010aa98050]

GC Heap History (8 events):
Event: 0.829 GC heap before
{Heap before GC invocations=1 (full 0):
 PSYoungGen      total 38912K, used 33792K [0x0000000168200000, 0x000000016ad00000, 0x0000000192d00000)
  eden space 33792K, 100% used [0x0000000168200000,0x000000016a300000,0x000000016a300000)
  from space 5120K, 0% used [0x000000016a800000,0x000000016a800000,0x000000016ad00000)
  to   space 5120K, 0% used [0x000000016a300000,0x000000016a300000,0x000000016a800000)
 ParOldGen       total 87040K, used 0K [0x0000000112d00000, 0x0000000118200000, 0x0000000168200000)
  object space 87040K, 0% used [0x0000000112d00000,0x0000000112d00000,0x0000000118200000)
 PSPermGen       total 21504K, used 6970K [0x000000010db00000, 0x000000010f000000, 0x0000000112d00000)
  object space 21504K, 32% used [0x000000010db00000,0x000000010e1ce938,0x000000010f000000)
Event: 0.839 GC heap after
Heap after GC invocations=1 (full 0):
 PSYoungGen      total 38912K, used 1914K [0x0000000168200000, 0x000000016ce00000, 0x0000000192d00000)
  eden space 33792K, 0% used [0x0000000168200000,0x0000000168200000,0x000000016a300000)
  from space 5120K, 37% used [0x000000016a300000,0x000000016a4deb58,0x000000016a800000)
  to   space 5120K, 0% used [0x000000016c900000,0x000000016c900000,0x000000016ce00000)
 ParOldGen       total 87040K, used 15511K [0x0000000112d00000, 0x0000000118200000, 0x0000000168200000)
  object space 87040K, 17% used [0x0000000112d00000,0x0000000113c25fd0,0x0000000118200000)
 PSPermGen       total 21504K, used 6970K [0x000000010db00000, 0x000000010f000000, 0x0000000112d00000)
  object space 21504K, 32% used [0x000000010db00000,0x000000010e1ce938,0x000000010f000000)
}
Event: 1.062 GC heap before
{Heap before GC invocations=2 (full 0):
 PSYoungGen      total 38912K, used 33304K [0x0000000168200000, 0x000000016ce00000, 0x0000000192d00000)
  eden space 33792K, 92% used [0x0000000168200000,0x000000016a0a7550,0x000000016a300000)
  from space 5120K, 37% used [0x000000016a300000,0x000000016a4deb58,0x000000016a800000)
  to   space 5120K, 0% used [0x000000016c900000,0x000000016c900000,0x000000016ce00000)
 ParOldGen       total 87040K, used 15511K [0x0000000112d00000, 0x0000000118200000, 0x0000000168200000)
  object space 87040K, 17% used [0x0000000112d00000,0x0000000113c25fd0,0x0000000118200000)
 PSPermGen       total 21504K, used 6970K [0x000000010db00000, 0x000000010f000000, 0x0000000112d00000)
  object space 21504K, 32% used [0x000000010db00000,0x000000010e1ce938,0x000000010f000000)
Event: 1.065 GC heap after
Heap after GC invocations=2 (full 0):
 PSYoungGen      total 72704K, used 1128K [0x0000000168200000, 0x000000016ce00000, 0x0000000192d00000)
  eden space 67584K, 0% used [0x0000000168200000,0x0000000168200000,0x000000016c400000)
  from space 5120K, 22% used [0x000000016c900000,0x000000016ca1a168,0x000000016ce00000)
  to   space 5120K, 0% used [0x000000016c400000,0x000000016c400000,0x000000016c900000)
 ParOldGen       total 87040K, used 15519K [0x0000000112d00000, 0x0000000118200000, 0x0000000168200000)
  object space 87040K, 17% used [0x0000000112d00000,0x0000000113c27fd0,0x0000000118200000)
 PSPermGen       total 21504K, used 6970K [0x000000010db00000, 0x000000010f000000, 0x0000000112d00000)
  object space 21504K, 32% used [0x000000010db00000,0x000000010e1ce938,0x000000010f000000)
}
Event: 1.430 GC heap before
{Heap before GC invocations=3 (full 0):
 PSYoungGen      total 72704K, used 68712K [0x0000000168200000, 0x000000016ce00000, 0x0000000192d00000)
  eden space 67584K, 100% used [0x0000000168200000,0x000000016c400000,0x000000016c400000)
  from space 5120K, 22% used [0x000000016c900000,0x000000016ca1a168,0x000000016ce00000)
  to   space 5120K, 0% used [0x000000016c400000,0x000000016c400000,0x000000016c900000)
 ParOldGen       total 87040K, used 15519K [0x0000000112d00000, 0x0000000118200000, 0x0000000168200000)
  object space 87040K, 17% used [0x0000000112d00000,0x0000000113c27fd0,0x0000000118200000)
 PSPermGen       total 21504K, used 8103K [0x000000010db00000, 0x000000010f000000, 0x0000000112d00000)
  object space 21504K, 37% used [0x000000010db00000,0x000000010e2e9f98,0x000000010f000000)
Event: 1.458 GC heap after
Heap after GC invocations=3 (full 0):
 PSYoungGen      total 72704K, used 1256K [0x0000000168200000, 0x0000000171000000, 0x0000000192d00000)
  eden space 67584K, 0% used [0x0000000168200000,0x0000000168200000,0x000000016c400000)
  from space 5120K, 24% used [0x000000016c400000,0x000000016c53a168,0x000000016c900000)
  to   space 5120K, 0% used [0x0000000170b00000,0x0000000170b00000,0x0000000171000000)
 ParOldGen       total 87040K, used 66165K [0x0000000112d00000, 0x0000000118200000, 0x0000000168200000)
  object space 87040K, 76% used [0x0000000112d00000,0x0000000116d9d520,0x0000000118200000)
 PSPermGen       total 21504K, used 8103K [0x000000010db00000, 0x000000010f000000, 0x0000000112d00000)
  object space 21504K, 37% used [0x000000010db00000,0x000000010e2e9f98,0x000000010f000000)
}
Event: 1.458 GC heap before
{Heap before GC invocations=4 (full 1):
 PSYoungGen      total 72704K, used 1256K [0x0000000168200000, 0x0000000171000000, 0x0000000192d00000)
  eden space 67584K, 0% used [0x0000000168200000,0x0000000168200000,0x000000016c400000)
  from space 5120K, 24% used [0x000000016c400000,0x000000016c53a168,0x000000016c900000)
  to   space 5120K, 0% used [0x0000000170b00000,0x0000000170b00000,0x0000000171000000)
 ParOldGen       total 87040K, used 66165K [0x0000000112d00000, 0x0000000118200000, 0x0000000168200000)
  object space 87040K, 76% used [0x0000000112d00000,0x0000000116d9d520,0x0000000118200000)
 PSPermGen       total 21504K, used 8103K [0x000000010db00000, 0x000000010f000000, 0x0000000112d00000)
  object space 21504K, 37% used [0x000000010db00000,0x000000010e2e9f98,0x000000010f000000)
Event: 1.488 GC heap after
Heap after GC invocations=4 (full 1):
 PSYoungGen      total 72704K, used 0K [0x0000000168200000, 0x0000000171000000, 0x0000000192d00000)
  eden space 67584K, 0% used [0x0000000168200000,0x0000000168200000,0x000000016c400000)
  from space 5120K, 0% used [0x000000016c400000,0x000000016c400000,0x000000016c900000)
  to   space 5120K, 0% used [0x0000000170b00000,0x0000000170b00000,0x0000000171000000)
 ParOldGen       total 138240K, used 32360K [0x0000000112d00000, 0x000000011b400000, 0x0000000168200000)
  object space 138240K, 23% used [0x0000000112d00000,0x0000000114c9a298,0x000000011b400000)
 PSPermGen       total 21504K, used 8102K [0x000000010db00000, 0x000000010f000000, 0x0000000112d00000)
  object space 21504K, 37% used [0x000000010db00000,0x000000010e2e9970,0x000000010f000000)
}

Deoptimization events (4 events):
Event: 0.540 Thread 0x00007ffd03008800 Uncommon trap: reason=unloaded action=reinterpret pc=0x000000010aa0de44 method=java.io.BufferedReader.readLine(Z)Ljava/lang/String; @ 268
Event: 1.085 Thread 0x00007ffd03060000 Uncommon trap: reason=null_check action=make_not_entrant pc=0x000000010aa00410 method=java.lang.String.equals(Ljava/lang/Object;)Z @ 8
Event: 1.516 Thread 0x00007ffd03008800 Uncommon trap: reason=unreached action=reinterpret pc=0x000000010aa42764 method=java.awt.image.ComponentColorModel.getDataElements(ILjava/lang/Object;)Ljava/lang/Object; @ 2993
Event: 1.516 Thread 0x00007ffd03008800 Uncommon trap: reason=unreached action=reinterpret pc=0x000000010aa2a408 method=sun.awt.image.ByteInterleavedRaster.getDataElements(IILjava/lang/Object;)Ljava/lang/Object; @ 43

Internal exceptions (10 events):
Event: 1.643 Thread 0x00007ffd03008800 Threw 0x00000001692181d0 at /HUDSON/workspace/7u-2-build-macosx-x86_64/jdk7u51/527/hotspot/src/share/vm/prims/jvm.cpp:1244
Event: 1.644 Thread 0x00007ffd03008800 Threw 0x0000000169221a40 at /HUDSON/workspace/7u-2-build-macosx-x86_64/jdk7u51/527/hotspot/src/share/vm/prims/jvm.cpp:1244
Event: 1.645 Thread 0x00007ffd03008800 Threw 0x0000000169225310 at /HUDSON/workspace/7u-2-build-macosx-x86_64/jdk7u51/527/hotspot/src/share/vm/prims/jvm.cpp:1244
Event: 1.645 Thread 0x00007ffd03008800 Threw 0x0000000169228688 at /HUDSON/workspace/7u-2-build-macosx-x86_64/jdk7u51/527/hotspot/src/share/vm/prims/jvm.cpp:1244
Event: 1.646 Thread 0x00007ffd03008800 Threw 0x000000016922bb60 at /HUDSON/workspace/7u-2-build-macosx-x86_64/jdk7u51/527/hotspot/src/share/vm/prims/jvm.cpp:1244
Event: 1.648 Thread 0x00007ffd03008800 Threw 0x000000016922ecf8 at /HUDSON/workspace/7u-2-build-macosx-x86_64/jdk7u51/527/hotspot/src/share/vm/prims/jvm.cpp:1244
Event: 1.649 Thread 0x00007ffd03008800 Threw 0x00000001692324c8 at /HUDSON/workspace/7u-2-build-macosx-x86_64/jdk7u51/527/hotspot/src/share/vm/prims/jvm.cpp:1244
Event: 1.650 Thread 0x00007ffd03008800 Threw 0x0000000169236438 at /HUDSON/workspace/7u-2-build-macosx-x86_64/jdk7u51/527/hotspot/src/share/vm/prims/jvm.cpp:1244
Event: 2.192 Thread 0x00007ffd03008800 Threw 0x00000001692b0310 at /HUDSON/workspace/7u-2-build-macosx-x86_64/jdk7u51/527/hotspot/src/share/vm/prims/jvm.cpp:1244
Event: 5.123 Thread 0x00007ffd03008800 Threw 0x00000001692dbf38 at /HUDSON/workspace/7u-2-build-macosx-x86_64/jdk7u51/527/hotspot/src/share/vm/prims/jvm.cpp:1244

Events (10 events):
Event: 1.649 loading class 0x00007ffd02c1f0a0
Event: 1.649 loading class 0x00007ffd02c1f0a0 done
Event: 1.650 loading class 0x00007ffd02e2bea0
Event: 1.650 loading class 0x00007ffd02e2bea0 done
Event: 2.192 loading class 0x00007ffd02f175b0
Event: 2.192 loading class 0x00007ffd02f175b0 done
Event: 4.099 Executing VM operation: EnableBiasedLocking
Event: 4.099 Executing VM operation: EnableBiasedLocking done
Event: 5.122 loading class 0x00007ffd02d732a0
Event: 5.123 loading class 0x00007ffd02d732a0 done


Dynamic libraries:
0x0000000005730000 	/System/Library/Frameworks/Cocoa.framework/Versions/A/Cocoa
0x0000000005730000 	/System/Library/Frameworks/Security.framework/Versions/A/Security
0x0000000005730000 	/System/Library/Frameworks/ApplicationServices.framework/Versions/A/ApplicationServices
0x0000000005730000 	/usr/lib/libz.1.dylib
0x0000000005730000 	/usr/lib/libSystem.B.dylib
0x0000000005730000 	/usr/lib/libobjc.A.dylib
0x0000000005730000 	/System/Library/Frameworks/CoreFoundation.framework/Versions/A/CoreFoundation
0x0000000005730000 	/System/Library/Frameworks/Foundation.framework/Versions/C/Foundation
0x0000000005730000 	/System/Library/Frameworks/AppKit.framework/Versions/C/AppKit
0x0000000005730000 	/System/Library/Frameworks/CoreData.framework/Versions/A/CoreData
0x0000000005730000 	/System/Library/PrivateFrameworks/RemoteViewServices.framework/Versions/A/RemoteViewServices
0x0000000005730000 	/System/Library/PrivateFrameworks/UIFoundation.framework/Versions/A/UIFoundation
0x0000000005730000 	/System/Library/Frameworks/AudioToolbox.framework/Versions/A/AudioToolbox
0x0000000005730000 	/System/Library/Frameworks/AudioUnit.framework/Versions/A/AudioUnit
0x0000000005730000 	/System/Library/PrivateFrameworks/DataDetectorsCore.framework/Versions/A/DataDetectorsCore
0x0000000005730000 	/System/Library/PrivateFrameworks/DesktopServicesPriv.framework/Versions/A/DesktopServicesPriv
0x0000000005730000 	/System/Library/Frameworks/Carbon.framework/Versions/A/Frameworks/HIToolbox.framework/Versions/A/HIToolbox
0x0000000005730000 	/System/Library/Frameworks/QuartzCore.framework/Versions/A/QuartzCore
0x0000000005730000 	/System/Library/Frameworks/Carbon.framework/Versions/A/Frameworks/SpeechRecognition.framework/Versions/A/SpeechRecognition
0x0000000005730000 	/usr/lib/libauto.dylib
0x0000000005730000 	/usr/lib/libicucore.A.dylib
0x0000000005730000 	/usr/lib/libxml2.2.dylib
0x0000000005730000 	/System/Library/PrivateFrameworks/CoreUI.framework/Versions/A/CoreUI
0x0000000005730000 	/System/Library/Frameworks/CoreAudio.framework/Versions/A/CoreAudio
0x0000000005730000 	/System/Library/Frameworks/DiskArbitration.framework/Versions/A/DiskArbitration
0x0000000005730000 	/usr/lib/liblangid.dylib
0x0000000005730000 	/System/Library/PrivateFrameworks/MultitouchSupport.framework/Versions/A/MultitouchSupport
0x0000000005730000 	/System/Library/Frameworks/IOKit.framework/Versions/A/IOKit
0x0000000005730000 	/usr/lib/libDiagnosticMessagesClient.dylib
0x0000000005730000 	/System/Library/Frameworks/CoreServices.framework/Versions/A/CoreServices
0x0000000005730000 	/System/Library/PrivateFrameworks/PerformanceAnalysis.framework/Versions/A/PerformanceAnalysis
0x0000000005730000 	/System/Library/PrivateFrameworks/GenerationalStorage.framework/Versions/A/GenerationalStorage
0x0000000005730000 	/System/Library/Frameworks/OpenGL.framework/Versions/A/OpenGL
0x0000000005730000 	/System/Library/PrivateFrameworks/Sharing.framework/Versions/A/Sharing
0x0000000005730000 	/System/Library/Frameworks/CoreGraphics.framework/Versions/A/CoreGraphics
0x0000000005730000 	/System/Library/Frameworks/CoreText.framework/Versions/A/CoreText
0x0000000005730000 	/System/Library/Frameworks/ImageIO.framework/Versions/A/ImageIO
0x0000000005730000 	/usr/lib/libextension.dylib
0x0000000005730000 	/System/Library/PrivateFrameworks/Backup.framework/Versions/A/Backup
0x0000000005730000 	/usr/lib/libarchive.2.dylib
0x0000000005730000 	/System/Library/Frameworks/CFNetwork.framework/Versions/A/CFNetwork
0x0000000005730000 	/System/Library/Frameworks/SystemConfiguration.framework/Versions/A/SystemConfiguration
0x0000000005730000 	/usr/lib/libCRFSuite.dylib
0x0000000005730000 	/usr/lib/libc++.1.dylib
0x0000000005730000 	/usr/lib/libc++abi.dylib
0x0000000005730000 	/usr/lib/system/libcache.dylib
0x0000000005730000 	/usr/lib/system/libcommonCrypto.dylib
0x0000000005730000 	/usr/lib/system/libcompiler_rt.dylib
0x0000000005730000 	/usr/lib/system/libcopyfile.dylib
0x0000000005730000 	/usr/lib/system/libcorecrypto.dylib
0x0000000005730000 	/usr/lib/system/libdispatch.dylib
0x0000000005730000 	/usr/lib/system/libdyld.dylib
0x0000000005730000 	/usr/lib/system/libkeymgr.dylib
0x0000000005730000 	/usr/lib/system/liblaunch.dylib
0x0000000005730000 	/usr/lib/system/libmacho.dylib
0x0000000005730000 	/usr/lib/system/libquarantine.dylib
0x0000000005730000 	/usr/lib/system/libremovefile.dylib
0x0000000005730000 	/usr/lib/system/libsystem_asl.dylib
0x0000000005730000 	/usr/lib/system/libsystem_blocks.dylib
0x0000000005730000 	/usr/lib/system/libsystem_c.dylib
0x0000000005730000 	/usr/lib/system/libsystem_configuration.dylib
0x0000000005730000 	/usr/lib/system/libsystem_coreservices.dylib
0x0000000005730000 	/usr/lib/system/libsystem_coretls.dylib
0x0000000005730000 	/usr/lib/system/libsystem_dnssd.dylib
0x0000000005730000 	/usr/lib/system/libsystem_info.dylib
0x0000000005730000 	/usr/lib/system/libsystem_kernel.dylib
0x0000000005730000 	/usr/lib/system/libsystem_m.dylib
0x0000000005730000 	/usr/lib/system/libsystem_malloc.dylib
0x0000000005730000 	/usr/lib/system/libsystem_network.dylib
0x0000000005730000 	/usr/lib/system/libsystem_networkextension.dylib
0x0000000005730000 	/usr/lib/system/libsystem_notify.dylib
0x0000000005730000 	/usr/lib/system/libsystem_platform.dylib
0x0000000005730000 	/usr/lib/system/libsystem_pthread.dylib
0x0000000005730000 	/usr/lib/system/libsystem_sandbox.dylib
0x0000000005730000 	/usr/lib/system/libsystem_secinit.dylib
0x0000000005730000 	/usr/lib/system/libsystem_stats.dylib
0x0000000005730000 	/usr/lib/system/libsystem_trace.dylib
0x0000000005730000 	/usr/lib/system/libunc.dylib
0x0000000005730000 	/usr/lib/system/libunwind.dylib
0x0000000005730000 	/usr/lib/system/libxpc.dylib
0x0000000005730000 	/usr/lib/libbz2.1.0.dylib
0x0000000005730000 	/usr/lib/liblzma.5.dylib
0x0000000005730000 	/usr/lib/libbsm.0.dylib
0x0000000005730000 	/usr/lib/libsqlite3.dylib
0x0000000005730000 	/usr/lib/system/libkxld.dylib
0x0000000005730000 	/usr/lib/libxar.1.dylib
0x0000000005730000 	/usr/lib/libpam.2.dylib
0x0000000005730000 	/usr/lib/libOpenScriptingUtil.dylib
0x0000000005730000 	/System/Library/Frameworks/CoreServices.framework/Versions/A/Frameworks/FSEvents.framework/Versions/A/FSEvents
0x0000000005730000 	/System/Library/Frameworks/CoreServices.framework/Versions/A/Frameworks/CarbonCore.framework/Versions/A/CarbonCore
0x0000000005730000 	/System/Library/Frameworks/CoreServices.framework/Versions/A/Frameworks/Metadata.framework/Versions/A/Metadata
0x0000000005730000 	/System/Library/Frameworks/CoreServices.framework/Versions/A/Frameworks/OSServices.framework/Versions/A/OSServices
0x0000000005730000 	/System/Library/Frameworks/CoreServices.framework/Versions/A/Frameworks/SearchKit.framework/Versions/A/SearchKit
0x0000000005730000 	/System/Library/Frameworks/CoreServices.framework/Versions/A/Frameworks/AE.framework/Versions/A/AE
0x0000000005730000 	/System/Library/Frameworks/CoreServices.framework/Versions/A/Frameworks/LaunchServices.framework/Versions/A/LaunchServices
0x0000000005730000 	/System/Library/Frameworks/CoreServices.framework/Versions/A/Frameworks/DictionaryServices.framework/Versions/A/DictionaryServices
0x0000000005730000 	/System/Library/Frameworks/NetFS.framework/Versions/A/NetFS
0x0000000005730000 	/System/Library/PrivateFrameworks/NetAuth.framework/Versions/A/NetAuth
0x0000000005730000 	/System/Library/PrivateFrameworks/login.framework/Versions/A/Frameworks/loginsupport.framework/Versions/A/loginsupport
0x0000000005730000 	/System/Library/PrivateFrameworks/TCC.framework/Versions/A/TCC
0x0000000005730000 	/System/Library/Frameworks/OpenDirectory.framework/Versions/A/Frameworks/CFOpenDirectory.framework/Versions/A/CFOpenDirectory
0x0000000005730000 	/System/Library/Frameworks/ServiceManagement.framework/Versions/A/ServiceManagement
0x0000000005730000 	/usr/lib/libxslt.1.dylib
0x0000000005730000 	/System/Library/Frameworks/Carbon.framework/Versions/A/Frameworks/Ink.framework/Versions/A/Ink
0x0000000005730000 	/System/Library/Frameworks/ApplicationServices.framework/Versions/A/Frameworks/ATS.framework/Versions/A/ATS
0x0000000005730000 	/System/Library/Frameworks/ApplicationServices.framework/Versions/A/Frameworks/ColorSync.framework/Versions/A/ColorSync
0x0000000005730000 	/System/Library/Frameworks/ApplicationServices.framework/Versions/A/Frameworks/HIServices.framework/Versions/A/HIServices
0x0000000005730000 	/System/Library/Frameworks/ApplicationServices.framework/Versions/A/Frameworks/LangAnalysis.framework/Versions/A/LangAnalysis
0x0000000005730000 	/System/Library/Frameworks/ApplicationServices.framework/Versions/A/Frameworks/PrintCore.framework/Versions/A/PrintCore
0x0000000005730000 	/System/Library/Frameworks/ApplicationServices.framework/Versions/A/Frameworks/QD.framework/Versions/A/QD
0x0000000005730000 	/System/Library/Frameworks/ApplicationServices.framework/Versions/A/Frameworks/SpeechSynthesis.framework/Versions/A/SpeechSynthesis
0x0000000005730000 	/System/Library/Frameworks/IOSurface.framework/Versions/A/IOSurface
0x0000000005730000 	/System/Library/Frameworks/Accelerate.framework/Versions/A/Accelerate
0x0000000005730000 	/System/Library/Frameworks/Accelerate.framework/Versions/A/Frameworks/vImage.framework/Versions/A/vImage
0x0000000005730000 	/System/Library/Frameworks/Accelerate.framework/Versions/A/Frameworks/vecLib.framework/Versions/A/vecLib
0x0000000005730000 	/System/Library/Frameworks/Accelerate.framework/Versions/A/Frameworks/vecLib.framework/Versions/A/libvDSP.dylib
0x0000000005730000 	/System/Library/Frameworks/Accelerate.framework/Versions/A/Frameworks/vecLib.framework/Versions/A/libvMisc.dylib
0x0000000005730000 	/System/Library/Frameworks/Accelerate.framework/Versions/A/Frameworks/vecLib.framework/Versions/A/libLAPACK.dylib
0x0000000005730000 	/System/Library/Frameworks/Accelerate.framework/Versions/A/Frameworks/vecLib.framework/Versions/A/libBLAS.dylib
0x0000000005730000 	/System/Library/Frameworks/Accelerate.framework/Versions/A/Frameworks/vecLib.framework/Versions/A/libLinearAlgebra.dylib
0x0000000005730000 	/System/Library/Frameworks/ApplicationServices.framework/Versions/A/Frameworks/ATS.framework/Versions/A/Resources/libFontParser.dylib
0x0000000005730000 	/System/Library/Frameworks/ApplicationServices.framework/Versions/A/Frameworks/ATS.framework/Versions/A/Resources/libFontRegistry.dylib
0x0000000005730000 	/System/Library/PrivateFrameworks/AppleVPA.framework/Versions/A/AppleVPA
0x0000000005730000 	/System/Library/PrivateFrameworks/AppleJPEG.framework/Versions/A/AppleJPEG
0x0000000005730000 	/System/Library/Frameworks/ImageIO.framework/Versions/A/Resources/libJPEG.dylib
0x0000000005730000 	/System/Library/Frameworks/ImageIO.framework/Versions/A/Resources/libTIFF.dylib
0x0000000005730000 	/System/Library/Frameworks/ImageIO.framework/Versions/A/Resources/libPng.dylib
0x0000000005730000 	/System/Library/Frameworks/ImageIO.framework/Versions/A/Resources/libGIF.dylib
0x0000000005730000 	/System/Library/Frameworks/ImageIO.framework/Versions/A/Resources/libJP2.dylib
0x0000000005730000 	/System/Library/Frameworks/ImageIO.framework/Versions/A/Resources/libRadiance.dylib
0x0000000005730000 	/System/Library/Frameworks/CoreVideo.framework/Versions/A/CoreVideo
0x0000000005730000 	/System/Library/Frameworks/OpenGL.framework/Versions/A/Libraries/libGLU.dylib
0x0000000005730000 	/System/Library/Frameworks/OpenGL.framework/Versions/A/Libraries/libGFXShared.dylib
0x0000000005730000 	/System/Library/Frameworks/OpenGL.framework/Versions/A/Libraries/libGL.dylib
0x0000000005730000 	/System/Library/Frameworks/OpenGL.framework/Versions/A/Libraries/libGLImage.dylib
0x0000000005730000 	/System/Library/Frameworks/OpenGL.framework/Versions/A/Libraries/libCVMSPluginSupport.dylib
0x0000000005730000 	/System/Library/Frameworks/OpenGL.framework/Versions/A/Libraries/libCoreVMClient.dylib
0x0000000005730000 	/usr/lib/libcups.2.dylib
0x0000000005730000 	/System/Library/Frameworks/Kerberos.framework/Versions/A/Kerberos
0x0000000005730000 	/System/Library/Frameworks/GSS.framework/Versions/A/GSS
0x0000000005730000 	/usr/lib/libresolv.9.dylib
0x0000000005730000 	/usr/lib/libiconv.2.dylib
0x0000000005730000 	/System/Library/PrivateFrameworks/Heimdal.framework/Versions/A/Heimdal
0x0000000005730000 	/usr/lib/libheimdal-asn1.dylib
0x0000000005730000 	/System/Library/Frameworks/OpenDirectory.framework/Versions/A/OpenDirectory
0x0000000005730000 	/System/Library/PrivateFrameworks/CommonAuth.framework/Versions/A/CommonAuth
0x0000000005730000 	/System/Library/Frameworks/SecurityFoundation.framework/Versions/A/SecurityFoundation
0x0000000005730000 	/System/Library/Frameworks/QuartzCore.framework/Versions/A/Frameworks/CoreImage.framework/Versions/A/CoreImage
0x0000000005730000 	/System/Library/PrivateFrameworks/CrashReporterSupport.framework/Versions/A/CrashReporterSupport
0x0000000005730000 	/System/Library/Frameworks/OpenCL.framework/Versions/A/OpenCL
0x0000000005730000 	/System/Library/PrivateFrameworks/FaceCore.framework/Versions/A/FaceCore
0x0000000005730000 	/System/Library/PrivateFrameworks/Ubiquity.framework/Versions/A/Ubiquity
0x0000000005730000 	/System/Library/PrivateFrameworks/IconServices.framework/Versions/A/IconServices
0x0000000005730000 	/System/Library/PrivateFrameworks/ChunkingLibrary.framework/Versions/A/ChunkingLibrary
0x0000000005730000 	/System/Library/PrivateFrameworks/Apple80211.framework/Versions/A/Apple80211
0x0000000005730000 	/System/Library/Frameworks/CoreWLAN.framework/Versions/A/CoreWLAN
0x0000000005730000 	/System/Library/Frameworks/IOBluetooth.framework/Versions/A/IOBluetooth
0x0000000005730000 	/System/Library/Frameworks/CoreWiFi.framework/Versions/A/CoreWiFi
0x0000000005730000 	/System/Library/Frameworks/CoreBluetooth.framework/Versions/A/CoreBluetooth
0x0000000005730000 	/System/Library/PrivateFrameworks/DebugSymbols.framework/Versions/A/DebugSymbols
0x0000000005730000 	/System/Library/PrivateFrameworks/CoreSymbolication.framework/Versions/A/CoreSymbolication
0x0000000005730000 	/System/Library/PrivateFrameworks/Symbolication.framework/Versions/A/Symbolication
0x0000000005730000 	/System/Library/PrivateFrameworks/SpeechRecognitionCore.framework/Versions/A/SpeechRecognitionCore
0x000000010950c000 	/System/Library/CoreServices/Encodings/libSimplifiedChineseConverter.dylib
0x0000000109e00000 	/Library/Java/JavaVirtualMachines/jdk1.7.0_51.jdk/Contents/Home/jre/lib/server/libjvm.dylib
0x0000000005730000 	/usr/lib/libstdc++.6.dylib
0x00000001095e9000 	/Library/Java/JavaVirtualMachines/jdk1.7.0_51.jdk/Contents/Home/jre/lib/libverify.dylib
0x000000010a956000 	/Library/Java/JavaVirtualMachines/jdk1.7.0_51.jdk/Contents/Home/jre/lib/libjava.dylib
0x000000010a986000 	/Library/Java/JavaVirtualMachines/jdk1.7.0_51.jdk/Contents/Home/jre/lib/libzip.dylib
0x0000000199483000 	/System/Library/Frameworks/JavaVM.framework/Frameworks/JavaRuntimeSupport.framework/JavaRuntimeSupport
0x0000000199499000 	/System/Library/Frameworks/JavaVM.framework/Versions/A/Frameworks/JavaNativeFoundation.framework/Versions/A/JavaNativeFoundation
0x00000001994ad000 	/System/Library/Frameworks/JavaVM.framework/Versions/A/JavaVM
0x0000000005730000 	/System/Library/Frameworks/Carbon.framework/Versions/A/Carbon
0x00000001994b9000 	/System/Library/PrivateFrameworks/JavaLaunching.framework/Versions/A/JavaLaunching
0x0000000005730000 	/System/Library/Frameworks/Carbon.framework/Versions/A/Frameworks/CommonPanels.framework/Versions/A/CommonPanels
0x0000000005730000 	/System/Library/Frameworks/Carbon.framework/Versions/A/Frameworks/Help.framework/Versions/A/Help
0x0000000005730000 	/System/Library/Frameworks/Carbon.framework/Versions/A/Frameworks/ImageCapture.framework/Versions/A/ImageCapture
0x0000000005730000 	/System/Library/Frameworks/Carbon.framework/Versions/A/Frameworks/OpenScripting.framework/Versions/A/OpenScripting
0x0000000005730000 	/System/Library/Frameworks/Carbon.framework/Versions/A/Frameworks/Print.framework/Versions/A/Print
0x0000000005730000 	/System/Library/Frameworks/Carbon.framework/Versions/A/Frameworks/SecurityHI.framework/Versions/A/SecurityHI
0x000000019b1ff000 	/Library/Java/JavaVirtualMachines/jdk1.7.0_51.jdk/Contents/Home/jre/lib/libawt.dylib
0x000000019b2ae000 	/Library/Java/JavaVirtualMachines/jdk1.7.0_51.jdk/Contents/Home/jre/lib/./libmlib_image.dylib
0x000000019b37a000 	/Library/Java/JavaVirtualMachines/jdk1.7.0_51.jdk/Contents/Home/jre/lib/lwawt/liblwawt.dylib
0x000000019b42e000 	/Library/Java/JavaVirtualMachines/jdk1.7.0_51.jdk/Contents/Home/jre/lib/libosxapp.dylib
0x0000000005730000 	/System/Library/Frameworks/ExceptionHandling.framework/Versions/A/ExceptionHandling
0x0000000005730000 	/System/Library/PrivateFrameworks/CoreServicesInternal.framework/Versions/A/CoreServicesInternal
0x0000000005730000 	/System/Library/PrivateFrameworks/CloudDocs.framework/Versions/A/CloudDocs
0x0000000005730000 	/System/Library/PrivateFrameworks/CoreDuet.framework/Versions/A/CoreDuet
0x0000000005730000 	/System/Library/Frameworks/CloudKit.framework/Versions/A/CloudKit
0x0000000005730000 	/System/Library/PrivateFrameworks/ProtocolBuffer.framework/Versions/A/ProtocolBuffer
0x0000000005730000 	/System/Library/PrivateFrameworks/CoreDuetDaemonProtocol.framework/Versions/A/CoreDuetDaemonProtocol
0x0000000005730000 	/System/Library/PrivateFrameworks/CoreDuetDebugLogging.framework/Versions/A/CoreDuetDebugLogging
0x0000000005730000 	/System/Library/Frameworks/CoreLocation.framework/Versions/A/CoreLocation
0x0000000005730000 	/System/Library/Frameworks/Accounts.framework/Versions/A/Accounts
0x0000000005730000 	/System/Library/PrivateFrameworks/ApplePushService.framework/Versions/A/ApplePushService
0x0000000005730000 	/System/Library/PrivateFrameworks/GeoServices.framework/Versions/A/GeoServices
0x0000000005730000 	/System/Library/PrivateFrameworks/OAuth.framework/Versions/A/OAuth
0x0000000005730000 	/System/Library/PrivateFrameworks/CoreDaemon.framework/Versions/B/CoreDaemon
0x0000000005730000 	/usr/lib/libcrypto.0.9.8.dylib
0x0000000005730000 	/System/Library/PrivateFrameworks/AppleSRP.framework/Versions/A/AppleSRP
0x0000000005730000 	/System/Library/PrivateFrameworks/TrustEvaluationAgent.framework/Versions/A/TrustEvaluationAgent
0x0000000005730000 	/System/Library/Frameworks/CoreGraphics.framework/Versions/A/Resources/libCGCMS.A.dylib
0x0000000005730000 	/System/Library/Frameworks/CoreGraphics.framework/Versions/A/Resources/libRIP.A.dylib
0x0000000005730000 	/System/Library/Frameworks/CoreGraphics.framework/Versions/A/Resources/libCGXType.A.dylib
0x0000000005730000 	/System/Library/Frameworks/OpenCL.framework/Versions/A/Libraries/libcldcpuengine.dylib
0x0000000005730000 	/System/Library/PrivateFrameworks/DiskImages.framework/Versions/A/DiskImages
0x0000000005730000 	/System/Library/Frameworks/DiscRecording.framework/Versions/A/DiscRecording
0x0000000005730000 	/usr/lib/libcsfde.dylib
0x0000000005730000 	/usr/lib/libcurl.4.dylib
0x0000000005730000 	/System/Library/PrivateFrameworks/MediaKit.framework/Versions/A/MediaKit
0x0000000005730000 	/System/Library/PrivateFrameworks/ProtectedCloudStorage.framework/Versions/A/ProtectedCloudStorage
0x0000000005730000 	/usr/lib/libCoreStorage.dylib
0x0000000005730000 	/System/Library/PrivateFrameworks/EFILogin.framework/Versions/A/EFILogin
0x0000000005730000 	/usr/lib/libutil.dylib
0x0000000005730000 	/System/Library/PrivateFrameworks/FindMyDevice.framework/Versions/A/FindMyDevice
0x0000000005730000 	/System/Library/Frameworks/LDAP.framework/Versions/A/LDAP
0x0000000005730000 	/usr/lib/libsasl2.2.dylib
0x000000019d7f5000 	cl_kernels
0x000000019d7f7000 	/System/Library/Frameworks/OpenCL.framework/Versions/A/Libraries/ImageFormats/unorm8_bgra.dylib
0x000000019d7e6000 	cl_kernels
0x0000000005730000 	/System/Library/PrivateFrameworks/FamilyControls.framework/Versions/A/FamilyControls
0x0000000005730000 	/System/Library/PrivateFrameworks/CommerceKit.framework/Versions/A/Frameworks/CommerceCore.framework/Versions/A/CommerceCore
0x0000000005730000 	/System/Library/PrivateFrameworks/SystemAdministration.framework/Versions/A/SystemAdministration
0x0000000005730000 	/System/Library/PrivateFrameworks/AppContainer.framework/Versions/A/AppContainer
0x0000000005730000 	/System/Library/PrivateFrameworks/SecCodeWrapper.framework/Versions/A/SecCodeWrapper
0x0000000005730000 	/System/Library/Frameworks/DirectoryService.framework/Versions/A/DirectoryService
0x0000000005730000 	/System/Library/PrivateFrameworks/LoginUIKit.framework/Versions/A/Frameworks/LoginUICore.framework/Versions/A/LoginUICore
0x0000000005730000 	/usr/lib/libodfde.dylib
0x000000019eee7000 	/Library/Java/JavaVirtualMachines/jdk1.7.0_51.jdk/Contents/Home/jre/lib/libfontmanager.dylib
0x000000019ef4e000 	/Users/smithdodo/Documents/workspace2/Pacman_rebuid/lwjgl-2.9.0/native/macosx/liblwjgl.jnilib
0x000000019d365000 	/Library/Java/JavaVirtualMachines/jdk1.7.0_51.jdk/Contents/Home/jre/lib/libjawt.dylib
0x000000019d368000 	/Library/Java/JavaVirtualMachines/jdk1.7.0_51.jdk/Contents/Home/jre/lib/libnio.dylib
0x000000019efc9000 	/Library/Java/JavaVirtualMachines/jdk1.7.0_51.jdk/Contents/Home/jre/lib/./libnet.dylib
0x0000000005730000 	/System/Library/Frameworks/OpenGL.framework/Versions/A/Resources/GLEngine.bundle/GLEngine
0x0000000005730000 	/System/Library/Frameworks/OpenGL.framework/Versions/A/Libraries/libGLProgrammability.dylib
0x0000000000000000 	/System/Library/Extensions/AppleIntelHD4000GraphicsGLDriver.bundle/Contents/MacOS/AppleIntelHD4000GraphicsGLDriver
0x0000000005730000 	/System/Library/PrivateFrameworks/IOAccelerator.framework/Versions/A/IOAccelerator
0x0000000005730000 	/System/Library/PrivateFrameworks/GPUSupport.framework/Versions/A/Libraries/libGPUSupportMercury.dylib
0x0000000005730000 	/System/Library/Frameworks/OpenGL.framework/Versions/A/Resources/GLRendererFloat.bundle/GLRendererFloat
0x000000019f856000 	/Library/Java/JavaVirtualMachines/jdk1.7.0_51.jdk/Contents/Home/jre/lib/libjpeg.dylib

VM Arguments:
jvm_args: -Djava.library.path=/Users/smithdodo/Documents/workspace2/Pacman_rebuid/lwjgl-2.9.0/native/macosx -Dfile.encoding=UTF-8 
java_command: de.tu_darmstadt.gdi1.pacman.main.Main
Launcher Type: SUN_STANDARD

Environment Variables:
PATH=/usr/bin:/bin:/usr/sbin:/sbin
SHELL=/bin/bash

Signal Handlers:
SIGSEGV: [libjvm.dylib+0x525425], sa_mask[0]=0xfffefeff, sa_flags=0x00000043
SIGBUS: [libjvm.dylib+0x525425], sa_mask[0]=0xfffefeff, sa_flags=0x00000042
SIGFPE: [libjvm.dylib+0x41892a], sa_mask[0]=0xfffefeff, sa_flags=0x00000042
SIGPIPE: [libjvm.dylib+0x41892a], sa_mask[0]=0xfffefeff, sa_flags=0x00000042
SIGXFSZ: [libjvm.dylib+0x41892a], sa_mask[0]=0xfffefeff, sa_flags=0x00000042
SIGILL: [libjvm.dylib+0x41892a], sa_mask[0]=0xfffefeff, sa_flags=0x00000042
SIGUSR1: SIG_DFL, sa_mask[0]=0x00000000, sa_flags=0x00000000
SIGUSR2: [libjvm.dylib+0x41841c], sa_mask[0]=0x00000004, sa_flags=0x00000042
SIGHUP: [libjvm.dylib+0x4166ab], sa_mask[0]=0xfffefeff, sa_flags=0x00000042
SIGINT: [libjvm.dylib+0x4166ab], sa_mask[0]=0xfffefeff, sa_flags=0x00000042
SIGTERM: [libjvm.dylib+0x4166ab], sa_mask[0]=0xfffefeff, sa_flags=0x00000042
SIGQUIT: [libjvm.dylib+0x4166ab], sa_mask[0]=0xfffefeff, sa_flags=0x00000042


---------------  S Y S T E M  ---------------

OS:Bsduname:Darwin 14.0.0 Darwin Kernel Version 14.0.0: Wed Jul 16 00:46:31 PDT 2014; root:xnu-2782.1.43.0.2~2/RELEASE_X86_64 x86_64
rlimit: STACK 8192k, CORE 0k, NPROC 709, NOFILE 10240, AS infinity
load average:1.91 1.63 1.53

CPU:total 4 (2 cores per cpu, 2 threads per core) family 6 model 58 stepping 9, cmov, cx8, fxsr, mmx, sse, sse2, sse3, ssse3, sse4.1, sse4.2, popcnt, avx, aes, erms, ht, tsc, tscinvbit, tscinv

Memory: 4k page, physical 8388608k(2097152k free)

/proc/meminfo:


vm_info: Java HotSpot(TM) 64-Bit Server VM (24.51-b03) for bsd-amd64 JRE (1.7.0_51-b13), built on Dec 18 2013 18:45:56 by "java_re" with gcc 4.2.1 (Based on Apple Inc. build 5658) (LLVM build 2336.11.00)

time: Sun Jul 27 14:15:21 2014
elapsed time: 5 seconds

