#
# A fatal error has been detected by the Java Runtime Environment:
#
#  SIGSEGV (0xb) at pc=0x00007fff863f00dd, pid=7366, tid=1299
#
# JRE version: Java(TM) SE Runtime Environment (7.0_51-b13) (build 1.7.0_51-b13)
# Java VM: Java HotSpot(TM) 64-Bit Server VM (24.51-b03 mixed mode bsd-amd64 compressed oops)
# Problematic frame:
# C  [libobjc.A.dylib+0x10dd]  objc_msgSend+0x1d
#
# Failed to write core dump. Core dumps have been disabled. To enable core dumping, try "ulimit -c unlimited" before starting Java again
#
# If you would like to submit a bug report, please visit:
#   http://bugreport.sun.com/bugreport/crash.jsp
# The crash happened outside the Java Virtual Machine in native code.
# See problematic frame for where to report the bug.
#

---------------  T H R E A D  ---------------

Current thread (0x00007fb584004000):  JavaThread "AppKit Thread" daemon [_thread_in_native, id=1299, stack(0x00007fff5bf24000,0x00007fff5bfa4000)]

siginfo:si_signo=SIGSEGV: si_errno=0, si_code=1 (SEGV_MAPERR), si_addr=0x0000000000000018

Registers:
RAX=0x00007fb582e3ebb0, RBX=0x00007fff5bf9f838, RCX=0x0000000000000000, RDX=0x00007fb582c85ab0
RSP=0x00007fff5bf9f658, RBP=0x00007fff5bf9f660, RSI=0x00007fff8d415560, RDI=0x00007fb582e3ebb0
R8 =0x00007fb582e03d60, R9 =0x00007fff5bf9f640, R10=0x00007fff8d415560, R11=0x0000000000000000
R12=0x00007fb582e03d60, R13=0x00000000000f42f4, R14=0x00007fb582d7e040, R15=0x00007fff5bf9f798
RIP=0x00007fff863f00dd, EFLAGS=0x0000000000010246, ERR=0x0000000000000004
  TRAPNO=0x000000000000000e

Top of Stack: (sp=0x00007fff5bf9f658)
0x00007fff5bf9f658:   00007fff81dca29c 00007fff5bf9f9c0
0x00007fff5bf9f668:   00007fff81cbb7d4 00007fff5bf9f6b0
0x00007fff5bf9f678:   00007fff5bf9f710 0000000000000000
0x00007fff5bf9f688:   00007fff5bf9f70c 00007fff5bf9f714
0x00007fff5bf9f698:   00000000000008d0 0000000000052cb0
0x00007fff5bf9f6a8:   00007fb582d7e040 0000000000000000
0x00007fff5bf9f6b8:   00007fff5bf9f790 0000000000000000
0x00007fff5bf9f6c8:   00007fb582f3ed10 00007fff5bf9f810
0x00007fff5bf9f6d8:   000000000000005e 00000000000f42f6
0x00007fff5bf9f6e8:   00007fb582c85ab0 00007fb582f3e7a0
0x00007fff5bf9f6f8:   00007fb582e03d60 0000000000000001
0x00007fff5bf9f708:   00000000000f42f4 00007fb582e03d50
0x00007fff5bf9f718:   0000000000000000 00007fff88961b08
0x00007fff5bf9f728:   0000000000000000 00007fff5bf9f820
0x00007fff5bf9f738:   00007fff8b322204 0000000170e638e8
0x00007fff5bf9f748:   00007fff8b6fd1a3 0000000000000000
0x00007fff5bf9f758:   00007fff70e638c8 00007fff70e638c8
0x00007fff5bf9f768:   0000000000000003 00007fb584800098
0x00007fff5bf9f778:   0000000103c79a00 0000000000000000
0x00007fff5bf9f788:   0000000000438701 00007fb582f3ed90
0x00007fff5bf9f798:   00007fb582d7e040 0000000000000000
0x00007fff5bf9f7a8:   00007fff70e638c8 00007fff70e638c8
0x00007fff5bf9f7b8:   00007fff8d44c626 00007fff5bf9f860
0x00007fff5bf9f7c8:   00007fff8b6fd8fb 0000000000052cb0
0x00007fff5bf9f7d8:   0000000000438801 0000000000000100
0x00007fff5bf9f7e8:   00007fff70e638c8 00007fff5bf9f8e0
0x00007fff5bf9f7f8:   00007fff8daecfb4 00007fff70e638e0
0x00007fff5bf9f808:   00007fff8b6fd1a3 000000000000004d
0x00007fff5bf9f818:   0000000000000000 00000000000f42dd
0x00007fff5bf9f828:   000000000000004f 0000000000000000
0x00007fff5bf9f838:   00000000000f42f4 0000000000052cb0
0x00007fff5bf9f848:   0000000000439701 0000000000000100 

Instructions: (pc=0x00007fff863f00dd)
0x00007fff863f00bd:   00 00 00 48 85 ff 2e 74 7a 40 f6 c7 01 2e 75 7e
0x00007fff863f00cd:   49 bb f8 ff ff ff ff 7f 00 00 4c 23 1f 49 89 f2
0x00007fff863f00dd:   45 23 53 18 49 c1 e2 04 4d 03 53 10 49 3b 32 75
0x00007fff863f00ed:   04 41 ff 62 08 49 83 3a 00 74 6a 4d 3b 53 10 74 

Register to memory mapping:

RAX=0x00007fb582e3ebb0 is an unknown value
RBX=0x00007fff5bf9f838 is pointing into the stack for thread: 0x00007fb584004000
RCX=0x0000000000000000 is an unknown value
RDX=0x00007fb582c85ab0 is an unknown value
RSP=0x00007fff5bf9f658 is pointing into the stack for thread: 0x00007fb584004000
RBP=0x00007fff5bf9f660 is pointing into the stack for thread: 0x00007fb584004000
RSI=0x00007fff8d415560: -[NSTitlebarContainerView shouldRoundCorners]+0x5c532 in /System/Library/Frameworks/AppKit.framework/Versions/C/AppKit at 0x00007fff8ca3b000
RDI=0x00007fb582e3ebb0 is an unknown value
R8 =0x00007fb582e03d60 is an unknown value
R9 =0x00007fff5bf9f640 is pointing into the stack for thread: 0x00007fb584004000
R10=0x00007fff8d415560: -[NSTitlebarContainerView shouldRoundCorners]+0x5c532 in /System/Library/Frameworks/AppKit.framework/Versions/C/AppKit at 0x00007fff8ca3b000
R11=0x0000000000000000 is an unknown value
R12=0x00007fb582e03d60 is an unknown value
R13=0x00000000000f42f4 is an unknown value
R14=0x00007fb582d7e040 is an unknown value
R15=0x00007fff5bf9f798 is pointing into the stack for thread: 0x00007fb584004000


Stack: [0x00007fff5bf24000,0x00007fff5bfa4000],  sp=0x00007fff5bf9f658,  free space=493k
Native frames: (J=compiled Java code, j=interpreted, Vv=VM code, C=native code)
C  [libobjc.A.dylib+0x10dd]  objc_msgSend+0x1d
C  [CoreFoundation+0x107d4]  _CFXNotificationPost+0xc44
C  [Foundation+0x2cd1]  -[NSNotificationCenter postNotificationName:object:userInfo:]+0x42
C  [AppKit+0xdcf54]  -[NSSurface _disposeSurface]+0x98
C  [AppKit+0xdca3d]  -[NSSurface setWindow:]+0x42
C  [AppKit+0x3bb21]  -[NSView _setWindow:]+0x98f
C  [AppKit+0x3cd61]  -[NSView removeFromSuperview]+0x1c5
C  [AppKit+0x90bdb]  -[NSView removeFromSuperviewWithoutNeedingDisplay]+0x26
C  [liblwjgl.jnilib+0x936e]  +[MacOSXKeyableWindow destroyWindow]+0xde
C  [Foundation+0x65ad8]  __NSThreadPerformPerform+0x125
C  [CoreFoundation+0x81111]  __CFRUNLOOP_IS_CALLING_OUT_TO_A_SOURCE0_PERFORM_FUNCTION__+0x11
C  [CoreFoundation+0x72c8d]  __CFRunLoopDoSources0+0x10d
C  [CoreFoundation+0x722db]  __CFRunLoopRun+0x39b
C  [CoreFoundation+0x71cf8]  CFRunLoopRunSpecific+0x128
C  [HIToolbox+0x2e72f]  RunCurrentEventLoopInMode+0xeb
C  [HIToolbox+0x2e3a6]  ReceiveNextEventCommon+0xb3
C  [HIToolbox+0x2e2e3]  _BlockUntilNextEventMatchingListInModeWithFilter+0x47
C  [AppKit+0x23f05]  _DPSNextEvent+0x3e8
C  [AppKit+0x236d9]  -[NSApplication nextEventMatchingMask:untilDate:inMode:dequeue:]+0x8b
C  [libosxapp.dylib+0x16f4]  -[NSApplicationAWT nextEventMatchingMask:untilDate:inMode:dequeue:]+0x7c
C  [AppKit+0x17643]  -[NSApplication run]+0x252
C  [libosxapp.dylib+0x1557]  +[NSApplicationAWT runAWTLoopWithApp:]+0x9c
C  [liblwawt.dylib+0xdba9]  -[AWTStarter starter:]+0x369
C  [Foundation+0x65ad8]  __NSThreadPerformPerform+0x125
C  [CoreFoundation+0x81111]  __CFRUNLOOP_IS_CALLING_OUT_TO_A_SOURCE0_PERFORM_FUNCTION__+0x11
C  [CoreFoundation+0x72c8d]  __CFRunLoopDoSources0+0x10d
C  [CoreFoundation+0x722db]  __CFRunLoopRun+0x39b
C  [CoreFoundation+0x71cf8]  CFRunLoopRunSpecific+0x128
C  [java+0x73b0]  CreateExecutionEnvironment+0x367
C  [java+0x1b5c]  JLI_Launch+0x7a0
C  [java+0x770d]  main+0x65
C  [java+0x13b4]  start+0x34


---------------  P R O C E S S  ---------------

Java Threads: ( => current thread )
  0x00007fb58315a000 JavaThread "AWT-Shutdown" [_thread_blocked, id=27675, stack(0x0000000111c62000,0x0000000111d62000)]
  0x00007fb584957000 JavaThread "Java2D Queue Flusher" daemon [_thread_blocked, id=53347, stack(0x0000000115a42000,0x0000000115b42000)]
  0x00007fb584977000 JavaThread "Java2D Disposer" daemon [_thread_blocked, id=51731, stack(0x0000000114de3000,0x0000000114ee3000)]
=>0x00007fb584004000 JavaThread "AppKit Thread" daemon [_thread_in_native, id=1299, stack(0x00007fff5bf24000,0x00007fff5bfa4000)]
  0x00007fb584831800 JavaThread "Service Thread" daemon [_thread_blocked, id=17667, stack(0x00000001104e4000,0x00000001105e4000)]
  0x00007fb58482d000 JavaThread "C2 CompilerThread1" daemon [_thread_blocked, id=17155, stack(0x00000001103e1000,0x00000001104e1000)]
  0x00007fb584830000 JavaThread "C2 CompilerThread0" daemon [_thread_blocked, id=16643, stack(0x00000001102de000,0x00000001103de000)]
  0x00007fb58482c800 JavaThread "Signal Dispatcher" daemon [_thread_blocked, id=13327, stack(0x00000001101db000,0x00000001102db000)]
  0x00007fb583803000 JavaThread "Finalizer" daemon [_thread_blocked, id=11523, stack(0x000000010e897000,0x000000010e997000)]
  0x00007fb583007800 JavaThread "Reference Handler" daemon [_thread_blocked, id=11011, stack(0x000000010e794000,0x000000010e894000)]
  0x00007fb583800000 JavaThread "main" [_thread_in_native, id=5379, stack(0x0000000105054000,0x0000000105154000)]

Other Threads:
  0x00007fb584818000 VMThread [stack: 0x000000010e691000,0x000000010e791000] [id=10499]
  0x00007fb58483a800 WatcherThread [stack: 0x00000001105e7000,0x00000001106e7000] [id=18179]

VM state:not at safepoint (normal execution)

VM Mutex/Monitor currently owned by a thread: None

Heap
 PSYoungGen      total 72704K, used 21989K [0x00000007d5500000, 0x00000007de300000, 0x0000000800000000)
  eden space 67584K, 32% used [0x00000007d5500000,0x00000007d6a796c0,0x00000007d9700000)
  from space 5120K, 0% used [0x00000007d9700000,0x00000007d9700000,0x00000007d9c00000)
  to   space 5120K, 0% used [0x00000007dde00000,0x00000007dde00000,0x00000007de300000)
 ParOldGen       total 138752K, used 32319K [0x0000000780000000, 0x0000000788780000, 0x00000007d5500000)
  object space 138752K, 23% used [0x0000000780000000,0x0000000781f8ff38,0x0000000788780000)
 PSPermGen       total 21504K, used 8351K [0x000000077ae00000, 0x000000077c300000, 0x0000000780000000)
  object space 21504K, 38% used [0x000000077ae00000,0x000000077b627c20,0x000000077c300000)

Card table byte_map: [0x0000000108216000,0x0000000108640000] byte_map_base: 0x000000010463f000

Polling page: 0x0000000103dc1000

Code Cache  [0x0000000105156000, 0x00000001053c6000, 0x0000000108156000)
 total_blobs=580 nmethods=142 adapters=393 free_code_cache=48132Kb largest_free_block=49251264

Compilation events (10 events):
Event: 3.500 Thread 0x00007fb584830000 nmethod 138 0x000000010521f510 code [0x000000010521f640, 0x000000010521f6b8]
Event: 3.587 Thread 0x00007fb58482d000 nmethod 136 0x0000000105236690 code [0x0000000105236ba0, 0x0000000105238ce8]
Event: 3.682 Thread 0x00007fb584830000  139             java.lang.String::getChars (62 bytes)
Event: 3.684 Thread 0x00007fb584830000 nmethod 139 0x000000010521f110 code [0x000000010521f260, 0x000000010521f398]
Event: 3.883 Thread 0x00007fb58482d000  140             java.lang.String::<init> (67 bytes)
Event: 3.886 Thread 0x00007fb58482d000 nmethod 140 0x000000010521eb90 code [0x000000010521ece0, 0x000000010521ef78]
Event: 4.533 Thread 0x00007fb584830000  141             java.lang.AbstractStringBuilder::append (48 bytes)
Event: 4.537 Thread 0x00007fb584830000 nmethod 141 0x0000000105234310 code [0x0000000105234480, 0x0000000105234858]
Event: 4.916 Thread 0x00007fb58482d000  142             java.lang.StringBuilder::append (8 bytes)
Event: 4.921 Thread 0x00007fb58482d000 nmethod 142 0x0000000105233a10 code [0x0000000105233b80, 0x0000000105233f58]

GC Heap History (8 events):
Event: 0.824 GC heap before
{Heap before GC invocations=1 (full 0):
 PSYoungGen      total 38912K, used 33792K [0x00000007d5500000, 0x00000007d8000000, 0x0000000800000000)
  eden space 33792K, 100% used [0x00000007d5500000,0x00000007d7600000,0x00000007d7600000)
  from space 5120K, 0% used [0x00000007d7b00000,0x00000007d7b00000,0x00000007d8000000)
  to   space 5120K, 0% used [0x00000007d7600000,0x00000007d7600000,0x00000007d7b00000)
 ParOldGen       total 87040K, used 0K [0x0000000780000000, 0x0000000785500000, 0x00000007d5500000)
  object space 87040K, 0% used [0x0000000780000000,0x0000000780000000,0x0000000785500000)
 PSPermGen       total 21504K, used 6972K [0x000000077ae00000, 0x000000077c300000, 0x0000000780000000)
  object space 21504K, 32% used [0x000000077ae00000,0x000000077b4cf1f0,0x000000077c300000)
Event: 0.834 GC heap after
Heap after GC invocations=1 (full 0):
 PSYoungGen      total 38912K, used 1881K [0x00000007d5500000, 0x00000007da100000, 0x0000000800000000)
  eden space 33792K, 0% used [0x00000007d5500000,0x00000007d5500000,0x00000007d7600000)
  from space 5120K, 36% used [0x00000007d7600000,0x00000007d77d6450,0x00000007d7b00000)
  to   space 5120K, 0% used [0x00000007d9c00000,0x00000007d9c00000,0x00000007da100000)
 ParOldGen       total 87040K, used 15511K [0x0000000780000000, 0x0000000785500000, 0x00000007d5500000)
  object space 87040K, 17% used [0x0000000780000000,0x0000000780f25fd0,0x0000000785500000)
 PSPermGen       total 21504K, used 6972K [0x000000077ae00000, 0x000000077c300000, 0x0000000780000000)
  object space 21504K, 32% used [0x000000077ae00000,0x000000077b4cf1f0,0x000000077c300000)
}
Event: 1.043 GC heap before
{Heap before GC invocations=2 (full 0):
 PSYoungGen      total 38912K, used 33270K [0x00000007d5500000, 0x00000007da100000, 0x0000000800000000)
  eden space 33792K, 92% used [0x00000007d5500000,0x00000007d73a7550,0x00000007d7600000)
  from space 5120K, 36% used [0x00000007d7600000,0x00000007d77d6450,0x00000007d7b00000)
  to   space 5120K, 0% used [0x00000007d9c00000,0x00000007d9c00000,0x00000007da100000)
 ParOldGen       total 87040K, used 15511K [0x0000000780000000, 0x0000000785500000, 0x00000007d5500000)
  object space 87040K, 17% used [0x0000000780000000,0x0000000780f25fd0,0x0000000785500000)
 PSPermGen       total 21504K, used 6972K [0x000000077ae00000, 0x000000077c300000, 0x0000000780000000)
  object space 21504K, 32% used [0x000000077ae00000,0x000000077b4cf1f0,0x000000077c300000)
Event: 1.046 GC heap after
Heap after GC invocations=2 (full 0):
 PSYoungGen      total 72704K, used 1074K [0x00000007d5500000, 0x00000007da100000, 0x0000000800000000)
  eden space 67584K, 0% used [0x00000007d5500000,0x00000007d5500000,0x00000007d9700000)
  from space 5120K, 20% used [0x00000007d9c00000,0x00000007d9d0c910,0x00000007da100000)
  to   space 5120K, 0% used [0x00000007d9700000,0x00000007d9700000,0x00000007d9c00000)
 ParOldGen       total 87040K, used 15519K [0x0000000780000000, 0x0000000785500000, 0x00000007d5500000)
  object space 87040K, 17% used [0x0000000780000000,0x0000000780f27fd0,0x0000000785500000)
 PSPermGen       total 21504K, used 6972K [0x000000077ae00000, 0x000000077c300000, 0x0000000780000000)
  object space 21504K, 32% used [0x000000077ae00000,0x000000077b4cf1f0,0x000000077c300000)
}
Event: 1.415 GC heap before
{Heap before GC invocations=3 (full 0):
 PSYoungGen      total 72704K, used 68658K [0x00000007d5500000, 0x00000007da100000, 0x0000000800000000)
  eden space 67584K, 100% used [0x00000007d5500000,0x00000007d9700000,0x00000007d9700000)
  from space 5120K, 20% used [0x00000007d9c00000,0x00000007d9d0c910,0x00000007da100000)
  to   space 5120K, 0% used [0x00000007d9700000,0x00000007d9700000,0x00000007d9c00000)
 ParOldGen       total 87040K, used 15519K [0x0000000780000000, 0x0000000785500000, 0x00000007d5500000)
  object space 87040K, 17% used [0x0000000780000000,0x0000000780f27fd0,0x0000000785500000)
 PSPermGen       total 21504K, used 8106K [0x000000077ae00000, 0x000000077c300000, 0x0000000780000000)
  object space 21504K, 37% used [0x000000077ae00000,0x000000077b5ea970,0x000000077c300000)
Event: 1.438 GC heap after
Heap after GC invocations=3 (full 0):
 PSYoungGen      total 72704K, used 1184K [0x00000007d5500000, 0x00000007de300000, 0x0000000800000000)
  eden space 67584K, 0% used [0x00000007d5500000,0x00000007d5500000,0x00000007d9700000)
  from space 5120K, 23% used [0x00000007d9700000,0x00000007d9828000,0x00000007d9c00000)
  to   space 5120K, 0% used [0x00000007dde00000,0x00000007dde00000,0x00000007de300000)
 ParOldGen       total 87040K, used 66165K [0x0000000780000000, 0x0000000785500000, 0x00000007d5500000)
  object space 87040K, 76% used [0x0000000780000000,0x000000078409d520,0x0000000785500000)
 PSPermGen       total 21504K, used 8106K [0x000000077ae00000, 0x000000077c300000, 0x0000000780000000)
  object space 21504K, 37% used [0x000000077ae00000,0x000000077b5ea970,0x000000077c300000)
}
Event: 1.438 GC heap before
{Heap before GC invocations=4 (full 1):
 PSYoungGen      total 72704K, used 1184K [0x00000007d5500000, 0x00000007de300000, 0x0000000800000000)
  eden space 67584K, 0% used [0x00000007d5500000,0x00000007d5500000,0x00000007d9700000)
  from space 5120K, 23% used [0x00000007d9700000,0x00000007d9828000,0x00000007d9c00000)
  to   space 5120K, 0% used [0x00000007dde00000,0x00000007dde00000,0x00000007de300000)
 ParOldGen       total 87040K, used 66165K [0x0000000780000000, 0x0000000785500000, 0x00000007d5500000)
  object space 87040K, 76% used [0x0000000780000000,0x000000078409d520,0x0000000785500000)
 PSPermGen       total 21504K, used 8106K [0x000000077ae00000, 0x000000077c300000, 0x0000000780000000)
  object space 21504K, 37% used [0x000000077ae00000,0x000000077b5ea970,0x000000077c300000)
Event: 1.466 GC heap after
Heap after GC invocations=4 (full 1):
 PSYoungGen      total 72704K, used 0K [0x00000007d5500000, 0x00000007de300000, 0x0000000800000000)
  eden space 67584K, 0% used [0x00000007d5500000,0x00000007d5500000,0x00000007d9700000)
  from space 5120K, 0% used [0x00000007d9700000,0x00000007d9700000,0x00000007d9c00000)
  to   space 5120K, 0% used [0x00000007dde00000,0x00000007dde00000,0x00000007de300000)
 ParOldGen       total 138752K, used 32319K [0x0000000780000000, 0x0000000788780000, 0x00000007d5500000)
  object space 138752K, 23% used [0x0000000780000000,0x0000000781f8ff38,0x0000000788780000)
 PSPermGen       total 21504K, used 8104K [0x000000077ae00000, 0x000000077c300000, 0x0000000780000000)
  object space 21504K, 37% used [0x000000077ae00000,0x000000077b5ea348,0x000000077c300000)
}

Deoptimization events (4 events):
Event: 1.066 Thread 0x00007fb584004000 Uncommon trap: reason=null_check action=make_not_entrant pc=0x00000001051c7610 method=java.lang.String.equals(Ljava/lang/Object;)Z @ 8
Event: 1.488 Thread 0x00007fb583800000 Uncommon trap: reason=unreached action=reinterpret pc=0x00000001052079e4 method=java.awt.image.ComponentColorModel.getDataElements(ILjava/lang/Object;)Ljava/lang/Object; @ 2993
Event: 1.488 Thread 0x00007fb583800000 Uncommon trap: reason=unreached action=reinterpret pc=0x00000001051e9f08 method=sun.awt.image.ByteInterleavedRaster.getDataElements(IILjava/lang/Object;)Ljava/lang/Object; @ 43
Event: 1.541 Thread 0x00007fb583800000 Uncommon trap: reason=unloaded action=reinterpret pc=0x00000001051d1d04 method=java.io.BufferedReader.readLine(Z)Ljava/lang/String; @ 268

Internal exceptions (10 events):
Event: 4.349 Thread 0x00007fb583800000 Threw 0x00000007d696fa70 at /HUDSON/workspace/7u-2-build-macosx-x86_64/jdk7u51/527/hotspot/src/share/vm/interpreter/interpreterRuntime.cpp:362
Event: 4.599 Thread 0x00007fb583800000 Threw 0x00000007d697c658 at /HUDSON/workspace/7u-2-build-macosx-x86_64/jdk7u51/527/hotspot/src/share/vm/interpreter/interpreterRuntime.cpp:362
Event: 4.699 Thread 0x00007fb583800000 Threw 0x00000007d6981e30 at /HUDSON/workspace/7u-2-build-macosx-x86_64/jdk7u51/527/hotspot/src/share/vm/interpreter/interpreterRuntime.cpp:362
Event: 4.883 Thread 0x00007fb583800000 Threw 0x00000007d698b158 at /HUDSON/workspace/7u-2-build-macosx-x86_64/jdk7u51/527/hotspot/src/share/vm/interpreter/interpreterRuntime.cpp:362
Event: 4.883 Thread 0x00007fb583800000 Threw 0x00000007d698b9b0 at /HUDSON/workspace/7u-2-build-macosx-x86_64/jdk7u51/527/hotspot/src/share/vm/interpreter/interpreterRuntime.cpp:362
Event: 5.099 Thread 0x00007fb583800000 Threw 0x00000007d6996a48 at /HUDSON/workspace/7u-2-build-macosx-x86_64/jdk7u51/527/hotspot/src/share/vm/interpreter/interpreterRuntime.cpp:362
Event: 5.233 Thread 0x00007fb583800000 Threw 0x00000007d699db50 at /HUDSON/workspace/7u-2-build-macosx-x86_64/jdk7u51/527/hotspot/src/share/vm/interpreter/interpreterRuntime.cpp:362
Event: 5.398 Thread 0x00007fb583800000 Threw 0x00000007d69a62f0 at /HUDSON/workspace/7u-2-build-macosx-x86_64/jdk7u51/527/hotspot/src/share/vm/interpreter/interpreterRuntime.cpp:362
Event: 5.399 Thread 0x00007fb583800000 Threw 0x00000007d69a6b48 at /HUDSON/workspace/7u-2-build-macosx-x86_64/jdk7u51/527/hotspot/src/share/vm/interpreter/interpreterRuntime.cpp:362
Event: 5.488 Thread 0x00007fb583800000 Threw 0x00000007d69ab1c0 at /HUDSON/workspace/7u-2-build-macosx-x86_64/jdk7u51/527/hotspot/src/share/vm/prims/jvm.cpp:1244

Events (10 events):
Event: 3.247 loading class 0x00007fb584148b10
Event: 3.248 loading class 0x00007fb584148b10 done
Event: 3.248 loading class 0x00007fb58302cec0
Event: 3.248 loading class 0x00007fb58302cec0 done
Event: 3.248 Thread 0x00007fb584099800 Thread exited: 0x00007fb584099800
Event: 3.342 Thread 0x00007fb58315a000 Thread added: 0x00007fb58315a000
Event: 4.096 Executing VM operation: EnableBiasedLocking
Event: 4.096 Executing VM operation: EnableBiasedLocking done
Event: 5.488 loading class 0x00007fb582c66640
Event: 5.488 loading class 0x00007fb582c66640 done


Dynamic libraries:
0x000000000011f000 	/System/Library/Frameworks/Cocoa.framework/Versions/A/Cocoa
0x000000000011f000 	/System/Library/Frameworks/Security.framework/Versions/A/Security
0x000000000011f000 	/System/Library/Frameworks/ApplicationServices.framework/Versions/A/ApplicationServices
0x000000000011f000 	/usr/lib/libz.1.dylib
0x000000000011f000 	/usr/lib/libSystem.B.dylib
0x000000000011f000 	/usr/lib/libobjc.A.dylib
0x000000000011f000 	/System/Library/Frameworks/CoreFoundation.framework/Versions/A/CoreFoundation
0x000000000011f000 	/System/Library/Frameworks/Foundation.framework/Versions/C/Foundation
0x000000000011f000 	/System/Library/Frameworks/AppKit.framework/Versions/C/AppKit
0x000000000011f000 	/System/Library/Frameworks/CoreData.framework/Versions/A/CoreData
0x000000000011f000 	/System/Library/PrivateFrameworks/RemoteViewServices.framework/Versions/A/RemoteViewServices
0x000000000011f000 	/System/Library/PrivateFrameworks/UIFoundation.framework/Versions/A/UIFoundation
0x000000000011f000 	/System/Library/Frameworks/AudioToolbox.framework/Versions/A/AudioToolbox
0x000000000011f000 	/System/Library/Frameworks/AudioUnit.framework/Versions/A/AudioUnit
0x000000000011f000 	/System/Library/PrivateFrameworks/DataDetectorsCore.framework/Versions/A/DataDetectorsCore
0x000000000011f000 	/System/Library/PrivateFrameworks/DesktopServicesPriv.framework/Versions/A/DesktopServicesPriv
0x000000000011f000 	/System/Library/Frameworks/Carbon.framework/Versions/A/Frameworks/HIToolbox.framework/Versions/A/HIToolbox
0x000000000011f000 	/System/Library/Frameworks/QuartzCore.framework/Versions/A/QuartzCore
0x000000000011f000 	/System/Library/Frameworks/Carbon.framework/Versions/A/Frameworks/SpeechRecognition.framework/Versions/A/SpeechRecognition
0x000000000011f000 	/usr/lib/libauto.dylib
0x000000000011f000 	/usr/lib/libicucore.A.dylib
0x000000000011f000 	/usr/lib/libxml2.2.dylib
0x000000000011f000 	/System/Library/PrivateFrameworks/CoreUI.framework/Versions/A/CoreUI
0x000000000011f000 	/System/Library/Frameworks/CoreAudio.framework/Versions/A/CoreAudio
0x000000000011f000 	/System/Library/Frameworks/DiskArbitration.framework/Versions/A/DiskArbitration
0x000000000011f000 	/usr/lib/liblangid.dylib
0x000000000011f000 	/System/Library/PrivateFrameworks/MultitouchSupport.framework/Versions/A/MultitouchSupport
0x000000000011f000 	/System/Library/Frameworks/IOKit.framework/Versions/A/IOKit
0x000000000011f000 	/usr/lib/libDiagnosticMessagesClient.dylib
0x000000000011f000 	/System/Library/Frameworks/CoreServices.framework/Versions/A/CoreServices
0x000000000011f000 	/System/Library/PrivateFrameworks/PerformanceAnalysis.framework/Versions/A/PerformanceAnalysis
0x000000000011f000 	/System/Library/PrivateFrameworks/GenerationalStorage.framework/Versions/A/GenerationalStorage
0x000000000011f000 	/System/Library/Frameworks/OpenGL.framework/Versions/A/OpenGL
0x000000000011f000 	/System/Library/PrivateFrameworks/Sharing.framework/Versions/A/Sharing
0x000000000011f000 	/System/Library/Frameworks/CoreGraphics.framework/Versions/A/CoreGraphics
0x000000000011f000 	/System/Library/Frameworks/CoreText.framework/Versions/A/CoreText
0x000000000011f000 	/System/Library/Frameworks/ImageIO.framework/Versions/A/ImageIO
0x000000000011f000 	/usr/lib/libextension.dylib
0x000000000011f000 	/System/Library/PrivateFrameworks/Backup.framework/Versions/A/Backup
0x000000000011f000 	/usr/lib/libarchive.2.dylib
0x000000000011f000 	/System/Library/Frameworks/CFNetwork.framework/Versions/A/CFNetwork
0x000000000011f000 	/System/Library/Frameworks/SystemConfiguration.framework/Versions/A/SystemConfiguration
0x000000000011f000 	/usr/lib/libCRFSuite.dylib
0x000000000011f000 	/usr/lib/libc++.1.dylib
0x000000000011f000 	/usr/lib/libc++abi.dylib
0x000000000011f000 	/usr/lib/system/libcache.dylib
0x000000000011f000 	/usr/lib/system/libcommonCrypto.dylib
0x000000000011f000 	/usr/lib/system/libcompiler_rt.dylib
0x000000000011f000 	/usr/lib/system/libcopyfile.dylib
0x000000000011f000 	/usr/lib/system/libcorecrypto.dylib
0x000000000011f000 	/usr/lib/system/libdispatch.dylib
0x000000000011f000 	/usr/lib/system/libdyld.dylib
0x000000000011f000 	/usr/lib/system/libkeymgr.dylib
0x000000000011f000 	/usr/lib/system/liblaunch.dylib
0x000000000011f000 	/usr/lib/system/libmacho.dylib
0x000000000011f000 	/usr/lib/system/libquarantine.dylib
0x000000000011f000 	/usr/lib/system/libremovefile.dylib
0x000000000011f000 	/usr/lib/system/libsystem_asl.dylib
0x000000000011f000 	/usr/lib/system/libsystem_blocks.dylib
0x000000000011f000 	/usr/lib/system/libsystem_c.dylib
0x000000000011f000 	/usr/lib/system/libsystem_configuration.dylib
0x000000000011f000 	/usr/lib/system/libsystem_coreservices.dylib
0x000000000011f000 	/usr/lib/system/libsystem_coretls.dylib
0x000000000011f000 	/usr/lib/system/libsystem_dnssd.dylib
0x000000000011f000 	/usr/lib/system/libsystem_info.dylib
0x000000000011f000 	/usr/lib/system/libsystem_kernel.dylib
0x000000000011f000 	/usr/lib/system/libsystem_m.dylib
0x000000000011f000 	/usr/lib/system/libsystem_malloc.dylib
0x000000000011f000 	/usr/lib/system/libsystem_network.dylib
0x000000000011f000 	/usr/lib/system/libsystem_networkextension.dylib
0x000000000011f000 	/usr/lib/system/libsystem_notify.dylib
0x000000000011f000 	/usr/lib/system/libsystem_platform.dylib
0x000000000011f000 	/usr/lib/system/libsystem_pthread.dylib
0x000000000011f000 	/usr/lib/system/libsystem_sandbox.dylib
0x000000000011f000 	/usr/lib/system/libsystem_secinit.dylib
0x000000000011f000 	/usr/lib/system/libsystem_stats.dylib
0x000000000011f000 	/usr/lib/system/libsystem_trace.dylib
0x000000000011f000 	/usr/lib/system/libunc.dylib
0x000000000011f000 	/usr/lib/system/libunwind.dylib
0x000000000011f000 	/usr/lib/system/libxpc.dylib
0x000000000011f000 	/usr/lib/libbz2.1.0.dylib
0x000000000011f000 	/usr/lib/liblzma.5.dylib
0x000000000011f000 	/usr/lib/libbsm.0.dylib
0x000000000011f000 	/usr/lib/libsqlite3.dylib
0x000000000011f000 	/usr/lib/system/libkxld.dylib
0x000000000011f000 	/usr/lib/libxar.1.dylib
0x000000000011f000 	/usr/lib/libpam.2.dylib
0x000000000011f000 	/usr/lib/libOpenScriptingUtil.dylib
0x000000000011f000 	/System/Library/Frameworks/CoreServices.framework/Versions/A/Frameworks/FSEvents.framework/Versions/A/FSEvents
0x000000000011f000 	/System/Library/Frameworks/CoreServices.framework/Versions/A/Frameworks/CarbonCore.framework/Versions/A/CarbonCore
0x000000000011f000 	/System/Library/Frameworks/CoreServices.framework/Versions/A/Frameworks/Metadata.framework/Versions/A/Metadata
0x000000000011f000 	/System/Library/Frameworks/CoreServices.framework/Versions/A/Frameworks/OSServices.framework/Versions/A/OSServices
0x000000000011f000 	/System/Library/Frameworks/CoreServices.framework/Versions/A/Frameworks/SearchKit.framework/Versions/A/SearchKit
0x000000000011f000 	/System/Library/Frameworks/CoreServices.framework/Versions/A/Frameworks/AE.framework/Versions/A/AE
0x000000000011f000 	/System/Library/Frameworks/CoreServices.framework/Versions/A/Frameworks/LaunchServices.framework/Versions/A/LaunchServices
0x000000000011f000 	/System/Library/Frameworks/CoreServices.framework/Versions/A/Frameworks/DictionaryServices.framework/Versions/A/DictionaryServices
0x000000000011f000 	/System/Library/Frameworks/NetFS.framework/Versions/A/NetFS
0x000000000011f000 	/System/Library/PrivateFrameworks/NetAuth.framework/Versions/A/NetAuth
0x000000000011f000 	/System/Library/PrivateFrameworks/login.framework/Versions/A/Frameworks/loginsupport.framework/Versions/A/loginsupport
0x000000000011f000 	/System/Library/PrivateFrameworks/TCC.framework/Versions/A/TCC
0x000000000011f000 	/System/Library/Frameworks/OpenDirectory.framework/Versions/A/Frameworks/CFOpenDirectory.framework/Versions/A/CFOpenDirectory
0x000000000011f000 	/System/Library/Frameworks/ServiceManagement.framework/Versions/A/ServiceManagement
0x000000000011f000 	/usr/lib/libxslt.1.dylib
0x000000000011f000 	/System/Library/Frameworks/Carbon.framework/Versions/A/Frameworks/Ink.framework/Versions/A/Ink
0x000000000011f000 	/System/Library/Frameworks/ApplicationServices.framework/Versions/A/Frameworks/ATS.framework/Versions/A/ATS
0x000000000011f000 	/System/Library/Frameworks/ApplicationServices.framework/Versions/A/Frameworks/ColorSync.framework/Versions/A/ColorSync
0x000000000011f000 	/System/Library/Frameworks/ApplicationServices.framework/Versions/A/Frameworks/HIServices.framework/Versions/A/HIServices
0x000000000011f000 	/System/Library/Frameworks/ApplicationServices.framework/Versions/A/Frameworks/LangAnalysis.framework/Versions/A/LangAnalysis
0x000000000011f000 	/System/Library/Frameworks/ApplicationServices.framework/Versions/A/Frameworks/PrintCore.framework/Versions/A/PrintCore
0x000000000011f000 	/System/Library/Frameworks/ApplicationServices.framework/Versions/A/Frameworks/QD.framework/Versions/A/QD
0x000000000011f000 	/System/Library/Frameworks/ApplicationServices.framework/Versions/A/Frameworks/SpeechSynthesis.framework/Versions/A/SpeechSynthesis
0x000000000011f000 	/System/Library/Frameworks/IOSurface.framework/Versions/A/IOSurface
0x000000000011f000 	/System/Library/Frameworks/Accelerate.framework/Versions/A/Accelerate
0x000000000011f000 	/System/Library/Frameworks/Accelerate.framework/Versions/A/Frameworks/vImage.framework/Versions/A/vImage
0x000000000011f000 	/System/Library/Frameworks/Accelerate.framework/Versions/A/Frameworks/vecLib.framework/Versions/A/vecLib
0x000000000011f000 	/System/Library/Frameworks/Accelerate.framework/Versions/A/Frameworks/vecLib.framework/Versions/A/libvDSP.dylib
0x000000000011f000 	/System/Library/Frameworks/Accelerate.framework/Versions/A/Frameworks/vecLib.framework/Versions/A/libvMisc.dylib
0x000000000011f000 	/System/Library/Frameworks/Accelerate.framework/Versions/A/Frameworks/vecLib.framework/Versions/A/libLAPACK.dylib
0x000000000011f000 	/System/Library/Frameworks/Accelerate.framework/Versions/A/Frameworks/vecLib.framework/Versions/A/libBLAS.dylib
0x000000000011f000 	/System/Library/Frameworks/Accelerate.framework/Versions/A/Frameworks/vecLib.framework/Versions/A/libLinearAlgebra.dylib
0x000000000011f000 	/System/Library/Frameworks/ApplicationServices.framework/Versions/A/Frameworks/ATS.framework/Versions/A/Resources/libFontParser.dylib
0x000000000011f000 	/System/Library/Frameworks/ApplicationServices.framework/Versions/A/Frameworks/ATS.framework/Versions/A/Resources/libFontRegistry.dylib
0x000000000011f000 	/System/Library/PrivateFrameworks/AppleVPA.framework/Versions/A/AppleVPA
0x000000000011f000 	/System/Library/PrivateFrameworks/AppleJPEG.framework/Versions/A/AppleJPEG
0x000000000011f000 	/System/Library/Frameworks/ImageIO.framework/Versions/A/Resources/libJPEG.dylib
0x000000000011f000 	/System/Library/Frameworks/ImageIO.framework/Versions/A/Resources/libTIFF.dylib
0x000000000011f000 	/System/Library/Frameworks/ImageIO.framework/Versions/A/Resources/libPng.dylib
0x000000000011f000 	/System/Library/Frameworks/ImageIO.framework/Versions/A/Resources/libGIF.dylib
0x000000000011f000 	/System/Library/Frameworks/ImageIO.framework/Versions/A/Resources/libJP2.dylib
0x000000000011f000 	/System/Library/Frameworks/ImageIO.framework/Versions/A/Resources/libRadiance.dylib
0x000000000011f000 	/System/Library/Frameworks/CoreVideo.framework/Versions/A/CoreVideo
0x000000000011f000 	/System/Library/Frameworks/OpenGL.framework/Versions/A/Libraries/libGLU.dylib
0x000000000011f000 	/System/Library/Frameworks/OpenGL.framework/Versions/A/Libraries/libGFXShared.dylib
0x000000000011f000 	/System/Library/Frameworks/OpenGL.framework/Versions/A/Libraries/libGL.dylib
0x000000000011f000 	/System/Library/Frameworks/OpenGL.framework/Versions/A/Libraries/libGLImage.dylib
0x000000000011f000 	/System/Library/Frameworks/OpenGL.framework/Versions/A/Libraries/libCVMSPluginSupport.dylib
0x000000000011f000 	/System/Library/Frameworks/OpenGL.framework/Versions/A/Libraries/libCoreVMClient.dylib
0x000000000011f000 	/usr/lib/libcups.2.dylib
0x000000000011f000 	/System/Library/Frameworks/Kerberos.framework/Versions/A/Kerberos
0x000000000011f000 	/System/Library/Frameworks/GSS.framework/Versions/A/GSS
0x000000000011f000 	/usr/lib/libresolv.9.dylib
0x000000000011f000 	/usr/lib/libiconv.2.dylib
0x000000000011f000 	/System/Library/PrivateFrameworks/Heimdal.framework/Versions/A/Heimdal
0x000000000011f000 	/usr/lib/libheimdal-asn1.dylib
0x000000000011f000 	/System/Library/Frameworks/OpenDirectory.framework/Versions/A/OpenDirectory
0x000000000011f000 	/System/Library/PrivateFrameworks/CommonAuth.framework/Versions/A/CommonAuth
0x000000000011f000 	/System/Library/Frameworks/SecurityFoundation.framework/Versions/A/SecurityFoundation
0x000000000011f000 	/System/Library/Frameworks/QuartzCore.framework/Versions/A/Frameworks/CoreImage.framework/Versions/A/CoreImage
0x000000000011f000 	/System/Library/PrivateFrameworks/CrashReporterSupport.framework/Versions/A/CrashReporterSupport
0x000000000011f000 	/System/Library/Frameworks/OpenCL.framework/Versions/A/OpenCL
0x000000000011f000 	/System/Library/PrivateFrameworks/FaceCore.framework/Versions/A/FaceCore
0x000000000011f000 	/System/Library/PrivateFrameworks/Ubiquity.framework/Versions/A/Ubiquity
0x000000000011f000 	/System/Library/PrivateFrameworks/IconServices.framework/Versions/A/IconServices
0x000000000011f000 	/System/Library/PrivateFrameworks/ChunkingLibrary.framework/Versions/A/ChunkingLibrary
0x000000000011f000 	/System/Library/PrivateFrameworks/Apple80211.framework/Versions/A/Apple80211
0x000000000011f000 	/System/Library/Frameworks/CoreWLAN.framework/Versions/A/CoreWLAN
0x000000000011f000 	/System/Library/Frameworks/IOBluetooth.framework/Versions/A/IOBluetooth
0x000000000011f000 	/System/Library/Frameworks/CoreWiFi.framework/Versions/A/CoreWiFi
0x000000000011f000 	/System/Library/Frameworks/CoreBluetooth.framework/Versions/A/CoreBluetooth
0x000000000011f000 	/System/Library/PrivateFrameworks/DebugSymbols.framework/Versions/A/DebugSymbols
0x000000000011f000 	/System/Library/PrivateFrameworks/CoreSymbolication.framework/Versions/A/CoreSymbolication
0x000000000011f000 	/System/Library/PrivateFrameworks/Symbolication.framework/Versions/A/Symbolication
0x000000000011f000 	/System/Library/PrivateFrameworks/SpeechRecognitionCore.framework/Versions/A/SpeechRecognitionCore
0x0000000103ca7000 	/System/Library/CoreServices/Encodings/libSimplifiedChineseConverter.dylib
0x0000000104600000 	/Library/Java/JavaVirtualMachines/jdk1.7.0_51.jdk/Contents/Home/jre/lib/server/libjvm.dylib
0x000000000011f000 	/usr/lib/libstdc++.6.dylib
0x0000000103d84000 	/Library/Java/JavaVirtualMachines/jdk1.7.0_51.jdk/Contents/Home/jre/lib/libverify.dylib
0x0000000103d91000 	/Library/Java/JavaVirtualMachines/jdk1.7.0_51.jdk/Contents/Home/jre/lib/libjava.dylib
0x0000000103dcb000 	/Library/Java/JavaVirtualMachines/jdk1.7.0_51.jdk/Contents/Home/jre/lib/libzip.dylib
0x000000010e999000 	/System/Library/Frameworks/JavaVM.framework/Frameworks/JavaRuntimeSupport.framework/JavaRuntimeSupport
0x000000010e9af000 	/System/Library/Frameworks/JavaVM.framework/Versions/A/Frameworks/JavaNativeFoundation.framework/Versions/A/JavaNativeFoundation
0x000000010e9c3000 	/System/Library/Frameworks/JavaVM.framework/Versions/A/JavaVM
0x000000000011f000 	/System/Library/Frameworks/Carbon.framework/Versions/A/Carbon
0x000000010e9cf000 	/System/Library/PrivateFrameworks/JavaLaunching.framework/Versions/A/JavaLaunching
0x000000000011f000 	/System/Library/Frameworks/Carbon.framework/Versions/A/Frameworks/CommonPanels.framework/Versions/A/CommonPanels
0x000000000011f000 	/System/Library/Frameworks/Carbon.framework/Versions/A/Frameworks/Help.framework/Versions/A/Help
0x000000000011f000 	/System/Library/Frameworks/Carbon.framework/Versions/A/Frameworks/ImageCapture.framework/Versions/A/ImageCapture
0x000000000011f000 	/System/Library/Frameworks/Carbon.framework/Versions/A/Frameworks/OpenScripting.framework/Versions/A/OpenScripting
0x000000000011f000 	/System/Library/Frameworks/Carbon.framework/Versions/A/Frameworks/Print.framework/Versions/A/Print
0x000000000011f000 	/System/Library/Frameworks/Carbon.framework/Versions/A/Frameworks/SecurityHI.framework/Versions/A/SecurityHI
0x0000000110719000 	/Library/Java/JavaVirtualMachines/jdk1.7.0_51.jdk/Contents/Home/jre/lib/libawt.dylib
0x00000001107c8000 	/Library/Java/JavaVirtualMachines/jdk1.7.0_51.jdk/Contents/Home/jre/lib/./libmlib_image.dylib
0x0000000110894000 	/Library/Java/JavaVirtualMachines/jdk1.7.0_51.jdk/Contents/Home/jre/lib/lwawt/liblwawt.dylib
0x0000000110948000 	/Library/Java/JavaVirtualMachines/jdk1.7.0_51.jdk/Contents/Home/jre/lib/libosxapp.dylib
0x000000000011f000 	/System/Library/Frameworks/ExceptionHandling.framework/Versions/A/ExceptionHandling
0x000000000011f000 	/System/Library/PrivateFrameworks/CoreServicesInternal.framework/Versions/A/CoreServicesInternal
0x000000000011f000 	/System/Library/PrivateFrameworks/CloudDocs.framework/Versions/A/CloudDocs
0x000000000011f000 	/System/Library/PrivateFrameworks/CoreDuet.framework/Versions/A/CoreDuet
0x000000000011f000 	/System/Library/Frameworks/CloudKit.framework/Versions/A/CloudKit
0x000000000011f000 	/System/Library/PrivateFrameworks/ProtocolBuffer.framework/Versions/A/ProtocolBuffer
0x000000000011f000 	/System/Library/PrivateFrameworks/CoreDuetDaemonProtocol.framework/Versions/A/CoreDuetDaemonProtocol
0x000000000011f000 	/System/Library/PrivateFrameworks/CoreDuetDebugLogging.framework/Versions/A/CoreDuetDebugLogging
0x000000000011f000 	/System/Library/Frameworks/CoreLocation.framework/Versions/A/CoreLocation
0x000000000011f000 	/System/Library/Frameworks/Accounts.framework/Versions/A/Accounts
0x000000000011f000 	/System/Library/PrivateFrameworks/ApplePushService.framework/Versions/A/ApplePushService
0x000000000011f000 	/System/Library/PrivateFrameworks/GeoServices.framework/Versions/A/GeoServices
0x000000000011f000 	/System/Library/PrivateFrameworks/OAuth.framework/Versions/A/OAuth
0x000000000011f000 	/System/Library/PrivateFrameworks/CoreDaemon.framework/Versions/B/CoreDaemon
0x000000000011f000 	/usr/lib/libcrypto.0.9.8.dylib
0x000000000011f000 	/System/Library/PrivateFrameworks/AppleSRP.framework/Versions/A/AppleSRP
0x000000000011f000 	/System/Library/PrivateFrameworks/TrustEvaluationAgent.framework/Versions/A/TrustEvaluationAgent
0x000000000011f000 	/System/Library/Frameworks/CoreGraphics.framework/Versions/A/Resources/libCGCMS.A.dylib
0x000000000011f000 	/System/Library/Frameworks/CoreGraphics.framework/Versions/A/Resources/libRIP.A.dylib
0x000000000011f000 	/System/Library/Frameworks/CoreGraphics.framework/Versions/A/Resources/libCGXType.A.dylib
0x000000000011f000 	/System/Library/Frameworks/OpenCL.framework/Versions/A/Libraries/libcldcpuengine.dylib
0x000000000011f000 	/System/Library/PrivateFrameworks/DiskImages.framework/Versions/A/DiskImages
0x000000000011f000 	/System/Library/Frameworks/DiscRecording.framework/Versions/A/DiscRecording
0x000000000011f000 	/usr/lib/libcsfde.dylib
0x000000000011f000 	/usr/lib/libcurl.4.dylib
0x000000000011f000 	/System/Library/PrivateFrameworks/MediaKit.framework/Versions/A/MediaKit
0x000000000011f000 	/System/Library/PrivateFrameworks/ProtectedCloudStorage.framework/Versions/A/ProtectedCloudStorage
0x000000000011f000 	/usr/lib/libCoreStorage.dylib
0x000000000011f000 	/System/Library/PrivateFrameworks/EFILogin.framework/Versions/A/EFILogin
0x000000000011f000 	/usr/lib/libutil.dylib
0x000000000011f000 	/System/Library/PrivateFrameworks/FindMyDevice.framework/Versions/A/FindMyDevice
0x000000000011f000 	/System/Library/Frameworks/LDAP.framework/Versions/A/LDAP
0x000000000011f000 	/usr/lib/libsasl2.2.dylib
0x0000000112e00000 	cl_kernels
0x0000000112e02000 	/System/Library/Frameworks/OpenCL.framework/Versions/A/Libraries/ImageFormats/unorm8_bgra.dylib
0x0000000112df1000 	cl_kernels
0x000000000011f000 	/System/Library/PrivateFrameworks/FamilyControls.framework/Versions/A/FamilyControls
0x000000000011f000 	/System/Library/PrivateFrameworks/CommerceKit.framework/Versions/A/Frameworks/CommerceCore.framework/Versions/A/CommerceCore
0x000000000011f000 	/System/Library/PrivateFrameworks/SystemAdministration.framework/Versions/A/SystemAdministration
0x000000000011f000 	/System/Library/PrivateFrameworks/AppContainer.framework/Versions/A/AppContainer
0x000000000011f000 	/System/Library/PrivateFrameworks/SecCodeWrapper.framework/Versions/A/SecCodeWrapper
0x000000000011f000 	/System/Library/Frameworks/DirectoryService.framework/Versions/A/DirectoryService
0x000000000011f000 	/System/Library/PrivateFrameworks/LoginUIKit.framework/Versions/A/Frameworks/LoginUICore.framework/Versions/A/LoginUICore
0x000000000011f000 	/usr/lib/libodfde.dylib
0x0000000114575000 	/Library/Java/JavaVirtualMachines/jdk1.7.0_51.jdk/Contents/Home/jre/lib/libfontmanager.dylib
0x00000001145dc000 	/Users/smithdodo/Documents/workspace2/Pacman_rebuid/lwjgl-2.9.0/native/macosx/liblwjgl.jnilib
0x0000000112972000 	/Library/Java/JavaVirtualMachines/jdk1.7.0_51.jdk/Contents/Home/jre/lib/libjawt.dylib
0x0000000112975000 	/Library/Java/JavaVirtualMachines/jdk1.7.0_51.jdk/Contents/Home/jre/lib/libnio.dylib
0x0000000114657000 	/Library/Java/JavaVirtualMachines/jdk1.7.0_51.jdk/Contents/Home/jre/lib/./libnet.dylib
0x000000000011f000 	/System/Library/Frameworks/OpenGL.framework/Versions/A/Resources/GLEngine.bundle/GLEngine
0x000000000011f000 	/System/Library/Frameworks/OpenGL.framework/Versions/A/Libraries/libGLProgrammability.dylib
0x0000000000000000 	/System/Library/Extensions/AppleIntelHD4000GraphicsGLDriver.bundle/Contents/MacOS/AppleIntelHD4000GraphicsGLDriver
0x000000000011f000 	/System/Library/PrivateFrameworks/IOAccelerator.framework/Versions/A/IOAccelerator
0x000000000011f000 	/System/Library/PrivateFrameworks/GPUSupport.framework/Versions/A/Libraries/libGPUSupportMercury.dylib
0x000000000011f000 	/System/Library/Frameworks/OpenGL.framework/Versions/A/Resources/GLRendererFloat.bundle/GLRendererFloat
0x0000000114ee5000 	/Library/Java/JavaVirtualMachines/jdk1.7.0_51.jdk/Contents/Home/jre/lib/libjpeg.dylib

VM Arguments:
jvm_args: -Djava.library.path=/Users/smithdodo/Documents/workspace2/Pacman_rebuid/lwjgl-2.9.0/native/macosx -Dfile.encoding=UTF-8 
java_command: de.tu_darmstadt.gdi1.pacman.main.Main
Launcher Type: SUN_STANDARD

Environment Variables:
PATH=/usr/bin:/bin:/usr/sbin:/sbin
SHELL=/bin/bash

Signal Handlers:
SIGSEGV: [libjvm.dylib+0x525425], sa_mask[0]=0xfffefeff, sa_flags=0x00000043
SIGBUS: [libjvm.dylib+0x525425], sa_mask[0]=0xfffefeff, sa_flags=0x00000042
SIGFPE: [libjvm.dylib+0x41892a], sa_mask[0]=0xfffefeff, sa_flags=0x00000042
SIGPIPE: [libjvm.dylib+0x41892a], sa_mask[0]=0xfffefeff, sa_flags=0x00000042
SIGXFSZ: [libjvm.dylib+0x41892a], sa_mask[0]=0xfffefeff, sa_flags=0x00000042
SIGILL: [libjvm.dylib+0x41892a], sa_mask[0]=0xfffefeff, sa_flags=0x00000042
SIGUSR1: SIG_DFL, sa_mask[0]=0x00000000, sa_flags=0x00000000
SIGUSR2: [libjvm.dylib+0x41841c], sa_mask[0]=0x00000004, sa_flags=0x00000042
SIGHUP: [libjvm.dylib+0x4166ab], sa_mask[0]=0xfffefeff, sa_flags=0x00000042
SIGINT: [libjvm.dylib+0x4166ab], sa_mask[0]=0xfffefeff, sa_flags=0x00000042
SIGTERM: [libjvm.dylib+0x4166ab], sa_mask[0]=0xfffefeff, sa_flags=0x00000042
SIGQUIT: [libjvm.dylib+0x4166ab], sa_mask[0]=0xfffefeff, sa_flags=0x00000042


---------------  S Y S T E M  ---------------

OS:Bsduname:Darwin 14.0.0 Darwin Kernel Version 14.0.0: Wed Jul 16 00:46:31 PDT 2014; root:xnu-2782.1.43.0.2~2/RELEASE_X86_64 x86_64
rlimit: STACK 8192k, CORE 0k, NPROC 709, NOFILE 10240, AS infinity
load average:1.80 1.78 1.67

CPU:total 4 (2 cores per cpu, 2 threads per core) family 6 model 58 stepping 9, cmov, cx8, fxsr, mmx, sse, sse2, sse3, ssse3, sse4.1, sse4.2, popcnt, avx, aes, erms, ht, tsc, tscinvbit, tscinv

Memory: 4k page, physical 8388608k(2097152k free)

/proc/meminfo:


vm_info: Java HotSpot(TM) 64-Bit Server VM (24.51-b03) for bsd-amd64 JRE (1.7.0_51-b13), built on Dec 18 2013 18:45:56 by "java_re" with gcc 4.2.1 (Based on Apple Inc. build 5658) (LLVM build 2336.11.00)

time: Mon Aug 11 03:34:19 2014
elapsed time: 5 seconds

