#
# A fatal error has been detected by the Java Runtime Environment:
#
#  SIGSEGV (0xb) at pc=0x00007fff863f00dd, pid=50238, tid=1299
#
# JRE version: Java(TM) SE Runtime Environment (7.0_51-b13) (build 1.7.0_51-b13)
# Java VM: Java HotSpot(TM) 64-Bit Server VM (24.51-b03 mixed mode bsd-amd64 compressed oops)
# Problematic frame:
# C  [libobjc.A.dylib+0x10dd]  objc_msgSend+0x1d
#
# Failed to write core dump. Core dumps have been disabled. To enable core dumping, try "ulimit -c unlimited" before starting Java again
#
# If you would like to submit a bug report, please visit:
#   http://bugreport.sun.com/bugreport/crash.jsp
# The crash happened outside the Java Virtual Machine in native code.
# See problematic frame for where to report the bug.
#

---------------  T H R E A D  ---------------

Current thread (0x00007ff9fa8d7000):  JavaThread "AppKit Thread" daemon [_thread_in_native, id=1299, stack(0x00007fff54752000,0x00007fff547d2000)]

siginfo:si_signo=SIGSEGV: si_errno=0, si_code=1 (SEGV_MAPERR), si_addr=0x000007ff9f9d36d8

Registers:
RAX=0x00007ff9f9d03f70, RBX=0x00007fff547cd758, RCX=0x0000000000000000, RDX=0x00007ff9fc53f610
RSP=0x00007fff547cd578, RBP=0x00007fff547cd580, RSI=0x00007fff8d415560, RDI=0x00007ff9f9d03f70
R8 =0x00007ff9f9c072b0, R9 =0x00007fff547cd560, R10=0x00007fff8d415560, R11=0x000007ff9f9d36c0
R12=0x00007ff9f9c072b0, R13=0x00000000000f4300, R14=0x00007ff9fc4ceec0, R15=0x00007fff547cd6b8
RIP=0x00007fff863f00dd, EFLAGS=0x0000000000010206, ERR=0x0000000000000004
  TRAPNO=0x000000000000000e

Top of Stack: (sp=0x00007fff547cd578)
0x00007fff547cd578:   00007fff81dca29c 00007fff547cd8e0
0x00007fff547cd588:   00007fff81cbb7d4 00007fff547cd5d0
0x00007fff547cd598:   00007fff547cd630 0000000000000000
0x00007fff547cd5a8:   00007fff547cd62c 00007fff547cd634
0x00007fff547cd5b8:   00000000000008d0 0000000000190f9d
0x00007fff547cd5c8:   00007ff9fc4ceec0 0000000000000000
0x00007fff547cd5d8:   00007fff547cd6b0 0000000000000000
0x00007fff547cd5e8:   00007ff9f9e789f0 00007fff547cd730
0x00007fff547cd5f8:   000000000000005e 00000000000f4302
0x00007fff547cd608:   00007ff9fc53f610 00007ff9f9e78480
0x00007fff547cd618:   00007ff9f9c072b0 0000000000000001
0x00007fff547cd628:   00000000000f4300 00007ff9f9c072a0
0x00007fff547cd638:   0000000000000000 00007fff88961b08
0x00007fff547cd648:   0000000000000000 00007fff547cd740
0x00007fff547cd658:   00007fff8b322204 0000000170e638e8
0x00007fff547cd668:   00007fff8b6fd1a3 0000000000000000
0x00007fff547cd678:   00007fff70e638c8 00007fff70e638c8
0x00007fff547cd688:   000000000000001d 00007ff9fb004098
0x00007fff547cd698:   000000010b44ba00 0000000000000000
0x00007fff547cd6a8:   000000000050f301 00007ff9f9e78a70
0x00007fff547cd6b8:   00007ff9fc4ceec0 0000000000000000
0x00007fff547cd6c8:   00007fff70e638c8 00007fff70e638c8
0x00007fff547cd6d8:   00007fff8d44c626 00007fff547cd780
0x00007fff547cd6e8:   00007fff8b6fd8fb 0000000000190f9d
0x00007fff547cd6f8:   000000000050f401 0000000000000100
0x00007fff547cd708:   00007fff70e638c8 00007fff547cd800
0x00007fff547cd718:   00007fff8daecfb4 00007fff70e638e0
0x00007fff547cd728:   00007fff8b6fd1a3 000000000000004d
0x00007fff547cd738:   0000000000000000 00000000000f42dd
0x00007fff547cd748:   000000000000004f 0000000000000000
0x00007fff547cd758:   00000000000f4300 0000000000190f9d
0x00007fff547cd768:   0000000000510001 0000000000000100 

Instructions: (pc=0x00007fff863f00dd)
0x00007fff863f00bd:   00 00 00 48 85 ff 2e 74 7a 40 f6 c7 01 2e 75 7e
0x00007fff863f00cd:   49 bb f8 ff ff ff ff 7f 00 00 4c 23 1f 49 89 f2
0x00007fff863f00dd:   45 23 53 18 49 c1 e2 04 4d 03 53 10 49 3b 32 75
0x00007fff863f00ed:   04 41 ff 62 08 49 83 3a 00 74 6a 4d 3b 53 10 74 

Register to memory mapping:

RAX=0x00007ff9f9d03f70 is an unknown value
RBX=0x00007fff547cd758 is pointing into the stack for thread: 0x00007ff9fa8d7000
RCX=0x0000000000000000 is an unknown value
RDX=0x00007ff9fc53f610 is an unknown value
RSP=0x00007fff547cd578 is pointing into the stack for thread: 0x00007ff9fa8d7000
RBP=0x00007fff547cd580 is pointing into the stack for thread: 0x00007ff9fa8d7000
RSI=0x00007fff8d415560: -[NSTitlebarContainerView shouldRoundCorners]+0x5c532 in /System/Library/Frameworks/AppKit.framework/Versions/C/AppKit at 0x00007fff8ca3b000
RDI=0x00007ff9f9d03f70 is an unknown value
R8 =0x00007ff9f9c072b0 is an unknown value
R9 =0x00007fff547cd560 is pointing into the stack for thread: 0x00007ff9fa8d7000
R10=0x00007fff8d415560: -[NSTitlebarContainerView shouldRoundCorners]+0x5c532 in /System/Library/Frameworks/AppKit.framework/Versions/C/AppKit at 0x00007fff8ca3b000
R11=0x000007ff9f9d36c0 is an unknown value
R12=0x00007ff9f9c072b0 is an unknown value
R13=0x00000000000f4300 is an unknown value
R14=0x00007ff9fc4ceec0 is an unknown value
R15=0x00007fff547cd6b8 is pointing into the stack for thread: 0x00007ff9fa8d7000


Stack: [0x00007fff54752000,0x00007fff547d2000],  sp=0x00007fff547cd578,  free space=493k
Native frames: (J=compiled Java code, j=interpreted, Vv=VM code, C=native code)
C  [libobjc.A.dylib+0x10dd]  objc_msgSend+0x1d
C  [CoreFoundation+0x107d4]  _CFXNotificationPost+0xc44
C  [Foundation+0x2cd1]  -[NSNotificationCenter postNotificationName:object:userInfo:]+0x42
C  [AppKit+0xdcf54]  -[NSSurface _disposeSurface]+0x98
C  [AppKit+0xdca3d]  -[NSSurface setWindow:]+0x42
C  [AppKit+0x3bb21]  -[NSView _setWindow:]+0x98f
C  [AppKit+0x3cd61]  -[NSView removeFromSuperview]+0x1c5
C  [AppKit+0x90bdb]  -[NSView removeFromSuperviewWithoutNeedingDisplay]+0x26
C  [liblwjgl.jnilib+0x936e]  +[MacOSXKeyableWindow destroyWindow]+0xde
C  [Foundation+0x65ad8]  __NSThreadPerformPerform+0x125
C  [CoreFoundation+0x81111]  __CFRUNLOOP_IS_CALLING_OUT_TO_A_SOURCE0_PERFORM_FUNCTION__+0x11
C  [CoreFoundation+0x72c8d]  __CFRunLoopDoSources0+0x10d
C  [CoreFoundation+0x722db]  __CFRunLoopRun+0x39b
C  [CoreFoundation+0x71cf8]  CFRunLoopRunSpecific+0x128
C  [HIToolbox+0x2e72f]  RunCurrentEventLoopInMode+0xeb
C  [HIToolbox+0x2e4a2]  ReceiveNextEventCommon+0x1af
C  [HIToolbox+0x2e2e3]  _BlockUntilNextEventMatchingListInModeWithFilter+0x47
C  [AppKit+0x23f05]  _DPSNextEvent+0x3e8
C  [AppKit+0x236d9]  -[NSApplication nextEventMatchingMask:untilDate:inMode:dequeue:]+0x8b
C  [libosxapp.dylib+0x16f4]  -[NSApplicationAWT nextEventMatchingMask:untilDate:inMode:dequeue:]+0x7c
C  [AppKit+0x17643]  -[NSApplication run]+0x252
C  [libosxapp.dylib+0x1557]  +[NSApplicationAWT runAWTLoopWithApp:]+0x9c
C  [liblwawt.dylib+0xdba9]  -[AWTStarter starter:]+0x369
C  [Foundation+0x65ad8]  __NSThreadPerformPerform+0x125
C  [CoreFoundation+0x81111]  __CFRUNLOOP_IS_CALLING_OUT_TO_A_SOURCE0_PERFORM_FUNCTION__+0x11
C  [CoreFoundation+0x72c8d]  __CFRunLoopDoSources0+0x10d
C  [CoreFoundation+0x722db]  __CFRunLoopRun+0x39b
C  [CoreFoundation+0x71cf8]  CFRunLoopRunSpecific+0x128
C  [java+0x73b0]  CreateExecutionEnvironment+0x367
C  [java+0x1b5c]  JLI_Launch+0x7a0
C  [java+0x770d]  main+0x65
C  [java+0x13b4]  start+0x34


---------------  P R O C E S S  ---------------

Java Threads: ( => current thread )
  0x00007ff9fb140800 JavaThread "Java2D Queue Flusher" daemon [_thread_blocked, id=54119, stack(0x000000011d219000,0x000000011d319000)]
  0x00007ff9fb902000 JavaThread "Java2D Disposer" daemon [_thread_blocked, id=52247, stack(0x000000011c5ba000,0x000000011c6ba000)]
  0x00007ff9fb056000 JavaThread "AWT-Shutdown" [_thread_blocked, id=27411, stack(0x000000011943a000,0x000000011953a000)]
=>0x00007ff9fa8d7000 JavaThread "AppKit Thread" daemon [_thread_in_native, id=1299, stack(0x00007fff54752000,0x00007fff547d2000)]
  0x00007ff9fa046800 JavaThread "Service Thread" daemon [_thread_blocked, id=17667, stack(0x0000000117cb8000,0x0000000117db8000)]
  0x00007ff9fa046000 JavaThread "C2 CompilerThread1" daemon [_thread_blocked, id=17155, stack(0x0000000117bb5000,0x0000000117cb5000)]
  0x00007ff9fa02a000 JavaThread "C2 CompilerThread0" daemon [_thread_blocked, id=16643, stack(0x0000000117ab2000,0x0000000117bb2000)]
  0x00007ff9fa02e800 JavaThread "Signal Dispatcher" daemon [_thread_blocked, id=13579, stack(0x00000001179af000,0x0000000117aaf000)]
  0x00007ff9fb815000 JavaThread "Finalizer" daemon [_thread_blocked, id=11523, stack(0x000000011606d000,0x000000011616d000)]
  0x00007ff9fb812000 JavaThread "Reference Handler" daemon [_thread_blocked, id=11011, stack(0x0000000115f6a000,0x000000011606a000)]
  0x00007ff9fb807000 JavaThread "main" [_thread_in_native, id=5379, stack(0x000000010c854000,0x000000010c954000)]

Other Threads:
  0x00007ff9fb00c000 VMThread [stack: 0x0000000115e67000,0x0000000115f67000] [id=10499]
  0x00007ff9fa02f800 WatcherThread [stack: 0x0000000117dbb000,0x0000000117ebb000] [id=18179]

VM state:not at safepoint (normal execution)

VM Mutex/Monitor currently owned by a thread: None

Heap
 PSYoungGen      total 72704K, used 44316K [0x00000007d5500000, 0x00000007de300000, 0x0000000800000000)
  eden space 67584K, 65% used [0x00000007d5500000,0x00000007d8047120,0x00000007d9700000)
  from space 5120K, 0% used [0x00000007d9700000,0x00000007d9700000,0x00000007d9c00000)
  to   space 5120K, 0% used [0x00000007dde00000,0x00000007dde00000,0x00000007de300000)
 ParOldGen       total 138752K, used 32332K [0x0000000780000000, 0x0000000788780000, 0x00000007d5500000)
  object space 138752K, 23% used [0x0000000780000000,0x0000000781f93090,0x0000000788780000)
 PSPermGen       total 21504K, used 9392K [0x000000077ae00000, 0x000000077c300000, 0x0000000780000000)
  object space 21504K, 43% used [0x000000077ae00000,0x000000077b72c3d8,0x000000077c300000)

Card table byte_map: [0x000000010fa16000,0x000000010fe40000] byte_map_base: 0x000000010be3f000

Polling page: 0x000000010b593000

Code Cache  [0x000000010c956000, 0x000000010cbc6000, 0x000000010f956000)
 total_blobs=642 nmethods=173 adapters=424 free_code_cache=48055Kb largest_free_block=49175488

Compilation events (10 events):
Event: 10.970 Thread 0x00007ff9fa046000  171             java.nio.Buffer::position (5 bytes)
Event: 10.970 Thread 0x00007ff9fa02a000  172             java.nio.Buffer::remaining (10 bytes)
Event: 10.970 Thread 0x00007ff9fa046000 nmethod 171 0x000000010ca481d0 code [0x000000010ca48300, 0x000000010ca48358]
Event: 10.971 Thread 0x00007ff9fa02a000 nmethod 172 0x000000010ca47fd0 code [0x000000010ca48100, 0x000000010ca48158]
Event: 11.588 Thread 0x00007ff9fa046000  173             java.lang.Math::min (46 bytes)
Event: 11.589 Thread 0x00007ff9fa046000 nmethod 173 0x000000010ca46590 code [0x000000010ca466e0, 0x000000010ca46778]
Event: 12.754 Thread 0x00007ff9fa02a000  174             java.util.HashMap$HashIterator::nextEntry (99 bytes)
Event: 12.758 Thread 0x00007ff9fa02a000 nmethod 174 0x000000010c9ca210 code [0x000000010c9ca360, 0x000000010c9ca5d8]
Event: 13.804 Thread 0x00007ff9fa046000  175             java.nio.Buffer::position (43 bytes)
Event: 13.805 Thread 0x00007ff9fa046000 nmethod 175 0x000000010ca46350 code [0x000000010ca46480, 0x000000010ca46518]

GC Heap History (8 events):
Event: 0.913 GC heap before
{Heap before GC invocations=1 (full 0):
 PSYoungGen      total 38912K, used 33792K [0x00000007d5500000, 0x00000007d8000000, 0x0000000800000000)
  eden space 33792K, 100% used [0x00000007d5500000,0x00000007d7600000,0x00000007d7600000)
  from space 5120K, 0% used [0x00000007d7b00000,0x00000007d7b00000,0x00000007d8000000)
  to   space 5120K, 0% used [0x00000007d7600000,0x00000007d7600000,0x00000007d7b00000)
 ParOldGen       total 87040K, used 0K [0x0000000780000000, 0x0000000785500000, 0x00000007d5500000)
  object space 87040K, 0% used [0x0000000780000000,0x0000000780000000,0x0000000785500000)
 PSPermGen       total 21504K, used 6987K [0x000000077ae00000, 0x000000077c300000, 0x0000000780000000)
  object space 21504K, 32% used [0x000000077ae00000,0x000000077b4d2e20,0x000000077c300000)
Event: 0.923 GC heap after
Heap after GC invocations=1 (full 0):
 PSYoungGen      total 38912K, used 1941K [0x00000007d5500000, 0x00000007da100000, 0x0000000800000000)
  eden space 33792K, 0% used [0x00000007d5500000,0x00000007d5500000,0x00000007d7600000)
  from space 5120K, 37% used [0x00000007d7600000,0x00000007d77e5630,0x00000007d7b00000)
  to   space 5120K, 0% used [0x00000007d9c00000,0x00000007d9c00000,0x00000007da100000)
 ParOldGen       total 87040K, used 15511K [0x0000000780000000, 0x0000000785500000, 0x00000007d5500000)
  object space 87040K, 17% used [0x0000000780000000,0x0000000780f25fd0,0x0000000785500000)
 PSPermGen       total 21504K, used 6987K [0x000000077ae00000, 0x000000077c300000, 0x0000000780000000)
  object space 21504K, 32% used [0x000000077ae00000,0x000000077b4d2e20,0x000000077c300000)
}
Event: 1.142 GC heap before
{Heap before GC invocations=2 (full 0):
 PSYoungGen      total 38912K, used 33330K [0x00000007d5500000, 0x00000007da100000, 0x0000000800000000)
  eden space 33792K, 92% used [0x00000007d5500000,0x00000007d73a7550,0x00000007d7600000)
  from space 5120K, 37% used [0x00000007d7600000,0x00000007d77e5630,0x00000007d7b00000)
  to   space 5120K, 0% used [0x00000007d9c00000,0x00000007d9c00000,0x00000007da100000)
 ParOldGen       total 87040K, used 15511K [0x0000000780000000, 0x0000000785500000, 0x00000007d5500000)
  object space 87040K, 17% used [0x0000000780000000,0x0000000780f25fd0,0x0000000785500000)
 PSPermGen       total 21504K, used 6987K [0x000000077ae00000, 0x000000077c300000, 0x0000000780000000)
  object space 21504K, 32% used [0x000000077ae00000,0x000000077b4d2e20,0x000000077c300000)
Event: 1.145 GC heap after
Heap after GC invocations=2 (full 0):
 PSYoungGen      total 72704K, used 1090K [0x00000007d5500000, 0x00000007da100000, 0x0000000800000000)
  eden space 67584K, 0% used [0x00000007d5500000,0x00000007d5500000,0x00000007d9700000)
  from space 5120K, 21% used [0x00000007d9c00000,0x00000007d9d10900,0x00000007da100000)
  to   space 5120K, 0% used [0x00000007d9700000,0x00000007d9700000,0x00000007d9c00000)
 ParOldGen       total 87040K, used 15519K [0x0000000780000000, 0x0000000785500000, 0x00000007d5500000)
  object space 87040K, 17% used [0x0000000780000000,0x0000000780f27fd0,0x0000000785500000)
 PSPermGen       total 21504K, used 6987K [0x000000077ae00000, 0x000000077c300000, 0x0000000780000000)
  object space 21504K, 32% used [0x000000077ae00000,0x000000077b4d2e20,0x000000077c300000)
}
Event: 1.539 GC heap before
{Heap before GC invocations=3 (full 0):
 PSYoungGen      total 72704K, used 68674K [0x00000007d5500000, 0x00000007da100000, 0x0000000800000000)
  eden space 67584K, 100% used [0x00000007d5500000,0x00000007d9700000,0x00000007d9700000)
  from space 5120K, 21% used [0x00000007d9c00000,0x00000007d9d10900,0x00000007da100000)
  to   space 5120K, 0% used [0x00000007d9700000,0x00000007d9700000,0x00000007d9c00000)
 ParOldGen       total 87040K, used 15519K [0x0000000780000000, 0x0000000785500000, 0x00000007d5500000)
  object space 87040K, 17% used [0x0000000780000000,0x0000000780f27fd0,0x0000000785500000)
 PSPermGen       total 21504K, used 8121K [0x000000077ae00000, 0x000000077c300000, 0x0000000780000000)
  object space 21504K, 37% used [0x000000077ae00000,0x000000077b5ee728,0x000000077c300000)
Event: 1.565 GC heap after
Heap after GC invocations=3 (full 0):
 PSYoungGen      total 72704K, used 1200K [0x00000007d5500000, 0x00000007de300000, 0x0000000800000000)
  eden space 67584K, 0% used [0x00000007d5500000,0x00000007d5500000,0x00000007d9700000)
  from space 5120K, 23% used [0x00000007d9700000,0x00000007d982c010,0x00000007d9c00000)
  to   space 5120K, 0% used [0x00000007dde00000,0x00000007dde00000,0x00000007de300000)
 ParOldGen       total 87040K, used 66165K [0x0000000780000000, 0x0000000785500000, 0x00000007d5500000)
  object space 87040K, 76% used [0x0000000780000000,0x000000078409d520,0x0000000785500000)
 PSPermGen       total 21504K, used 8121K [0x000000077ae00000, 0x000000077c300000, 0x0000000780000000)
  object space 21504K, 37% used [0x000000077ae00000,0x000000077b5ee728,0x000000077c300000)
}
Event: 1.565 GC heap before
{Heap before GC invocations=4 (full 1):
 PSYoungGen      total 72704K, used 1200K [0x00000007d5500000, 0x00000007de300000, 0x0000000800000000)
  eden space 67584K, 0% used [0x00000007d5500000,0x00000007d5500000,0x00000007d9700000)
  from space 5120K, 23% used [0x00000007d9700000,0x00000007d982c010,0x00000007d9c00000)
  to   space 5120K, 0% used [0x00000007dde00000,0x00000007dde00000,0x00000007de300000)
 ParOldGen       total 87040K, used 66165K [0x0000000780000000, 0x0000000785500000, 0x00000007d5500000)
  object space 87040K, 76% used [0x0000000780000000,0x000000078409d520,0x0000000785500000)
 PSPermGen       total 21504K, used 8121K [0x000000077ae00000, 0x000000077c300000, 0x0000000780000000)
  object space 21504K, 37% used [0x000000077ae00000,0x000000077b5ee728,0x000000077c300000)
Event: 1.596 GC heap after
Heap after GC invocations=4 (full 1):
 PSYoungGen      total 72704K, used 0K [0x00000007d5500000, 0x00000007de300000, 0x0000000800000000)
  eden space 67584K, 0% used [0x00000007d5500000,0x00000007d5500000,0x00000007d9700000)
  from space 5120K, 0% used [0x00000007d9700000,0x00000007d9700000,0x00000007d9c00000)
  to   space 5120K, 0% used [0x00000007dde00000,0x00000007dde00000,0x00000007de300000)
 ParOldGen       total 138752K, used 32332K [0x0000000780000000, 0x0000000788780000, 0x00000007d5500000)
  object space 138752K, 23% used [0x0000000780000000,0x0000000781f93090,0x0000000788780000)
 PSPermGen       total 21504K, used 8120K [0x000000077ae00000, 0x000000077c300000, 0x0000000780000000)
  object space 21504K, 37% used [0x000000077ae00000,0x000000077b5ee100,0x000000077c300000)
}

Deoptimization events (6 events):
Event: 0.552 Thread 0x00007ff9fb807000 Uncommon trap: reason=unloaded action=reinterpret pc=0x000000010c9d4244 method=java.io.BufferedReader.readLine(Z)Ljava/lang/String; @ 268
Event: 1.168 Thread 0x00007ff9fa8d7000 Uncommon trap: reason=null_check action=make_not_entrant pc=0x000000010c9ca590 method=java.lang.String.equals(Ljava/lang/Object;)Z @ 8
Event: 1.618 Thread 0x00007ff9fb807000 Uncommon trap: reason=unreached action=reinterpret pc=0x000000010ca0be64 method=java.awt.image.ComponentColorModel.getDataElements(ILjava/lang/Object;)Ljava/lang/Object; @ 2993
Event: 1.618 Thread 0x00007ff9fb807000 Uncommon trap: reason=unreached action=reinterpret pc=0x000000010c9f19c8 method=sun.awt.image.ByteInterleavedRaster.getDataElements(IILjava/lang/Object;)Ljava/lang/Object; @ 43
Event: 1.797 Thread 0x00007ff9fb807000 Uncommon trap: reason=unloaded action=reinterpret pc=0x000000010ca01978 method=org.newdawn.slick.openal.WaveData.convertAudioBytes([BZ)Ljava/nio/ByteBuffer; @ 45
Event: 7.218 Thread 0x00007ff9fb807000 Uncommon trap: reason=null_assert action=make_not_entrant pc=0x000000010ca4d29c method=de.tu_darmstadt.gdi1.pacman.view.Game.render(Lorg/newdawn/slick/GameContainer;Lorg/newdawn/slick/state/StateBasedGame;Lorg/newdawn/slick/Graphics;)V @ 1087

Internal exceptions (10 events):
Event: 5.218 Thread 0x00007ff9fb807000 Threw 0x00000007d672e038 at /HUDSON/workspace/7u-2-build-macosx-x86_64/jdk7u51/527/hotspot/src/share/vm/prims/jvm.cpp:1244
Event: 5.218 Thread 0x00007ff9fb807000 Threw 0x00000007d6730ba0 at /HUDSON/workspace/7u-2-build-macosx-x86_64/jdk7u51/527/hotspot/src/share/vm/prims/jvm.cpp:1244
Event: 5.219 Thread 0x00007ff9fb807000 Threw 0x00000007d6739d58 at /HUDSON/workspace/7u-2-build-macosx-x86_64/jdk7u51/527/hotspot/src/share/vm/prims/jvm.cpp:1244
Event: 5.220 Thread 0x00007ff9fb807000 Threw 0x00000007d673d280 at /HUDSON/workspace/7u-2-build-macosx-x86_64/jdk7u51/527/hotspot/src/share/vm/prims/jvm.cpp:1244
Event: 7.152 Thread 0x00007ff9fb807000 Threw 0x00000007d6bf6b58 at /HUDSON/workspace/7u-2-build-macosx-x86_64/jdk7u51/527/hotspot/src/share/vm/prims/jvm.cpp:1244
Event: 7.216 Thread 0x00007ff9fb807000 Threw 0x00000007d7e22ab8 at /HUDSON/workspace/7u-2-build-macosx-x86_64/jdk7u51/527/hotspot/src/share/vm/prims/jvm.cpp:1244
Event: 7.216 Thread 0x00007ff9fb807000 Threw 0x00000007d7e2b850 at /HUDSON/workspace/7u-2-build-macosx-x86_64/jdk7u51/527/hotspot/src/share/vm/prims/jvm.cpp:1244
Event: 7.217 Thread 0x00007ff9fb807000 Threw 0x00000007d7e2ffa8 at /HUDSON/workspace/7u-2-build-macosx-x86_64/jdk7u51/527/hotspot/src/share/vm/prims/jvm.cpp:1244
Event: 9.904 Thread 0x00007ff9fb807000 Threw 0x00000007d7eb3290 at /HUDSON/workspace/7u-2-build-macosx-x86_64/jdk7u51/527/hotspot/src/share/vm/prims/jvm.cpp:1244
Event: 13.878 Thread 0x00007ff9fb807000 Threw 0x00000007d7f764f8 at /HUDSON/workspace/7u-2-build-macosx-x86_64/jdk7u51/527/hotspot/src/share/vm/prims/jvm.cpp:1244

Events (10 events):
Event: 7.218 Thread 0x00007ff9fb807000 Uncommon trap: trap_request=0xffffffec fr.pc=0x000000010ca4d29c
Event: 7.218 Thread 0x00007ff9fb807000 DEOPT PACKING pc=0x000000010ca4d29c sp=0x000000010c953770
Event: 7.218 Thread 0x00007ff9fb807000 DEOPT UNPACKING pc=0x000000010c98f045 sp=0x000000010c953770 mode 2
Event: 9.904 loading class 0x00007ff9f9f36560
Event: 9.904 loading class 0x00007ff9f9f36560 done
Event: 9.905 loading class 0x00007ff9f9e512d0
Event: 9.905 loading class 0x00007ff9f9e512d0 done
Event: 10.970 Thread 0x00007ff9fa046000 flushing nmethod 0x000000010c9ca210
Event: 13.878 loading class 0x00007ff9f9d3cec0
Event: 13.878 loading class 0x00007ff9f9d3cec0 done


Dynamic libraries:
0x000000000011f000 	/System/Library/Frameworks/Cocoa.framework/Versions/A/Cocoa
0x000000000011f000 	/System/Library/Frameworks/Security.framework/Versions/A/Security
0x000000000011f000 	/System/Library/Frameworks/ApplicationServices.framework/Versions/A/ApplicationServices
0x000000000011f000 	/usr/lib/libz.1.dylib
0x000000000011f000 	/usr/lib/libSystem.B.dylib
0x000000000011f000 	/usr/lib/libobjc.A.dylib
0x000000000011f000 	/System/Library/Frameworks/CoreFoundation.framework/Versions/A/CoreFoundation
0x000000000011f000 	/System/Library/Frameworks/Foundation.framework/Versions/C/Foundation
0x000000000011f000 	/System/Library/Frameworks/AppKit.framework/Versions/C/AppKit
0x000000000011f000 	/System/Library/Frameworks/CoreData.framework/Versions/A/CoreData
0x000000000011f000 	/System/Library/PrivateFrameworks/RemoteViewServices.framework/Versions/A/RemoteViewServices
0x000000000011f000 	/System/Library/PrivateFrameworks/UIFoundation.framework/Versions/A/UIFoundation
0x000000000011f000 	/System/Library/Frameworks/AudioToolbox.framework/Versions/A/AudioToolbox
0x000000000011f000 	/System/Library/Frameworks/AudioUnit.framework/Versions/A/AudioUnit
0x000000000011f000 	/System/Library/PrivateFrameworks/DataDetectorsCore.framework/Versions/A/DataDetectorsCore
0x000000000011f000 	/System/Library/PrivateFrameworks/DesktopServicesPriv.framework/Versions/A/DesktopServicesPriv
0x000000000011f000 	/System/Library/Frameworks/Carbon.framework/Versions/A/Frameworks/HIToolbox.framework/Versions/A/HIToolbox
0x000000000011f000 	/System/Library/Frameworks/QuartzCore.framework/Versions/A/QuartzCore
0x000000000011f000 	/System/Library/Frameworks/Carbon.framework/Versions/A/Frameworks/SpeechRecognition.framework/Versions/A/SpeechRecognition
0x000000000011f000 	/usr/lib/libauto.dylib
0x000000000011f000 	/usr/lib/libicucore.A.dylib
0x000000000011f000 	/usr/lib/libxml2.2.dylib
0x000000000011f000 	/System/Library/PrivateFrameworks/CoreUI.framework/Versions/A/CoreUI
0x000000000011f000 	/System/Library/Frameworks/CoreAudio.framework/Versions/A/CoreAudio
0x000000000011f000 	/System/Library/Frameworks/DiskArbitration.framework/Versions/A/DiskArbitration
0x000000000011f000 	/usr/lib/liblangid.dylib
0x000000000011f000 	/System/Library/PrivateFrameworks/MultitouchSupport.framework/Versions/A/MultitouchSupport
0x000000000011f000 	/System/Library/Frameworks/IOKit.framework/Versions/A/IOKit
0x000000000011f000 	/usr/lib/libDiagnosticMessagesClient.dylib
0x000000000011f000 	/System/Library/Frameworks/CoreServices.framework/Versions/A/CoreServices
0x000000000011f000 	/System/Library/PrivateFrameworks/PerformanceAnalysis.framework/Versions/A/PerformanceAnalysis
0x000000000011f000 	/System/Library/PrivateFrameworks/GenerationalStorage.framework/Versions/A/GenerationalStorage
0x000000000011f000 	/System/Library/Frameworks/OpenGL.framework/Versions/A/OpenGL
0x000000000011f000 	/System/Library/PrivateFrameworks/Sharing.framework/Versions/A/Sharing
0x000000000011f000 	/System/Library/Frameworks/CoreGraphics.framework/Versions/A/CoreGraphics
0x000000000011f000 	/System/Library/Frameworks/CoreText.framework/Versions/A/CoreText
0x000000000011f000 	/System/Library/Frameworks/ImageIO.framework/Versions/A/ImageIO
0x000000000011f000 	/usr/lib/libextension.dylib
0x000000000011f000 	/System/Library/PrivateFrameworks/Backup.framework/Versions/A/Backup
0x000000000011f000 	/usr/lib/libarchive.2.dylib
0x000000000011f000 	/System/Library/Frameworks/CFNetwork.framework/Versions/A/CFNetwork
0x000000000011f000 	/System/Library/Frameworks/SystemConfiguration.framework/Versions/A/SystemConfiguration
0x000000000011f000 	/usr/lib/libCRFSuite.dylib
0x000000000011f000 	/usr/lib/libc++.1.dylib
0x000000000011f000 	/usr/lib/libc++abi.dylib
0x000000000011f000 	/usr/lib/system/libcache.dylib
0x000000000011f000 	/usr/lib/system/libcommonCrypto.dylib
0x000000000011f000 	/usr/lib/system/libcompiler_rt.dylib
0x000000000011f000 	/usr/lib/system/libcopyfile.dylib
0x000000000011f000 	/usr/lib/system/libcorecrypto.dylib
0x000000000011f000 	/usr/lib/system/libdispatch.dylib
0x000000000011f000 	/usr/lib/system/libdyld.dylib
0x000000000011f000 	/usr/lib/system/libkeymgr.dylib
0x000000000011f000 	/usr/lib/system/liblaunch.dylib
0x000000000011f000 	/usr/lib/system/libmacho.dylib
0x000000000011f000 	/usr/lib/system/libquarantine.dylib
0x000000000011f000 	/usr/lib/system/libremovefile.dylib
0x000000000011f000 	/usr/lib/system/libsystem_asl.dylib
0x000000000011f000 	/usr/lib/system/libsystem_blocks.dylib
0x000000000011f000 	/usr/lib/system/libsystem_c.dylib
0x000000000011f000 	/usr/lib/system/libsystem_configuration.dylib
0x000000000011f000 	/usr/lib/system/libsystem_coreservices.dylib
0x000000000011f000 	/usr/lib/system/libsystem_coretls.dylib
0x000000000011f000 	/usr/lib/system/libsystem_dnssd.dylib
0x000000000011f000 	/usr/lib/system/libsystem_info.dylib
0x000000000011f000 	/usr/lib/system/libsystem_kernel.dylib
0x000000000011f000 	/usr/lib/system/libsystem_m.dylib
0x000000000011f000 	/usr/lib/system/libsystem_malloc.dylib
0x000000000011f000 	/usr/lib/system/libsystem_network.dylib
0x000000000011f000 	/usr/lib/system/libsystem_networkextension.dylib
0x000000000011f000 	/usr/lib/system/libsystem_notify.dylib
0x000000000011f000 	/usr/lib/system/libsystem_platform.dylib
0x000000000011f000 	/usr/lib/system/libsystem_pthread.dylib
0x000000000011f000 	/usr/lib/system/libsystem_sandbox.dylib
0x000000000011f000 	/usr/lib/system/libsystem_secinit.dylib
0x000000000011f000 	/usr/lib/system/libsystem_stats.dylib
0x000000000011f000 	/usr/lib/system/libsystem_trace.dylib
0x000000000011f000 	/usr/lib/system/libunc.dylib
0x000000000011f000 	/usr/lib/system/libunwind.dylib
0x000000000011f000 	/usr/lib/system/libxpc.dylib
0x000000000011f000 	/usr/lib/libbz2.1.0.dylib
0x000000000011f000 	/usr/lib/liblzma.5.dylib
0x000000000011f000 	/usr/lib/libbsm.0.dylib
0x000000000011f000 	/usr/lib/libsqlite3.dylib
0x000000000011f000 	/usr/lib/system/libkxld.dylib
0x000000000011f000 	/usr/lib/libxar.1.dylib
0x000000000011f000 	/usr/lib/libpam.2.dylib
0x000000000011f000 	/usr/lib/libOpenScriptingUtil.dylib
0x000000000011f000 	/System/Library/Frameworks/CoreServices.framework/Versions/A/Frameworks/FSEvents.framework/Versions/A/FSEvents
0x000000000011f000 	/System/Library/Frameworks/CoreServices.framework/Versions/A/Frameworks/CarbonCore.framework/Versions/A/CarbonCore
0x000000000011f000 	/System/Library/Frameworks/CoreServices.framework/Versions/A/Frameworks/Metadata.framework/Versions/A/Metadata
0x000000000011f000 	/System/Library/Frameworks/CoreServices.framework/Versions/A/Frameworks/OSServices.framework/Versions/A/OSServices
0x000000000011f000 	/System/Library/Frameworks/CoreServices.framework/Versions/A/Frameworks/SearchKit.framework/Versions/A/SearchKit
0x000000000011f000 	/System/Library/Frameworks/CoreServices.framework/Versions/A/Frameworks/AE.framework/Versions/A/AE
0x000000000011f000 	/System/Library/Frameworks/CoreServices.framework/Versions/A/Frameworks/LaunchServices.framework/Versions/A/LaunchServices
0x000000000011f000 	/System/Library/Frameworks/CoreServices.framework/Versions/A/Frameworks/DictionaryServices.framework/Versions/A/DictionaryServices
0x000000000011f000 	/System/Library/Frameworks/NetFS.framework/Versions/A/NetFS
0x000000000011f000 	/System/Library/PrivateFrameworks/NetAuth.framework/Versions/A/NetAuth
0x000000000011f000 	/System/Library/PrivateFrameworks/login.framework/Versions/A/Frameworks/loginsupport.framework/Versions/A/loginsupport
0x000000000011f000 	/System/Library/PrivateFrameworks/TCC.framework/Versions/A/TCC
0x000000000011f000 	/System/Library/Frameworks/OpenDirectory.framework/Versions/A/Frameworks/CFOpenDirectory.framework/Versions/A/CFOpenDirectory
0x000000000011f000 	/System/Library/Frameworks/ServiceManagement.framework/Versions/A/ServiceManagement
0x000000000011f000 	/usr/lib/libxslt.1.dylib
0x000000000011f000 	/System/Library/Frameworks/Carbon.framework/Versions/A/Frameworks/Ink.framework/Versions/A/Ink
0x000000000011f000 	/System/Library/Frameworks/ApplicationServices.framework/Versions/A/Frameworks/ATS.framework/Versions/A/ATS
0x000000000011f000 	/System/Library/Frameworks/ApplicationServices.framework/Versions/A/Frameworks/ColorSync.framework/Versions/A/ColorSync
0x000000000011f000 	/System/Library/Frameworks/ApplicationServices.framework/Versions/A/Frameworks/HIServices.framework/Versions/A/HIServices
0x000000000011f000 	/System/Library/Frameworks/ApplicationServices.framework/Versions/A/Frameworks/LangAnalysis.framework/Versions/A/LangAnalysis
0x000000000011f000 	/System/Library/Frameworks/ApplicationServices.framework/Versions/A/Frameworks/PrintCore.framework/Versions/A/PrintCore
0x000000000011f000 	/System/Library/Frameworks/ApplicationServices.framework/Versions/A/Frameworks/QD.framework/Versions/A/QD
0x000000000011f000 	/System/Library/Frameworks/ApplicationServices.framework/Versions/A/Frameworks/SpeechSynthesis.framework/Versions/A/SpeechSynthesis
0x000000000011f000 	/System/Library/Frameworks/IOSurface.framework/Versions/A/IOSurface
0x000000000011f000 	/System/Library/Frameworks/Accelerate.framework/Versions/A/Accelerate
0x000000000011f000 	/System/Library/Frameworks/Accelerate.framework/Versions/A/Frameworks/vImage.framework/Versions/A/vImage
0x000000000011f000 	/System/Library/Frameworks/Accelerate.framework/Versions/A/Frameworks/vecLib.framework/Versions/A/vecLib
0x000000000011f000 	/System/Library/Frameworks/Accelerate.framework/Versions/A/Frameworks/vecLib.framework/Versions/A/libvDSP.dylib
0x000000000011f000 	/System/Library/Frameworks/Accelerate.framework/Versions/A/Frameworks/vecLib.framework/Versions/A/libvMisc.dylib
0x000000000011f000 	/System/Library/Frameworks/Accelerate.framework/Versions/A/Frameworks/vecLib.framework/Versions/A/libLAPACK.dylib
0x000000000011f000 	/System/Library/Frameworks/Accelerate.framework/Versions/A/Frameworks/vecLib.framework/Versions/A/libBLAS.dylib
0x000000000011f000 	/System/Library/Frameworks/Accelerate.framework/Versions/A/Frameworks/vecLib.framework/Versions/A/libLinearAlgebra.dylib
0x000000000011f000 	/System/Library/Frameworks/ApplicationServices.framework/Versions/A/Frameworks/ATS.framework/Versions/A/Resources/libFontParser.dylib
0x000000000011f000 	/System/Library/Frameworks/ApplicationServices.framework/Versions/A/Frameworks/ATS.framework/Versions/A/Resources/libFontRegistry.dylib
0x000000000011f000 	/System/Library/PrivateFrameworks/AppleVPA.framework/Versions/A/AppleVPA
0x000000000011f000 	/System/Library/PrivateFrameworks/AppleJPEG.framework/Versions/A/AppleJPEG
0x000000000011f000 	/System/Library/Frameworks/ImageIO.framework/Versions/A/Resources/libJPEG.dylib
0x000000000011f000 	/System/Library/Frameworks/ImageIO.framework/Versions/A/Resources/libTIFF.dylib
0x000000000011f000 	/System/Library/Frameworks/ImageIO.framework/Versions/A/Resources/libPng.dylib
0x000000000011f000 	/System/Library/Frameworks/ImageIO.framework/Versions/A/Resources/libGIF.dylib
0x000000000011f000 	/System/Library/Frameworks/ImageIO.framework/Versions/A/Resources/libJP2.dylib
0x000000000011f000 	/System/Library/Frameworks/ImageIO.framework/Versions/A/Resources/libRadiance.dylib
0x000000000011f000 	/System/Library/Frameworks/CoreVideo.framework/Versions/A/CoreVideo
0x000000000011f000 	/System/Library/Frameworks/OpenGL.framework/Versions/A/Libraries/libGLU.dylib
0x000000000011f000 	/System/Library/Frameworks/OpenGL.framework/Versions/A/Libraries/libGFXShared.dylib
0x000000000011f000 	/System/Library/Frameworks/OpenGL.framework/Versions/A/Libraries/libGL.dylib
0x000000000011f000 	/System/Library/Frameworks/OpenGL.framework/Versions/A/Libraries/libGLImage.dylib
0x000000000011f000 	/System/Library/Frameworks/OpenGL.framework/Versions/A/Libraries/libCVMSPluginSupport.dylib
0x000000000011f000 	/System/Library/Frameworks/OpenGL.framework/Versions/A/Libraries/libCoreVMClient.dylib
0x000000000011f000 	/usr/lib/libcups.2.dylib
0x000000000011f000 	/System/Library/Frameworks/Kerberos.framework/Versions/A/Kerberos
0x000000000011f000 	/System/Library/Frameworks/GSS.framework/Versions/A/GSS
0x000000000011f000 	/usr/lib/libresolv.9.dylib
0x000000000011f000 	/usr/lib/libiconv.2.dylib
0x000000000011f000 	/System/Library/PrivateFrameworks/Heimdal.framework/Versions/A/Heimdal
0x000000000011f000 	/usr/lib/libheimdal-asn1.dylib
0x000000000011f000 	/System/Library/Frameworks/OpenDirectory.framework/Versions/A/OpenDirectory
0x000000000011f000 	/System/Library/PrivateFrameworks/CommonAuth.framework/Versions/A/CommonAuth
0x000000000011f000 	/System/Library/Frameworks/SecurityFoundation.framework/Versions/A/SecurityFoundation
0x000000000011f000 	/System/Library/Frameworks/QuartzCore.framework/Versions/A/Frameworks/CoreImage.framework/Versions/A/CoreImage
0x000000000011f000 	/System/Library/PrivateFrameworks/CrashReporterSupport.framework/Versions/A/CrashReporterSupport
0x000000000011f000 	/System/Library/Frameworks/OpenCL.framework/Versions/A/OpenCL
0x000000000011f000 	/System/Library/PrivateFrameworks/FaceCore.framework/Versions/A/FaceCore
0x000000000011f000 	/System/Library/PrivateFrameworks/Ubiquity.framework/Versions/A/Ubiquity
0x000000000011f000 	/System/Library/PrivateFrameworks/IconServices.framework/Versions/A/IconServices
0x000000000011f000 	/System/Library/PrivateFrameworks/ChunkingLibrary.framework/Versions/A/ChunkingLibrary
0x000000000011f000 	/System/Library/PrivateFrameworks/Apple80211.framework/Versions/A/Apple80211
0x000000000011f000 	/System/Library/Frameworks/CoreWLAN.framework/Versions/A/CoreWLAN
0x000000000011f000 	/System/Library/Frameworks/IOBluetooth.framework/Versions/A/IOBluetooth
0x000000000011f000 	/System/Library/Frameworks/CoreWiFi.framework/Versions/A/CoreWiFi
0x000000000011f000 	/System/Library/Frameworks/CoreBluetooth.framework/Versions/A/CoreBluetooth
0x000000000011f000 	/System/Library/PrivateFrameworks/DebugSymbols.framework/Versions/A/DebugSymbols
0x000000000011f000 	/System/Library/PrivateFrameworks/CoreSymbolication.framework/Versions/A/CoreSymbolication
0x000000000011f000 	/System/Library/PrivateFrameworks/Symbolication.framework/Versions/A/Symbolication
0x000000000011f000 	/System/Library/PrivateFrameworks/SpeechRecognitionCore.framework/Versions/A/SpeechRecognitionCore
0x000000010b479000 	/System/Library/CoreServices/Encodings/libSimplifiedChineseConverter.dylib
0x000000010be00000 	/Library/Java/JavaVirtualMachines/jdk1.7.0_51.jdk/Contents/Home/jre/lib/server/libjvm.dylib
0x000000000011f000 	/usr/lib/libstdc++.6.dylib
0x000000010b556000 	/Library/Java/JavaVirtualMachines/jdk1.7.0_51.jdk/Contents/Home/jre/lib/libverify.dylib
0x000000010b563000 	/Library/Java/JavaVirtualMachines/jdk1.7.0_51.jdk/Contents/Home/jre/lib/libjava.dylib
0x000000010b59d000 	/Library/Java/JavaVirtualMachines/jdk1.7.0_51.jdk/Contents/Home/jre/lib/libzip.dylib
0x000000011616f000 	/System/Library/Frameworks/JavaVM.framework/Frameworks/JavaRuntimeSupport.framework/JavaRuntimeSupport
0x0000000116185000 	/System/Library/Frameworks/JavaVM.framework/Versions/A/Frameworks/JavaNativeFoundation.framework/Versions/A/JavaNativeFoundation
0x0000000116199000 	/System/Library/Frameworks/JavaVM.framework/Versions/A/JavaVM
0x000000000011f000 	/System/Library/Frameworks/Carbon.framework/Versions/A/Carbon
0x00000001161a5000 	/System/Library/PrivateFrameworks/JavaLaunching.framework/Versions/A/JavaLaunching
0x000000000011f000 	/System/Library/Frameworks/Carbon.framework/Versions/A/Frameworks/CommonPanels.framework/Versions/A/CommonPanels
0x000000000011f000 	/System/Library/Frameworks/Carbon.framework/Versions/A/Frameworks/Help.framework/Versions/A/Help
0x000000000011f000 	/System/Library/Frameworks/Carbon.framework/Versions/A/Frameworks/ImageCapture.framework/Versions/A/ImageCapture
0x000000000011f000 	/System/Library/Frameworks/Carbon.framework/Versions/A/Frameworks/OpenScripting.framework/Versions/A/OpenScripting
0x000000000011f000 	/System/Library/Frameworks/Carbon.framework/Versions/A/Frameworks/Print.framework/Versions/A/Print
0x000000000011f000 	/System/Library/Frameworks/Carbon.framework/Versions/A/Frameworks/SecurityHI.framework/Versions/A/SecurityHI
0x0000000117ef1000 	/Library/Java/JavaVirtualMachines/jdk1.7.0_51.jdk/Contents/Home/jre/lib/libawt.dylib
0x0000000117fa0000 	/Library/Java/JavaVirtualMachines/jdk1.7.0_51.jdk/Contents/Home/jre/lib/./libmlib_image.dylib
0x000000011806c000 	/Library/Java/JavaVirtualMachines/jdk1.7.0_51.jdk/Contents/Home/jre/lib/lwawt/liblwawt.dylib
0x0000000118120000 	/Library/Java/JavaVirtualMachines/jdk1.7.0_51.jdk/Contents/Home/jre/lib/libosxapp.dylib
0x000000000011f000 	/System/Library/Frameworks/ExceptionHandling.framework/Versions/A/ExceptionHandling
0x000000000011f000 	/System/Library/PrivateFrameworks/CoreServicesInternal.framework/Versions/A/CoreServicesInternal
0x000000000011f000 	/System/Library/PrivateFrameworks/CloudDocs.framework/Versions/A/CloudDocs
0x000000000011f000 	/System/Library/PrivateFrameworks/CoreDuet.framework/Versions/A/CoreDuet
0x000000000011f000 	/System/Library/Frameworks/CloudKit.framework/Versions/A/CloudKit
0x000000000011f000 	/System/Library/PrivateFrameworks/ProtocolBuffer.framework/Versions/A/ProtocolBuffer
0x000000000011f000 	/System/Library/PrivateFrameworks/CoreDuetDaemonProtocol.framework/Versions/A/CoreDuetDaemonProtocol
0x000000000011f000 	/System/Library/PrivateFrameworks/CoreDuetDebugLogging.framework/Versions/A/CoreDuetDebugLogging
0x000000000011f000 	/System/Library/Frameworks/CoreLocation.framework/Versions/A/CoreLocation
0x000000000011f000 	/System/Library/Frameworks/Accounts.framework/Versions/A/Accounts
0x000000000011f000 	/System/Library/PrivateFrameworks/ApplePushService.framework/Versions/A/ApplePushService
0x000000000011f000 	/System/Library/PrivateFrameworks/GeoServices.framework/Versions/A/GeoServices
0x000000000011f000 	/System/Library/PrivateFrameworks/OAuth.framework/Versions/A/OAuth
0x000000000011f000 	/System/Library/PrivateFrameworks/CoreDaemon.framework/Versions/B/CoreDaemon
0x000000000011f000 	/usr/lib/libcrypto.0.9.8.dylib
0x000000000011f000 	/System/Library/PrivateFrameworks/AppleSRP.framework/Versions/A/AppleSRP
0x000000000011f000 	/System/Library/PrivateFrameworks/TrustEvaluationAgent.framework/Versions/A/TrustEvaluationAgent
0x000000000011f000 	/System/Library/Frameworks/CoreGraphics.framework/Versions/A/Resources/libCGCMS.A.dylib
0x000000000011f000 	/System/Library/Frameworks/CoreGraphics.framework/Versions/A/Resources/libRIP.A.dylib
0x000000000011f000 	/System/Library/Frameworks/CoreGraphics.framework/Versions/A/Resources/libCGXType.A.dylib
0x000000000011f000 	/System/Library/Frameworks/OpenCL.framework/Versions/A/Libraries/libcldcpuengine.dylib
0x000000000011f000 	/System/Library/PrivateFrameworks/DiskImages.framework/Versions/A/DiskImages
0x000000000011f000 	/System/Library/Frameworks/DiscRecording.framework/Versions/A/DiscRecording
0x000000000011f000 	/usr/lib/libcsfde.dylib
0x000000000011f000 	/usr/lib/libcurl.4.dylib
0x000000000011f000 	/System/Library/PrivateFrameworks/MediaKit.framework/Versions/A/MediaKit
0x000000000011f000 	/System/Library/PrivateFrameworks/ProtectedCloudStorage.framework/Versions/A/ProtectedCloudStorage
0x000000000011f000 	/usr/lib/libCoreStorage.dylib
0x000000000011f000 	/System/Library/PrivateFrameworks/EFILogin.framework/Versions/A/EFILogin
0x000000000011f000 	/usr/lib/libutil.dylib
0x000000000011f000 	/System/Library/PrivateFrameworks/FindMyDevice.framework/Versions/A/FindMyDevice
0x000000000011f000 	/System/Library/Frameworks/LDAP.framework/Versions/A/LDAP
0x000000000011f000 	/usr/lib/libsasl2.2.dylib
0x000000011a5d8000 	cl_kernels
0x000000011a5da000 	/System/Library/Frameworks/OpenCL.framework/Versions/A/Libraries/ImageFormats/unorm8_bgra.dylib
0x000000011a5c9000 	cl_kernels
0x000000000011f000 	/System/Library/PrivateFrameworks/FamilyControls.framework/Versions/A/FamilyControls
0x000000000011f000 	/System/Library/PrivateFrameworks/CommerceKit.framework/Versions/A/Frameworks/CommerceCore.framework/Versions/A/CommerceCore
0x000000000011f000 	/System/Library/PrivateFrameworks/SystemAdministration.framework/Versions/A/SystemAdministration
0x000000000011f000 	/System/Library/PrivateFrameworks/AppContainer.framework/Versions/A/AppContainer
0x000000000011f000 	/System/Library/PrivateFrameworks/SecCodeWrapper.framework/Versions/A/SecCodeWrapper
0x000000000011f000 	/System/Library/Frameworks/DirectoryService.framework/Versions/A/DirectoryService
0x000000000011f000 	/System/Library/PrivateFrameworks/LoginUIKit.framework/Versions/A/Frameworks/LoginUICore.framework/Versions/A/LoginUICore
0x000000000011f000 	/usr/lib/libodfde.dylib
0x000000011bd4d000 	/Library/Java/JavaVirtualMachines/jdk1.7.0_51.jdk/Contents/Home/jre/lib/libfontmanager.dylib
0x000000011bdb4000 	/Users/smithdodo/Documents/workspace2/Pacman_rebuid/lwjgl-2.9.0/native/macosx/liblwjgl.jnilib
0x000000011a14a000 	/Library/Java/JavaVirtualMachines/jdk1.7.0_51.jdk/Contents/Home/jre/lib/libjawt.dylib
0x000000011a14d000 	/Library/Java/JavaVirtualMachines/jdk1.7.0_51.jdk/Contents/Home/jre/lib/libnio.dylib
0x000000011be2f000 	/Library/Java/JavaVirtualMachines/jdk1.7.0_51.jdk/Contents/Home/jre/lib/./libnet.dylib
0x000000000011f000 	/System/Library/Frameworks/OpenGL.framework/Versions/A/Resources/GLEngine.bundle/GLEngine
0x000000000011f000 	/System/Library/Frameworks/OpenGL.framework/Versions/A/Libraries/libGLProgrammability.dylib
0x0000000000000000 	/System/Library/Extensions/AppleIntelHD4000GraphicsGLDriver.bundle/Contents/MacOS/AppleIntelHD4000GraphicsGLDriver
0x000000000011f000 	/System/Library/PrivateFrameworks/IOAccelerator.framework/Versions/A/IOAccelerator
0x000000000011f000 	/System/Library/PrivateFrameworks/GPUSupport.framework/Versions/A/Libraries/libGPUSupportMercury.dylib
0x000000000011f000 	/System/Library/Frameworks/OpenGL.framework/Versions/A/Resources/GLRendererFloat.bundle/GLRendererFloat
0x000000011c6bc000 	/Library/Java/JavaVirtualMachines/jdk1.7.0_51.jdk/Contents/Home/jre/lib/libjpeg.dylib
0x000000011c70a000 	/Users/smithdodo/Documents/workspace2/Pacman_rebuid/lwjgl-2.9.0/native/macosx/openal.dylib
0x000000011c7dc000 	/System/Library/Components/CoreAudio.component/Contents/MacOS/CoreAudio
0x000000011bea1000 	/System/Library/Extensions/AppleHDA.kext/Contents/PlugIns/AppleHDAHALPlugIn.bundle/Contents/MacOS/AppleHDAHALPlugIn
0x000000000011f000 	/System/Library/Frameworks/ApplicationServices.framework/Versions/A/Frameworks/ATS.framework/Versions/A/Resources/libTrueTypeScaler.dylib
0x000000000011f000 	/System/Library/Frameworks/ApplicationServices.framework/Versions/A/Frameworks/ATS.framework/Versions/A/Resources/libType1Scaler.dylib

VM Arguments:
jvm_args: -Djava.library.path=/Users/smithdodo/Documents/workspace2/Pacman_rebuid/lwjgl-2.9.0/native/macosx -Dfile.encoding=UTF-8 
java_command: de.tu_darmstadt.gdi1.pacman.main.Main
Launcher Type: SUN_STANDARD

Environment Variables:
PATH=/usr/bin:/bin:/usr/sbin:/sbin
SHELL=/bin/bash

Signal Handlers:
SIGSEGV: [libjvm.dylib+0x525425], sa_mask[0]=0xfffefeff, sa_flags=0x00000043
SIGBUS: [libjvm.dylib+0x525425], sa_mask[0]=0xfffefeff, sa_flags=0x00000042
SIGFPE: [libjvm.dylib+0x41892a], sa_mask[0]=0xfffefeff, sa_flags=0x00000042
SIGPIPE: [libjvm.dylib+0x41892a], sa_mask[0]=0xfffefeff, sa_flags=0x00000042
SIGXFSZ: [libjvm.dylib+0x41892a], sa_mask[0]=0xfffefeff, sa_flags=0x00000042
SIGILL: [libjvm.dylib+0x41892a], sa_mask[0]=0xfffefeff, sa_flags=0x00000042
SIGUSR1: SIG_DFL, sa_mask[0]=0x00000000, sa_flags=0x00000000
SIGUSR2: [libjvm.dylib+0x41841c], sa_mask[0]=0x00000004, sa_flags=0x00000042
SIGHUP: [libjvm.dylib+0x4166ab], sa_mask[0]=0xfffefeff, sa_flags=0x00000042
SIGINT: [libjvm.dylib+0x4166ab], sa_mask[0]=0xfffefeff, sa_flags=0x00000042
SIGTERM: [libjvm.dylib+0x4166ab], sa_mask[0]=0xfffefeff, sa_flags=0x00000042
SIGQUIT: [libjvm.dylib+0x4166ab], sa_mask[0]=0xfffefeff, sa_flags=0x00000042


---------------  S Y S T E M  ---------------

OS:Bsduname:Darwin 14.0.0 Darwin Kernel Version 14.0.0: Wed Jul 16 00:46:31 PDT 2014; root:xnu-2782.1.43.0.2~2/RELEASE_X86_64 x86_64
rlimit: STACK 8192k, CORE 0k, NPROC 709, NOFILE 10240, AS infinity
load average:1.62 1.55 1.51

CPU:total 4 (2 cores per cpu, 2 threads per core) family 6 model 58 stepping 9, cmov, cx8, fxsr, mmx, sse, sse2, sse3, ssse3, sse4.1, sse4.2, popcnt, avx, aes, erms, ht, tsc, tscinvbit, tscinv

Memory: 4k page, physical 8388608k(2097152k free)

/proc/meminfo:


vm_info: Java HotSpot(TM) 64-Bit Server VM (24.51-b03) for bsd-amd64 JRE (1.7.0_51-b13), built on Dec 18 2013 18:45:56 by "java_re" with gcc 4.2.1 (Based on Apple Inc. build 5658) (LLVM build 2336.11.00)

time: Sat Aug 16 02:35:42 2014
elapsed time: 13 seconds

