#
# A fatal error has been detected by the Java Runtime Environment:
#
#  SIGSEGV (0xb) at pc=0x00007fff8aa648f2, pid=20483, tid=1299
#
# JRE version: Java(TM) SE Runtime Environment (7.0_51-b13) (build 1.7.0_51-b13)
# Java VM: Java HotSpot(TM) 64-Bit Server VM (24.51-b03 mixed mode bsd-amd64 compressed oops)
# Problematic frame:
# C  [libGPUSupportMercury.dylib+0xb8f2]  gldAttachDrawable+0x60
#
# Failed to write core dump. Core dumps have been disabled. To enable core dumping, try "ulimit -c unlimited" before starting Java again
#
# If you would like to submit a bug report, please visit:
#   http://bugreport.sun.com/bugreport/crash.jsp
# The crash happened outside the Java Virtual Machine in native code.
# See problematic frame for where to report the bug.
#

---------------  T H R E A D  ---------------

Current thread (0x00007fad238b2800):  JavaThread "AppKit Thread" daemon [_thread_in_native, id=1299, stack(0x00007fff55ecf000,0x00007fff55f4f000)]

siginfo:si_signo=SIGSEGV: si_errno=0, si_code=0 (SEGV0), si_addr=0x0000000000000000

Registers:
RAX=0x9000000000000000, RBX=0x000000000000271e, RCX=0x0000000000000000, RDX=0x00007fad21e7d758
RSP=0x00007fff55f49840, RBP=0x00007fff55f49940, RSI=0x0000000000000050, RDI=0x00007fff7cd1a070
R8 =0x00007fad25009e60, R9 =0x00007fad24800000, R10=0x000000000000003c, R11=0x0000000000000206
R12=0x0000000000002718, R13=0x00007fad228b9800, R14=0x0000000000000050, R15=0x0000000000000000
RIP=0x00007fff8aa648f2, EFLAGS=0x0000000000010212, ERR=0x0000000000000000
  TRAPNO=0x000000000000000d

Top of Stack: (sp=0x00007fff55f49840)
0x00007fff55f49840:   00000000000cd8c0 00007fad21c12f94
0x00007fff55f49850:   0000000000000100 00007fad21c12f70
0x00007fff55f49860:   0000000055f49880 00007fff8fb5160f
0x00007fff55f49870:   0000000000000000 9000000000000000
0x00007fff55f49880:   0000000300000003 00007fff55f499c8
0x00007fff55f49890:   00007fff55f49954 0000000000042493
0x00007fff55f498a0:   00007fff55f4994c 00007fff55f49950
0x00007fff55f498b0:   00007fff55f49930 00007fff8cd42bfa
0x00007fff55f498c0:   0000000000000000 0000000000004fa9
0x00007fff55f498d0:   0000003400001200 0000020b00000000
0x00007fff55f498e0:   00007fff55f49910 00007fff8ccf2d10
0x00007fff55f498f0:   00007fff55f49940 0000000000004fa9
0x00007fff55f49900:   00000000042732c0 000000001851fa8c
0x00007fff55f49910:   7800b20422383166 00007fad25000000
0x00007fff55f49920:   0000000000002718 0000000000000000
0x00007fff55f49930:   0000000000000050 0000000000000000
0x00007fff55f49940:   00007fff55f49990 00007fff8f1f6944
0x00007fff55f49950:   00007fad25009e60 0000000000000000
0x00007fff55f49960:   00007fad21e7d758 00007fad21d24bc0
0x00007fff55f49970:   0000000000000000 00007fad238e7b50
0x00007fff55f49980:   00007fad238e5c00 00007fff7cd1a070
0x00007fff55f49990:   00007fff55f49a80 00007fff8ed0f8c0
0x00007fff55f499a0:   4089000000000000 406e000000000000
0x00007fff55f499b0:   4061a00000000000 4085e00000000000
0x00007fff55f499c0:   407c900000000000 0000000000000000
0x00007fff55f499d0:   4036000000000000 4085e00000000000
0x00007fff55f499e0:   407b300000000000 0000000000000000
0x00007fff55f499f0:   0000000000000000 0000000000000001
0x00007fff55f49a00:   00007fad21e7d758 0000000000000001
0x00007fff55f49a10:   00007fff55f49a80 00007fff8ed146ad
0x00007fff55f49a20:   0000000100000003 00007fad238e7b50
0x00007fff55f49a30:   00007fad238e7a88 000000020000ffff 

Instructions: (pc=0x00007fff8aa648f2)
0x00007fff8aa648d2:   48 85 d2 b8 01 00 00 00 bb 15 27 00 00 0f 44 d8
0x00007fff8aa648e2:   e9 7f 01 00 00 49 8b 45 08 48 89 85 38 ff ff ff
0x00007fff8aa648f2:   48 8b 00 48 89 85 30 ff ff ff 83 fe 4f 0f 8f fd
0x00007fff8aa64902:   00 00 00 48 89 d0 bb 15 27 00 00 83 fe 35 0f 84 

Register to memory mapping:

RAX=0x9000000000000000 is an unknown value
RBX=0x000000000000271e is an unknown value
RCX=0x0000000000000000 is an unknown value
RDX=0x00007fad21e7d758 is an unknown value
RSP=0x00007fff55f49840 is pointing into the stack for thread: 0x00007fad238b2800
RBP=0x00007fff55f49940 is pointing into the stack for thread: 0x00007fad238b2800
RSI=0x0000000000000050 is an unknown value
RDI=0x00007fff7cd1a070: __stack_chk_guard+0 in /usr/lib/system/libsystem_c.dylib at 0x00007fff98b8d000
R8 =0x00007fad25009e60 is an unknown value
R9 =0x00007fad24800000 is an unknown value
R10=0x000000000000003c is an unknown value
R11=0x0000000000000206 is an unknown value
R12=0x0000000000002718 is an unknown value
R13=0x00007fad228b9800 is an unknown value
R14=0x0000000000000050 is an unknown value
R15=0x0000000000000000 is an unknown value


Stack: [0x00007fff55ecf000,0x00007fff55f4f000],  sp=0x00007fff55f49840,  free space=490k
Native frames: (J=compiled Java code, j=interpreted, Vv=VM code, C=native code)
C  [libGPUSupportMercury.dylib+0xb8f2]  gldAttachDrawable+0x60
C  [GLEngine+0x16944]  gliAttachDrawableWithOptions+0x101
C  [OpenGL+0x38c0]  glcGetIOAccelService+0xe03
C  [OpenGL+0x7454]  CGLSetPBuffer+0xb90
C  [OpenGL+0x7777]  CGLSetSurface+0x124
C  [AppKit+0x2c3345]  -[NSOpenGLContext setView:]+0x2ad
C  [liblwjgl.jnilib+0x966e]  -[MacOSXOpenGLView lockFocus]+0x6e
C  [AppKit+0x14d254]  -[NSView _recursiveDisplayRectIfNeededIgnoringOpacity:isVisibleRect:rectIsVisibleRectForView:topView:]+0x740
C  [AppKit+0x14e2af]  -[NSView _recursiveDisplayRectIfNeededIgnoringOpacity:isVisibleRect:rectIsVisibleRectForView:topView:]+0x179b
C  [AppKit+0x14c5fe]  -[NSThemeFrame _recursiveDisplayRectIfNeededIgnoringOpacity:isVisibleRect:rectIsVisibleRectForView:topView:]+0x14d
C  [AppKit+0x14913a]  -[NSView _displayRectIgnoringOpacity:isVisibleRect:rectIsVisibleRectForView:]+0xac9
C  [AppKit+0x12836d]  -[NSView displayIfNeeded]+0x754
C  [AppKit+0x1450b5]  -[NSWindow displayIfNeeded]+0xe8
C  [AppKit+0x181da2]  _handleWindowNeedsDisplayOrLayoutOrUpdateConstraints+0x3a8
C  [AppKit+0x749bc1]  __83-[NSWindow _postWindowNeedsDisplayOrLayoutOrUpdateConstraintsUnlessPostingDisabled]_block_invoke1505+0x2e
C  [CoreFoundation+0x80837]  __CFRUNLOOP_IS_CALLING_OUT_TO_AN_OBSERVER_CALLBACK_FUNCTION__+0x17
C  [CoreFoundation+0x80790]  __CFRunLoopDoObservers+0x170
C  [CoreFoundation+0x722a4]  __CFRunLoopRun+0x364
C  [CoreFoundation+0x71cf8]  CFRunLoopRunSpecific+0x128
C  [HIToolbox+0x2e72f]  RunCurrentEventLoopInMode+0xeb
C  [HIToolbox+0x2e3a6]  ReceiveNextEventCommon+0xb3
C  [HIToolbox+0x2e2e3]  _BlockUntilNextEventMatchingListInModeWithFilter+0x47
C  [AppKit+0x23f05]  _DPSNextEvent+0x3e8
C  [AppKit+0x236d9]  -[NSApplication nextEventMatchingMask:untilDate:inMode:dequeue:]+0x8b
C  [libosxapp.dylib+0x16f4]  -[NSApplicationAWT nextEventMatchingMask:untilDate:inMode:dequeue:]+0x7c
C  [AppKit+0x17643]  -[NSApplication run]+0x252
C  [libosxapp.dylib+0x1557]  +[NSApplicationAWT runAWTLoopWithApp:]+0x9c
C  [liblwawt.dylib+0xdba9]  -[AWTStarter starter:]+0x369
C  [Foundation+0x65ad8]  __NSThreadPerformPerform+0x125
C  [CoreFoundation+0x81111]  __CFRUNLOOP_IS_CALLING_OUT_TO_A_SOURCE0_PERFORM_FUNCTION__+0x11
C  [CoreFoundation+0x72c8d]  __CFRunLoopDoSources0+0x10d
C  [CoreFoundation+0x722db]  __CFRunLoopRun+0x39b
C  [CoreFoundation+0x71cf8]  CFRunLoopRunSpecific+0x128
C  [java+0x73b0]  CreateExecutionEnvironment+0x367
C  [java+0x1b5c]  JLI_Launch+0x7a0
C  [java+0x770d]  main+0x65
C  [java+0x13b4]  start+0x34


---------------  P R O C E S S  ---------------

Java Threads: ( => current thread )
  0x00007fad22822000 JavaThread "AWT-Shutdown" [_thread_blocked, id=27675, stack(0x000000011fdf5000,0x000000011fef5000)]
  0x00007fad23960800 JavaThread "Java2D Queue Flusher" daemon [_thread_blocked, id=66387, stack(0x000000011c0b0000,0x000000011c1b0000)]
  0x00007fad230d6800 JavaThread "Java2D Disposer" daemon [_thread_blocked, id=65795, stack(0x000000011b542000,0x000000011b642000)]
=>0x00007fad238b2800 JavaThread "AppKit Thread" daemon [_thread_in_native, id=1299, stack(0x00007fff55ecf000,0x00007fff55f4f000)]
  0x00007fad23851800 JavaThread "Service Thread" daemon [_thread_blocked, id=17667, stack(0x000000011653b000,0x000000011663b000)]
  0x00007fad23850800 JavaThread "C2 CompilerThread1" daemon [_thread_blocked, id=17155, stack(0x0000000116438000,0x0000000116538000)]
  0x00007fad2384f000 JavaThread "C2 CompilerThread0" daemon [_thread_blocked, id=16643, stack(0x0000000116335000,0x0000000116435000)]
  0x00007fad22019000 JavaThread "Signal Dispatcher" daemon [_thread_blocked, id=13327, stack(0x0000000116232000,0x0000000116332000)]
  0x00007fad22014800 JavaThread "Finalizer" daemon [_thread_blocked, id=11523, stack(0x00000001148f0000,0x00000001149f0000)]
  0x00007fad22012000 JavaThread "Reference Handler" daemon [_thread_blocked, id=11011, stack(0x00000001147ed000,0x00000001148ed000)]
  0x00007fad23802800 JavaThread "main" [_thread_in_native, id=5379, stack(0x000000010b054000,0x000000010b154000)]

Other Threads:
  0x00007fad22011000 VMThread [stack: 0x00000001146ea000,0x00000001147ea000] [id=10499]
  0x00007fad2202c000 WatcherThread [stack: 0x000000011663e000,0x000000011673e000] [id=18179]

VM state:not at safepoint (normal execution)

VM Mutex/Monitor currently owned by a thread: None

Heap
 PSYoungGen      total 83968K, used 74715K [0x00000007d5500000, 0x00000007db980000, 0x0000000800000000)
  eden space 80896K, 88% used [0x00000007d5500000,0x00000007d9af7130,0x00000007da400000)
  from space 3072K, 99% used [0x00000007da880000,0x00000007dab7fb10,0x00000007dab80000)
  to   space 4608K, 0% used [0x00000007da400000,0x00000007da400000,0x00000007da880000)
 ParOldGen       total 137728K, used 33894K [0x0000000780000000, 0x0000000788680000, 0x00000007d5500000)
  object space 137728K, 24% used [0x0000000780000000,0x0000000782119a50,0x0000000788680000)
 PSPermGen       total 21504K, used 8961K [0x000000077ae00000, 0x000000077c300000, 0x0000000780000000)
  object space 21504K, 41% used [0x000000077ae00000,0x000000077b6c04c0,0x000000077c300000)

Card table byte_map: [0x000000010e246000,0x000000010e670000] byte_map_base: 0x000000010a66f000

Polling page: 0x0000000109de6000

Code Cache  [0x000000010b186000, 0x000000010b3f6000, 0x000000010e186000)
 total_blobs=611 nmethods=157 adapters=409 free_code_cache=48249Kb largest_free_block=49382272

Compilation events (10 events):
Event: 9.690 Thread 0x00007fad2384f000  152             org.newdawn.slick.GameContainer::getInput (5 bytes)
Event: 9.691 Thread 0x00007fad2384f000 nmethod 152 0x000000010b266b10 code [0x000000010b266c40, 0x000000010b266cb8]
Event: 10.574 Thread 0x00007fad23850800  153             java.nio.Buffer::position (5 bytes)
Event: 10.574 Thread 0x00007fad23850800 nmethod 153 0x000000010b26c350 code [0x000000010b26c480, 0x000000010b26c4d8]
Event: 10.924 Thread 0x00007fad2384f000  154             java.nio.Buffer::remaining (10 bytes)
Event: 10.924 Thread 0x00007fad2384f000 nmethod 154 0x000000010b26c150 code [0x000000010b26c280, 0x000000010b26c2d8]
Event: 11.090 Thread 0x00007fad23850800  155             org.lwjgl.opengl.GL11::glDisable (19 bytes)
Event: 11.092 Thread 0x00007fad23850800 nmethod 155 0x000000010b26a590 code [0x000000010b26a6e0, 0x000000010b26a7e8]
Event: 11.093 Thread 0x00007fad2384f000  157             org.newdawn.slick.opengl.renderer.ImmediateModeOGLRenderer::glDisable (5 bytes)
Event: 11.095 Thread 0x00007fad2384f000 nmethod 157 0x000000010b269dd0 code [0x000000010b269f20, 0x000000010b26a048]

GC Heap History (10 events):
Event: 1.640 GC heap before
{Heap before GC invocations=3 (full 0):
 PSYoungGen      total 38912K, used 35266K [0x00000007d5500000, 0x00000007da100000, 0x0000000800000000)
  eden space 33792K, 100% used [0x00000007d5500000,0x00000007d7600000,0x00000007d7600000)
  from space 5120K, 28% used [0x00000007d7b00000,0x00000007d7c70900,0x00000007d8000000)
  to   space 5120K, 0% used [0x00000007d7600000,0x00000007d7600000,0x00000007d7b00000)
 ParOldGen       total 87040K, used 15519K [0x0000000780000000, 0x0000000785500000, 0x00000007d5500000)
  object space 87040K, 17% used [0x0000000780000000,0x0000000780f27fd0,0x0000000785500000)
 PSPermGen       total 21504K, used 8685K [0x000000077ae00000, 0x000000077c300000, 0x0000000780000000)
  object space 21504K, 40% used [0x000000077ae00000,0x000000077b67b6a8,0x000000077c300000)
Event: 1.664 GC heap after
Heap after GC invocations=3 (full 0):
 PSYoungGen      total 38912K, used 1472K [0x00000007d5500000, 0x00000007da100000, 0x0000000800000000)
  eden space 33792K, 0% used [0x00000007d5500000,0x00000007d5500000,0x00000007d7600000)
  from space 5120K, 28% used [0x00000007d7600000,0x00000007d7770020,0x00000007d7b00000)
  to   space 5120K, 0% used [0x00000007d9c00000,0x00000007d9c00000,0x00000007da100000)
 ParOldGen       total 87040K, used 66173K [0x0000000780000000, 0x0000000785500000, 0x00000007d5500000)
  object space 87040K, 76% used [0x0000000780000000,0x000000078409f520,0x0000000785500000)
 PSPermGen       total 21504K, used 8685K [0x000000077ae00000, 0x000000077c300000, 0x0000000780000000)
  object space 21504K, 40% used [0x000000077ae00000,0x000000077b67b6a8,0x000000077c300000)
}
Event: 1.664 GC heap before
{Heap before GC invocations=4 (full 1):
 PSYoungGen      total 38912K, used 1472K [0x00000007d5500000, 0x00000007da100000, 0x0000000800000000)
  eden space 33792K, 0% used [0x00000007d5500000,0x00000007d5500000,0x00000007d7600000)
  from space 5120K, 28% used [0x00000007d7600000,0x00000007d7770020,0x00000007d7b00000)
  to   space 5120K, 0% used [0x00000007d9c00000,0x00000007d9c00000,0x00000007da100000)
 ParOldGen       total 87040K, used 66173K [0x0000000780000000, 0x0000000785500000, 0x00000007d5500000)
  object space 87040K, 76% used [0x0000000780000000,0x000000078409f520,0x0000000785500000)
 PSPermGen       total 21504K, used 8685K [0x000000077ae00000, 0x000000077c300000, 0x0000000780000000)
  object space 21504K, 40% used [0x000000077ae00000,0x000000077b67b6a8,0x000000077c300000)
Event: 1.697 GC heap after
Heap after GC invocations=4 (full 1):
 PSYoungGen      total 38912K, used 0K [0x00000007d5500000, 0x00000007da100000, 0x0000000800000000)
  eden space 33792K, 0% used [0x00000007d5500000,0x00000007d5500000,0x00000007d7600000)
  from space 5120K, 0% used [0x00000007d7600000,0x00000007d7600000,0x00000007d7b00000)
  to   space 5120K, 0% used [0x00000007d9c00000,0x00000007d9c00000,0x00000007da100000)
 ParOldGen       total 137728K, used 32633K [0x0000000780000000, 0x0000000788680000, 0x00000007d5500000)
  object space 137728K, 23% used [0x0000000780000000,0x0000000781fde730,0x0000000788680000)
 PSPermGen       total 21504K, used 8684K [0x000000077ae00000, 0x000000077c300000, 0x0000000780000000)
  object space 21504K, 40% used [0x000000077ae00000,0x000000077b67b020,0x000000077c300000)
}
Event: 1.747 GC heap before
{Heap before GC invocations=5 (full 1):
 PSYoungGen      total 38912K, used 33792K [0x00000007d5500000, 0x00000007da100000, 0x0000000800000000)
  eden space 33792K, 100% used [0x00000007d5500000,0x00000007d7600000,0x00000007d7600000)
  from space 5120K, 0% used [0x00000007d7600000,0x00000007d7600000,0x00000007d7b00000)
  to   space 5120K, 0% used [0x00000007d9c00000,0x00000007d9c00000,0x00000007da100000)
 ParOldGen       total 137728K, used 32633K [0x0000000780000000, 0x0000000788680000, 0x00000007d5500000)
  object space 137728K, 23% used [0x0000000780000000,0x0000000781fde730,0x0000000788680000)
 PSPermGen       total 21504K, used 8684K [0x000000077ae00000, 0x000000077c300000, 0x0000000780000000)
  object space 21504K, 40% used [0x000000077ae00000,0x000000077b67b020,0x000000077c300000)
Event: 1.748 GC heap after
Heap after GC invocations=5 (full 1):
 PSYoungGen      total 54272K, used 0K [0x00000007d5500000, 0x00000007d9c80000, 0x0000000800000000)
  eden space 53760K, 0% used [0x00000007d5500000,0x00000007d5500000,0x00000007d8980000)
  from space 512K, 0% used [0x00000007d9c00000,0x00000007d9c00000,0x00000007d9c80000)
  to   space 5120K, 0% used [0x00000007d9280000,0x00000007d9280000,0x00000007d9780000)
 ParOldGen       total 137728K, used 32633K [0x0000000780000000, 0x0000000788680000, 0x00000007d5500000)
  object space 137728K, 23% used [0x0000000780000000,0x0000000781fde730,0x0000000788680000)
 PSPermGen       total 21504K, used 8684K [0x000000077ae00000, 0x000000077c300000, 0x0000000780000000)
  object space 21504K, 40% used [0x000000077ae00000,0x000000077b67b020,0x000000077c300000)
}
Event: 2.097 GC heap before
{Heap before GC invocations=6 (full 1):
 PSYoungGen      total 54272K, used 53760K [0x00000007d5500000, 0x00000007d9c80000, 0x0000000800000000)
  eden space 53760K, 100% used [0x00000007d5500000,0x00000007d8980000,0x00000007d8980000)
  from space 512K, 0% used [0x00000007d9c00000,0x00000007d9c00000,0x00000007d9c80000)
  to   space 5120K, 0% used [0x00000007d9280000,0x00000007d9280000,0x00000007d9780000)
 ParOldGen       total 137728K, used 32633K [0x0000000780000000, 0x0000000788680000, 0x00000007d5500000)
  object space 137728K, 23% used [0x0000000780000000,0x0000000781fde730,0x0000000788680000)
 PSPermGen       total 21504K, used 8772K [0x000000077ae00000, 0x000000077c300000, 0x0000000780000000)
  object space 21504K, 40% used [0x000000077ae00000,0x000000077b691058,0x000000077c300000)
Event: 2.099 GC heap after
Heap after GC invocations=6 (full 1):
 PSYoungGen      total 68096K, used 1754K [0x00000007d5500000, 0x00000007dab80000, 0x0000000800000000)
  eden space 62976K, 0% used [0x00000007d5500000,0x00000007d5500000,0x00000007d9280000)
  from space 5120K, 34% used [0x00000007d9280000,0x00000007d9436ab0,0x00000007d9780000)
  to   space 3072K, 0% used [0x00000007da880000,0x00000007da880000,0x00000007dab80000)
 ParOldGen       total 137728K, used 32641K [0x0000000780000000, 0x0000000788680000, 0x00000007d5500000)
  object space 137728K, 23% used [0x0000000780000000,0x0000000781fe0730,0x0000000788680000)
 PSPermGen       total 21504K, used 8772K [0x000000077ae00000, 0x000000077c300000, 0x0000000780000000)
  object space 21504K, 40% used [0x000000077ae00000,0x000000077b691058,0x000000077c300000)
}
Event: 2.478 GC heap before
{Heap before GC invocations=7 (full 1):
 PSYoungGen      total 68096K, used 64730K [0x00000007d5500000, 0x00000007dab80000, 0x0000000800000000)
  eden space 62976K, 100% used [0x00000007d5500000,0x00000007d9280000,0x00000007d9280000)
  from space 5120K, 34% used [0x00000007d9280000,0x00000007d9436ab0,0x00000007d9780000)
  to   space 3072K, 0% used [0x00000007da880000,0x00000007da880000,0x00000007dab80000)
 ParOldGen       total 137728K, used 32641K [0x0000000780000000, 0x0000000788680000, 0x00000007d5500000)
  object space 137728K, 23% used [0x0000000780000000,0x0000000781fe0730,0x0000000788680000)
 PSPermGen       total 21504K, used 8818K [0x000000077ae00000, 0x000000077c300000, 0x0000000780000000)
  object space 21504K, 41% used [0x000000077ae00000,0x000000077b69c860,0x000000077c300000)
Event: 2.481 GC heap after
Heap after GC invocations=7 (full 1):
 PSYoungGen      total 83968K, used 3070K [0x00000007d5500000, 0x00000007db980000, 0x0000000800000000)
  eden space 80896K, 0% used [0x00000007d5500000,0x00000007d5500000,0x00000007da400000)
  from space 3072K, 99% used [0x00000007da880000,0x00000007dab7fb10,0x00000007dab80000)
  to   space 4608K, 0% used [0x00000007da400000,0x00000007da400000,0x00000007da880000)
 ParOldGen       total 137728K, used 33894K [0x0000000780000000, 0x0000000788680000, 0x00000007d5500000)
  object space 137728K, 24% used [0x0000000780000000,0x0000000782119a50,0x0000000788680000)
 PSPermGen       total 21504K, used 8818K [0x000000077ae00000, 0x000000077c300000, 0x0000000780000000)
  object space 21504K, 41% used [0x000000077ae00000,0x000000077b69c860,0x000000077c300000)
}

Deoptimization events (4 events):
Event: 0.738 Thread 0x00007fad23802800 Uncommon trap: reason=unloaded action=reinterpret pc=0x000000010b201b04 method=java.io.BufferedReader.readLine(Z)Ljava/lang/String; @ 268
Event: 1.363 Thread 0x00007fad238b2800 Uncommon trap: reason=null_check action=make_not_entrant pc=0x000000010b1f7410 method=java.lang.String.equals(Ljava/lang/Object;)Z @ 8
Event: 1.774 Thread 0x00007fad23802800 Uncommon trap: reason=unreached action=reinterpret pc=0x000000010b242364 method=java.awt.image.ComponentColorModel.getDataElements(ILjava/lang/Object;)Ljava/lang/Object; @ 2993
Event: 1.774 Thread 0x00007fad23802800 Uncommon trap: reason=unreached action=reinterpret pc=0x000000010b22c1c8 method=sun.awt.image.ByteInterleavedRaster.getDataElements(IILjava/lang/Object;)Ljava/lang/Object; @ 43

Internal exceptions (10 events):
Event: 2.783 Thread 0x00007fad23802800 Threw 0x00000007d97e7ad8 at /HUDSON/workspace/7u-2-build-macosx-x86_64/jdk7u51/527/hotspot/src/share/vm/prims/jvm.cpp:1244
Event: 2.783 Thread 0x00007fad23802800 Threw 0x00000007d97eac28 at /HUDSON/workspace/7u-2-build-macosx-x86_64/jdk7u51/527/hotspot/src/share/vm/prims/jvm.cpp:1244
Event: 2.784 Thread 0x00007fad23802800 Threw 0x00000007d97f43d0 at /HUDSON/workspace/7u-2-build-macosx-x86_64/jdk7u51/527/hotspot/src/share/vm/prims/jvm.cpp:1244
Event: 2.785 Thread 0x00007fad23802800 Threw 0x00000007d97f7bc0 at /HUDSON/workspace/7u-2-build-macosx-x86_64/jdk7u51/527/hotspot/src/share/vm/prims/jvm.cpp:1244
Event: 2.785 Thread 0x00007fad23802800 Threw 0x00000007d97fae68 at /HUDSON/workspace/7u-2-build-macosx-x86_64/jdk7u51/527/hotspot/src/share/vm/prims/jvm.cpp:1244
Event: 2.785 Thread 0x00007fad23802800 Threw 0x00000007d97fe428 at /HUDSON/workspace/7u-2-build-macosx-x86_64/jdk7u51/527/hotspot/src/share/vm/prims/jvm.cpp:1244
Event: 2.787 Thread 0x00007fad23802800 Threw 0x00000007d98014a8 at /HUDSON/workspace/7u-2-build-macosx-x86_64/jdk7u51/527/hotspot/src/share/vm/prims/jvm.cpp:1244
Event: 2.789 Thread 0x00007fad23802800 Threw 0x00000007d9807890 at /HUDSON/workspace/7u-2-build-macosx-x86_64/jdk7u51/527/hotspot/src/share/vm/prims/jvm.cpp:1244
Event: 2.789 Thread 0x00007fad23802800 Threw 0x00000007d980bee8 at /HUDSON/workspace/7u-2-build-macosx-x86_64/jdk7u51/527/hotspot/src/share/vm/prims/jvm.cpp:1244
Event: 11.601 Thread 0x00007fad23802800 Threw 0x00000007d98807a0 at /HUDSON/workspace/7u-2-build-macosx-x86_64/jdk7u51/527/hotspot/src/share/vm/prims/jvm.cpp:1244

Events (10 events):
Event: 6.257 loading class 0x00007fad22070220 done
Event: 6.257 loading class 0x00007fad220701b0 done
Event: 6.257 loading class 0x00007fad238560c0
Event: 6.257 loading class 0x00007fad238560c0 done
Event: 6.257 loading class 0x00007fad2206fcc0
Event: 6.257 loading class 0x00007fad2206fcc0 done
Event: 6.257 Thread 0x00007fad22822000 Thread exited: 0x00007fad22822000
Event: 8.784 Thread 0x00007fad22822000 Thread added: 0x00007fad22822000
Event: 11.601 loading class 0x00007fad21d27f80
Event: 11.601 loading class 0x00007fad21d27f80 done


Dynamic libraries:
0x000000000a92b000 	/System/Library/Frameworks/Cocoa.framework/Versions/A/Cocoa
0x000000000a92b000 	/System/Library/Frameworks/Security.framework/Versions/A/Security
0x000000000a92b000 	/System/Library/Frameworks/ApplicationServices.framework/Versions/A/ApplicationServices
0x000000000a92b000 	/usr/lib/libz.1.dylib
0x000000000a92b000 	/usr/lib/libSystem.B.dylib
0x000000000a92b000 	/usr/lib/libobjc.A.dylib
0x000000000a92b000 	/System/Library/Frameworks/CoreFoundation.framework/Versions/A/CoreFoundation
0x000000000a92b000 	/System/Library/Frameworks/Foundation.framework/Versions/C/Foundation
0x000000000a92b000 	/System/Library/Frameworks/AppKit.framework/Versions/C/AppKit
0x000000000a92b000 	/System/Library/Frameworks/CoreData.framework/Versions/A/CoreData
0x000000000a92b000 	/System/Library/PrivateFrameworks/RemoteViewServices.framework/Versions/A/RemoteViewServices
0x000000000a92b000 	/System/Library/PrivateFrameworks/UIFoundation.framework/Versions/A/UIFoundation
0x000000000a92b000 	/System/Library/Frameworks/AudioToolbox.framework/Versions/A/AudioToolbox
0x000000000a92b000 	/System/Library/Frameworks/AudioUnit.framework/Versions/A/AudioUnit
0x000000000a92b000 	/System/Library/PrivateFrameworks/DataDetectorsCore.framework/Versions/A/DataDetectorsCore
0x000000000a92b000 	/System/Library/PrivateFrameworks/DesktopServicesPriv.framework/Versions/A/DesktopServicesPriv
0x000000000a92b000 	/System/Library/Frameworks/Carbon.framework/Versions/A/Frameworks/HIToolbox.framework/Versions/A/HIToolbox
0x000000000a92b000 	/System/Library/Frameworks/QuartzCore.framework/Versions/A/QuartzCore
0x000000000a92b000 	/System/Library/Frameworks/Carbon.framework/Versions/A/Frameworks/SpeechRecognition.framework/Versions/A/SpeechRecognition
0x000000000a92b000 	/usr/lib/libauto.dylib
0x000000000a92b000 	/usr/lib/libicucore.A.dylib
0x000000000a92b000 	/usr/lib/libxml2.2.dylib
0x000000000a92b000 	/System/Library/PrivateFrameworks/CoreUI.framework/Versions/A/CoreUI
0x000000000a92b000 	/System/Library/Frameworks/CoreAudio.framework/Versions/A/CoreAudio
0x000000000a92b000 	/System/Library/Frameworks/DiskArbitration.framework/Versions/A/DiskArbitration
0x000000000a92b000 	/usr/lib/liblangid.dylib
0x000000000a92b000 	/System/Library/PrivateFrameworks/MultitouchSupport.framework/Versions/A/MultitouchSupport
0x000000000a92b000 	/System/Library/Frameworks/IOKit.framework/Versions/A/IOKit
0x000000000a92b000 	/usr/lib/libDiagnosticMessagesClient.dylib
0x000000000a92b000 	/System/Library/Frameworks/CoreServices.framework/Versions/A/CoreServices
0x000000000a92b000 	/System/Library/PrivateFrameworks/PerformanceAnalysis.framework/Versions/A/PerformanceAnalysis
0x000000000a92b000 	/System/Library/PrivateFrameworks/GenerationalStorage.framework/Versions/A/GenerationalStorage
0x000000000a92b000 	/System/Library/Frameworks/OpenGL.framework/Versions/A/OpenGL
0x000000000a92b000 	/System/Library/PrivateFrameworks/Sharing.framework/Versions/A/Sharing
0x000000000a92b000 	/System/Library/Frameworks/CoreGraphics.framework/Versions/A/CoreGraphics
0x000000000a92b000 	/System/Library/Frameworks/CoreText.framework/Versions/A/CoreText
0x000000000a92b000 	/System/Library/Frameworks/ImageIO.framework/Versions/A/ImageIO
0x000000000a92b000 	/usr/lib/libextension.dylib
0x000000000a92b000 	/System/Library/PrivateFrameworks/Backup.framework/Versions/A/Backup
0x000000000a92b000 	/usr/lib/libarchive.2.dylib
0x000000000a92b000 	/System/Library/Frameworks/CFNetwork.framework/Versions/A/CFNetwork
0x000000000a92b000 	/System/Library/Frameworks/SystemConfiguration.framework/Versions/A/SystemConfiguration
0x000000000a92b000 	/usr/lib/libCRFSuite.dylib
0x000000000a92b000 	/usr/lib/libc++.1.dylib
0x000000000a92b000 	/usr/lib/libc++abi.dylib
0x000000000a92b000 	/usr/lib/system/libcache.dylib
0x000000000a92b000 	/usr/lib/system/libcommonCrypto.dylib
0x000000000a92b000 	/usr/lib/system/libcompiler_rt.dylib
0x000000000a92b000 	/usr/lib/system/libcopyfile.dylib
0x000000000a92b000 	/usr/lib/system/libcorecrypto.dylib
0x000000000a92b000 	/usr/lib/system/libdispatch.dylib
0x000000000a92b000 	/usr/lib/system/libdyld.dylib
0x000000000a92b000 	/usr/lib/system/libkeymgr.dylib
0x000000000a92b000 	/usr/lib/system/liblaunch.dylib
0x000000000a92b000 	/usr/lib/system/libmacho.dylib
0x000000000a92b000 	/usr/lib/system/libquarantine.dylib
0x000000000a92b000 	/usr/lib/system/libremovefile.dylib
0x000000000a92b000 	/usr/lib/system/libsystem_asl.dylib
0x000000000a92b000 	/usr/lib/system/libsystem_blocks.dylib
0x000000000a92b000 	/usr/lib/system/libsystem_c.dylib
0x000000000a92b000 	/usr/lib/system/libsystem_configuration.dylib
0x000000000a92b000 	/usr/lib/system/libsystem_coreservices.dylib
0x000000000a92b000 	/usr/lib/system/libsystem_coretls.dylib
0x000000000a92b000 	/usr/lib/system/libsystem_dnssd.dylib
0x000000000a92b000 	/usr/lib/system/libsystem_info.dylib
0x000000000a92b000 	/usr/lib/system/libsystem_kernel.dylib
0x000000000a92b000 	/usr/lib/system/libsystem_m.dylib
0x000000000a92b000 	/usr/lib/system/libsystem_malloc.dylib
0x000000000a92b000 	/usr/lib/system/libsystem_network.dylib
0x000000000a92b000 	/usr/lib/system/libsystem_networkextension.dylib
0x000000000a92b000 	/usr/lib/system/libsystem_notify.dylib
0x000000000a92b000 	/usr/lib/system/libsystem_platform.dylib
0x000000000a92b000 	/usr/lib/system/libsystem_pthread.dylib
0x000000000a92b000 	/usr/lib/system/libsystem_sandbox.dylib
0x000000000a92b000 	/usr/lib/system/libsystem_secinit.dylib
0x000000000a92b000 	/usr/lib/system/libsystem_stats.dylib
0x000000000a92b000 	/usr/lib/system/libsystem_trace.dylib
0x000000000a92b000 	/usr/lib/system/libunc.dylib
0x000000000a92b000 	/usr/lib/system/libunwind.dylib
0x000000000a92b000 	/usr/lib/system/libxpc.dylib
0x000000000a92b000 	/usr/lib/libbz2.1.0.dylib
0x000000000a92b000 	/usr/lib/liblzma.5.dylib
0x000000000a92b000 	/usr/lib/libbsm.0.dylib
0x000000000a92b000 	/usr/lib/libsqlite3.dylib
0x000000000a92b000 	/usr/lib/system/libkxld.dylib
0x000000000a92b000 	/usr/lib/libxar.1.dylib
0x000000000a92b000 	/usr/lib/libpam.2.dylib
0x000000000a92b000 	/usr/lib/libOpenScriptingUtil.dylib
0x000000000a92b000 	/System/Library/Frameworks/CoreServices.framework/Versions/A/Frameworks/FSEvents.framework/Versions/A/FSEvents
0x000000000a92b000 	/System/Library/Frameworks/CoreServices.framework/Versions/A/Frameworks/CarbonCore.framework/Versions/A/CarbonCore
0x000000000a92b000 	/System/Library/Frameworks/CoreServices.framework/Versions/A/Frameworks/Metadata.framework/Versions/A/Metadata
0x000000000a92b000 	/System/Library/Frameworks/CoreServices.framework/Versions/A/Frameworks/OSServices.framework/Versions/A/OSServices
0x000000000a92b000 	/System/Library/Frameworks/CoreServices.framework/Versions/A/Frameworks/SearchKit.framework/Versions/A/SearchKit
0x000000000a92b000 	/System/Library/Frameworks/CoreServices.framework/Versions/A/Frameworks/AE.framework/Versions/A/AE
0x000000000a92b000 	/System/Library/Frameworks/CoreServices.framework/Versions/A/Frameworks/LaunchServices.framework/Versions/A/LaunchServices
0x000000000a92b000 	/System/Library/Frameworks/CoreServices.framework/Versions/A/Frameworks/DictionaryServices.framework/Versions/A/DictionaryServices
0x000000000a92b000 	/System/Library/Frameworks/NetFS.framework/Versions/A/NetFS
0x000000000a92b000 	/System/Library/PrivateFrameworks/NetAuth.framework/Versions/A/NetAuth
0x000000000a92b000 	/System/Library/PrivateFrameworks/login.framework/Versions/A/Frameworks/loginsupport.framework/Versions/A/loginsupport
0x000000000a92b000 	/System/Library/PrivateFrameworks/TCC.framework/Versions/A/TCC
0x000000000a92b000 	/System/Library/Frameworks/OpenDirectory.framework/Versions/A/Frameworks/CFOpenDirectory.framework/Versions/A/CFOpenDirectory
0x000000000a92b000 	/System/Library/Frameworks/ServiceManagement.framework/Versions/A/ServiceManagement
0x000000000a92b000 	/usr/lib/libxslt.1.dylib
0x000000000a92b000 	/System/Library/Frameworks/Carbon.framework/Versions/A/Frameworks/Ink.framework/Versions/A/Ink
0x000000000a92b000 	/System/Library/Frameworks/ApplicationServices.framework/Versions/A/Frameworks/ATS.framework/Versions/A/ATS
0x000000000a92b000 	/System/Library/Frameworks/ApplicationServices.framework/Versions/A/Frameworks/ColorSync.framework/Versions/A/ColorSync
0x000000000a92b000 	/System/Library/Frameworks/ApplicationServices.framework/Versions/A/Frameworks/HIServices.framework/Versions/A/HIServices
0x000000000a92b000 	/System/Library/Frameworks/ApplicationServices.framework/Versions/A/Frameworks/LangAnalysis.framework/Versions/A/LangAnalysis
0x000000000a92b000 	/System/Library/Frameworks/ApplicationServices.framework/Versions/A/Frameworks/PrintCore.framework/Versions/A/PrintCore
0x000000000a92b000 	/System/Library/Frameworks/ApplicationServices.framework/Versions/A/Frameworks/QD.framework/Versions/A/QD
0x000000000a92b000 	/System/Library/Frameworks/ApplicationServices.framework/Versions/A/Frameworks/SpeechSynthesis.framework/Versions/A/SpeechSynthesis
0x000000000a92b000 	/System/Library/Frameworks/IOSurface.framework/Versions/A/IOSurface
0x000000000a92b000 	/System/Library/Frameworks/Accelerate.framework/Versions/A/Accelerate
0x000000000a92b000 	/System/Library/Frameworks/Accelerate.framework/Versions/A/Frameworks/vImage.framework/Versions/A/vImage
0x000000000a92b000 	/System/Library/Frameworks/Accelerate.framework/Versions/A/Frameworks/vecLib.framework/Versions/A/vecLib
0x000000000a92b000 	/System/Library/Frameworks/Accelerate.framework/Versions/A/Frameworks/vecLib.framework/Versions/A/libvDSP.dylib
0x000000000a92b000 	/System/Library/Frameworks/Accelerate.framework/Versions/A/Frameworks/vecLib.framework/Versions/A/libvMisc.dylib
0x000000000a92b000 	/System/Library/Frameworks/Accelerate.framework/Versions/A/Frameworks/vecLib.framework/Versions/A/libLAPACK.dylib
0x000000000a92b000 	/System/Library/Frameworks/Accelerate.framework/Versions/A/Frameworks/vecLib.framework/Versions/A/libBLAS.dylib
0x000000000a92b000 	/System/Library/Frameworks/Accelerate.framework/Versions/A/Frameworks/vecLib.framework/Versions/A/libLinearAlgebra.dylib
0x000000000a92b000 	/System/Library/Frameworks/ApplicationServices.framework/Versions/A/Frameworks/ATS.framework/Versions/A/Resources/libFontParser.dylib
0x000000000a92b000 	/System/Library/Frameworks/ApplicationServices.framework/Versions/A/Frameworks/ATS.framework/Versions/A/Resources/libFontRegistry.dylib
0x000000000a92b000 	/System/Library/PrivateFrameworks/AppleVPA.framework/Versions/A/AppleVPA
0x000000000a92b000 	/System/Library/PrivateFrameworks/AppleJPEG.framework/Versions/A/AppleJPEG
0x000000000a92b000 	/System/Library/Frameworks/ImageIO.framework/Versions/A/Resources/libJPEG.dylib
0x000000000a92b000 	/System/Library/Frameworks/ImageIO.framework/Versions/A/Resources/libTIFF.dylib
0x000000000a92b000 	/System/Library/Frameworks/ImageIO.framework/Versions/A/Resources/libPng.dylib
0x000000000a92b000 	/System/Library/Frameworks/ImageIO.framework/Versions/A/Resources/libGIF.dylib
0x000000000a92b000 	/System/Library/Frameworks/ImageIO.framework/Versions/A/Resources/libJP2.dylib
0x000000000a92b000 	/System/Library/Frameworks/ImageIO.framework/Versions/A/Resources/libRadiance.dylib
0x000000000a92b000 	/System/Library/Frameworks/CoreVideo.framework/Versions/A/CoreVideo
0x000000000a92b000 	/System/Library/Frameworks/OpenGL.framework/Versions/A/Libraries/libGLU.dylib
0x000000000a92b000 	/System/Library/Frameworks/OpenGL.framework/Versions/A/Libraries/libGFXShared.dylib
0x000000000a92b000 	/System/Library/Frameworks/OpenGL.framework/Versions/A/Libraries/libGL.dylib
0x000000000a92b000 	/System/Library/Frameworks/OpenGL.framework/Versions/A/Libraries/libGLImage.dylib
0x000000000a92b000 	/System/Library/Frameworks/OpenGL.framework/Versions/A/Libraries/libCVMSPluginSupport.dylib
0x000000000a92b000 	/System/Library/Frameworks/OpenGL.framework/Versions/A/Libraries/libCoreVMClient.dylib
0x000000000a92b000 	/usr/lib/libcups.2.dylib
0x000000000a92b000 	/System/Library/Frameworks/Kerberos.framework/Versions/A/Kerberos
0x000000000a92b000 	/System/Library/Frameworks/GSS.framework/Versions/A/GSS
0x000000000a92b000 	/usr/lib/libresolv.9.dylib
0x000000000a92b000 	/usr/lib/libiconv.2.dylib
0x000000000a92b000 	/System/Library/PrivateFrameworks/Heimdal.framework/Versions/A/Heimdal
0x000000000a92b000 	/usr/lib/libheimdal-asn1.dylib
0x000000000a92b000 	/System/Library/Frameworks/OpenDirectory.framework/Versions/A/OpenDirectory
0x000000000a92b000 	/System/Library/PrivateFrameworks/CommonAuth.framework/Versions/A/CommonAuth
0x000000000a92b000 	/System/Library/Frameworks/SecurityFoundation.framework/Versions/A/SecurityFoundation
0x000000000a92b000 	/System/Library/Frameworks/QuartzCore.framework/Versions/A/Frameworks/CoreImage.framework/Versions/A/CoreImage
0x000000000a92b000 	/System/Library/PrivateFrameworks/CrashReporterSupport.framework/Versions/A/CrashReporterSupport
0x000000000a92b000 	/System/Library/Frameworks/OpenCL.framework/Versions/A/OpenCL
0x000000000a92b000 	/System/Library/PrivateFrameworks/FaceCore.framework/Versions/A/FaceCore
0x000000000a92b000 	/System/Library/PrivateFrameworks/Ubiquity.framework/Versions/A/Ubiquity
0x000000000a92b000 	/System/Library/PrivateFrameworks/IconServices.framework/Versions/A/IconServices
0x000000000a92b000 	/System/Library/PrivateFrameworks/ChunkingLibrary.framework/Versions/A/ChunkingLibrary
0x000000000a92b000 	/System/Library/PrivateFrameworks/Apple80211.framework/Versions/A/Apple80211
0x000000000a92b000 	/System/Library/Frameworks/CoreWLAN.framework/Versions/A/CoreWLAN
0x000000000a92b000 	/System/Library/Frameworks/IOBluetooth.framework/Versions/A/IOBluetooth
0x000000000a92b000 	/System/Library/Frameworks/CoreWiFi.framework/Versions/A/CoreWiFi
0x000000000a92b000 	/System/Library/Frameworks/CoreBluetooth.framework/Versions/A/CoreBluetooth
0x000000000a92b000 	/System/Library/PrivateFrameworks/DebugSymbols.framework/Versions/A/DebugSymbols
0x000000000a92b000 	/System/Library/PrivateFrameworks/CoreSymbolication.framework/Versions/A/CoreSymbolication
0x000000000a92b000 	/System/Library/PrivateFrameworks/Symbolication.framework/Versions/A/Symbolication
0x000000000a92b000 	/System/Library/PrivateFrameworks/SpeechRecognitionCore.framework/Versions/A/SpeechRecognitionCore
0x0000000109cfc000 	/System/Library/CoreServices/Encodings/libSimplifiedChineseConverter.dylib
0x000000010a600000 	/Library/Java/JavaVirtualMachines/jdk1.7.0_51.jdk/Contents/Home/jre/lib/server/libjvm.dylib
0x000000000a92b000 	/usr/lib/libstdc++.6.dylib
0x0000000109dd9000 	/Library/Java/JavaVirtualMachines/jdk1.7.0_51.jdk/Contents/Home/jre/lib/libverify.dylib
0x000000010b156000 	/Library/Java/JavaVirtualMachines/jdk1.7.0_51.jdk/Contents/Home/jre/lib/libjava.dylib
0x0000000109df0000 	/Library/Java/JavaVirtualMachines/jdk1.7.0_51.jdk/Contents/Home/jre/lib/libzip.dylib
0x00000001149f2000 	/System/Library/Frameworks/JavaVM.framework/Frameworks/JavaRuntimeSupport.framework/JavaRuntimeSupport
0x0000000114a08000 	/System/Library/Frameworks/JavaVM.framework/Versions/A/Frameworks/JavaNativeFoundation.framework/Versions/A/JavaNativeFoundation
0x0000000114a1c000 	/System/Library/Frameworks/JavaVM.framework/Versions/A/JavaVM
0x000000000a92b000 	/System/Library/Frameworks/Carbon.framework/Versions/A/Carbon
0x0000000114a28000 	/System/Library/PrivateFrameworks/JavaLaunching.framework/Versions/A/JavaLaunching
0x000000000a92b000 	/System/Library/Frameworks/Carbon.framework/Versions/A/Frameworks/CommonPanels.framework/Versions/A/CommonPanels
0x000000000a92b000 	/System/Library/Frameworks/Carbon.framework/Versions/A/Frameworks/Help.framework/Versions/A/Help
0x000000000a92b000 	/System/Library/Frameworks/Carbon.framework/Versions/A/Frameworks/ImageCapture.framework/Versions/A/ImageCapture
0x000000000a92b000 	/System/Library/Frameworks/Carbon.framework/Versions/A/Frameworks/OpenScripting.framework/Versions/A/OpenScripting
0x000000000a92b000 	/System/Library/Frameworks/Carbon.framework/Versions/A/Frameworks/Print.framework/Versions/A/Print
0x000000000a92b000 	/System/Library/Frameworks/Carbon.framework/Versions/A/Frameworks/SecurityHI.framework/Versions/A/SecurityHI
0x0000000116774000 	/Library/Java/JavaVirtualMachines/jdk1.7.0_51.jdk/Contents/Home/jre/lib/libawt.dylib
0x0000000116823000 	/Library/Java/JavaVirtualMachines/jdk1.7.0_51.jdk/Contents/Home/jre/lib/./libmlib_image.dylib
0x00000001168ef000 	/Library/Java/JavaVirtualMachines/jdk1.7.0_51.jdk/Contents/Home/jre/lib/lwawt/liblwawt.dylib
0x00000001169a3000 	/Library/Java/JavaVirtualMachines/jdk1.7.0_51.jdk/Contents/Home/jre/lib/libosxapp.dylib
0x000000000a92b000 	/System/Library/Frameworks/ExceptionHandling.framework/Versions/A/ExceptionHandling
0x000000000a92b000 	/System/Library/PrivateFrameworks/CoreServicesInternal.framework/Versions/A/CoreServicesInternal
0x000000000a92b000 	/System/Library/PrivateFrameworks/CloudDocs.framework/Versions/A/CloudDocs
0x000000000a92b000 	/System/Library/PrivateFrameworks/CoreDuet.framework/Versions/A/CoreDuet
0x000000000a92b000 	/System/Library/Frameworks/CloudKit.framework/Versions/A/CloudKit
0x000000000a92b000 	/System/Library/PrivateFrameworks/ProtocolBuffer.framework/Versions/A/ProtocolBuffer
0x000000000a92b000 	/System/Library/PrivateFrameworks/CoreDuetDaemonProtocol.framework/Versions/A/CoreDuetDaemonProtocol
0x000000000a92b000 	/System/Library/PrivateFrameworks/CoreDuetDebugLogging.framework/Versions/A/CoreDuetDebugLogging
0x000000000a92b000 	/System/Library/Frameworks/CoreLocation.framework/Versions/A/CoreLocation
0x000000000a92b000 	/System/Library/Frameworks/Accounts.framework/Versions/A/Accounts
0x000000000a92b000 	/System/Library/PrivateFrameworks/ApplePushService.framework/Versions/A/ApplePushService
0x000000000a92b000 	/System/Library/PrivateFrameworks/GeoServices.framework/Versions/A/GeoServices
0x000000000a92b000 	/System/Library/PrivateFrameworks/OAuth.framework/Versions/A/OAuth
0x000000000a92b000 	/System/Library/PrivateFrameworks/CoreDaemon.framework/Versions/B/CoreDaemon
0x000000000a92b000 	/usr/lib/libcrypto.0.9.8.dylib
0x000000000a92b000 	/System/Library/PrivateFrameworks/AppleSRP.framework/Versions/A/AppleSRP
0x000000000a92b000 	/System/Library/PrivateFrameworks/TrustEvaluationAgent.framework/Versions/A/TrustEvaluationAgent
0x000000000a92b000 	/System/Library/Frameworks/CoreGraphics.framework/Versions/A/Resources/libCGCMS.A.dylib
0x000000000a92b000 	/System/Library/Frameworks/CoreGraphics.framework/Versions/A/Resources/libRIP.A.dylib
0x000000000a92b000 	/System/Library/Frameworks/CoreGraphics.framework/Versions/A/Resources/libCGXType.A.dylib
0x000000000a92b000 	/System/Library/Frameworks/OpenCL.framework/Versions/A/Libraries/libcldcpuengine.dylib
0x000000000a92b000 	/System/Library/PrivateFrameworks/DiskImages.framework/Versions/A/DiskImages
0x000000000a92b000 	/System/Library/Frameworks/DiscRecording.framework/Versions/A/DiscRecording
0x000000000a92b000 	/usr/lib/libcsfde.dylib
0x000000000a92b000 	/usr/lib/libcurl.4.dylib
0x000000000a92b000 	/System/Library/PrivateFrameworks/MediaKit.framework/Versions/A/MediaKit
0x000000000a92b000 	/System/Library/PrivateFrameworks/ProtectedCloudStorage.framework/Versions/A/ProtectedCloudStorage
0x000000000a92b000 	/usr/lib/libCoreStorage.dylib
0x000000000a92b000 	/System/Library/PrivateFrameworks/EFILogin.framework/Versions/A/EFILogin
0x000000000a92b000 	/usr/lib/libutil.dylib
0x000000000a92b000 	/System/Library/PrivateFrameworks/FindMyDevice.framework/Versions/A/FindMyDevice
0x000000000a92b000 	/System/Library/Frameworks/LDAP.framework/Versions/A/LDAP
0x000000000a92b000 	/usr/lib/libsasl2.2.dylib
0x0000000118e5b000 	cl_kernels
0x0000000118e5d000 	/System/Library/Frameworks/OpenCL.framework/Versions/A/Libraries/ImageFormats/unorm8_bgra.dylib
0x0000000118e4c000 	cl_kernels
0x000000000a92b000 	/System/Library/PrivateFrameworks/FamilyControls.framework/Versions/A/FamilyControls
0x000000000a92b000 	/System/Library/PrivateFrameworks/CommerceKit.framework/Versions/A/Frameworks/CommerceCore.framework/Versions/A/CommerceCore
0x000000000a92b000 	/System/Library/PrivateFrameworks/SystemAdministration.framework/Versions/A/SystemAdministration
0x000000000a92b000 	/System/Library/PrivateFrameworks/AppContainer.framework/Versions/A/AppContainer
0x000000000a92b000 	/System/Library/PrivateFrameworks/SecCodeWrapper.framework/Versions/A/SecCodeWrapper
0x000000000a92b000 	/System/Library/Frameworks/DirectoryService.framework/Versions/A/DirectoryService
0x000000000a92b000 	/System/Library/PrivateFrameworks/LoginUIKit.framework/Versions/A/Frameworks/LoginUICore.framework/Versions/A/LoginUICore
0x000000000a92b000 	/usr/lib/libodfde.dylib
0x000000011a54d000 	/Library/Java/JavaVirtualMachines/jdk1.7.0_51.jdk/Contents/Home/jre/lib/libfontmanager.dylib
0x000000011a5b4000 	/Users/smithdodo/Documents/workspace2/35_Pacman/lwjgl-2.9.0/native/macosx/liblwjgl.jnilib
0x00000001189cd000 	/Library/Java/JavaVirtualMachines/jdk1.7.0_51.jdk/Contents/Home/jre/lib/libjawt.dylib
0x00000001189d0000 	/Library/Java/JavaVirtualMachines/jdk1.7.0_51.jdk/Contents/Home/jre/lib/libnio.dylib
0x000000011a62f000 	/Library/Java/JavaVirtualMachines/jdk1.7.0_51.jdk/Contents/Home/jre/lib/./libnet.dylib
0x000000000a92b000 	/System/Library/Frameworks/OpenGL.framework/Versions/A/Resources/GLEngine.bundle/GLEngine
0x000000000a92b000 	/System/Library/Frameworks/OpenGL.framework/Versions/A/Libraries/libGLProgrammability.dylib
0x0000000000000000 	/System/Library/Extensions/AppleIntelHD4000GraphicsGLDriver.bundle/Contents/MacOS/AppleIntelHD4000GraphicsGLDriver
0x000000000a92b000 	/System/Library/PrivateFrameworks/IOAccelerator.framework/Versions/A/IOAccelerator
0x000000000a92b000 	/System/Library/PrivateFrameworks/GPUSupport.framework/Versions/A/Libraries/libGPUSupportMercury.dylib
0x000000000a92b000 	/System/Library/Frameworks/OpenGL.framework/Versions/A/Resources/GLRendererFloat.bundle/GLRendererFloat
0x000000011adb4000 	/Users/smithdodo/Documents/workspace2/35_Pacman/lwjgl-2.9.0/native/macosx/openal.dylib
0x000000011ae38000 	/System/Library/Components/CoreAudio.component/Contents/MacOS/CoreAudio
0x000000011b10c000 	/System/Library/Extensions/AppleHDA.kext/Contents/PlugIns/AppleHDAHALPlugIn.bundle/Contents/MacOS/AppleHDAHALPlugIn
0x000000011b644000 	/Library/Java/JavaVirtualMachines/jdk1.7.0_51.jdk/Contents/Home/jre/lib/libjpeg.dylib
0x000000011b434000 	/Library/Java/JavaVirtualMachines/jdk1.7.0_51.jdk/Contents/Home/jre/lib/libkcms.dylib

VM Arguments:
jvm_args: -Djava.library.path=/Users/smithdodo/Documents/workspace2/35_Pacman/lwjgl-2.9.0/native/macosx -Dfile.encoding=UTF-8 
java_command: de.tu_darmstadt.gdi1.pacman.main.Main
Launcher Type: SUN_STANDARD

Environment Variables:
PATH=/usr/bin:/bin:/usr/sbin:/sbin
SHELL=/bin/bash

Signal Handlers:
SIGSEGV: [libjvm.dylib+0x525425], sa_mask[0]=0xfffefeff, sa_flags=0x00000043
SIGBUS: [libjvm.dylib+0x525425], sa_mask[0]=0xfffefeff, sa_flags=0x00000042
SIGFPE: [libjvm.dylib+0x41892a], sa_mask[0]=0xfffefeff, sa_flags=0x00000042
SIGPIPE: [libjvm.dylib+0x41892a], sa_mask[0]=0xfffefeff, sa_flags=0x00000042
SIGXFSZ: [libjvm.dylib+0x41892a], sa_mask[0]=0xfffefeff, sa_flags=0x00000042
SIGILL: [libjvm.dylib+0x41892a], sa_mask[0]=0xfffefeff, sa_flags=0x00000042
SIGUSR1: SIG_DFL, sa_mask[0]=0x00000000, sa_flags=0x00000000
SIGUSR2: [libjvm.dylib+0x41841c], sa_mask[0]=0x00000004, sa_flags=0x00000042
SIGHUP: [libjvm.dylib+0x4166ab], sa_mask[0]=0xfffefeff, sa_flags=0x00000042
SIGINT: [libjvm.dylib+0x4166ab], sa_mask[0]=0xfffefeff, sa_flags=0x00000042
SIGTERM: [libjvm.dylib+0x4166ab], sa_mask[0]=0xfffefeff, sa_flags=0x00000042
SIGQUIT: [libjvm.dylib+0x4166ab], sa_mask[0]=0xfffefeff, sa_flags=0x00000042


---------------  S Y S T E M  ---------------

OS:Bsduname:Darwin 14.0.0 Darwin Kernel Version 14.0.0: Wed Jul 16 00:46:31 PDT 2014; root:xnu-2782.1.43.0.2~2/RELEASE_X86_64 x86_64
rlimit: STACK 8192k, CORE 0k, NPROC 709, NOFILE 10240, AS infinity
load average:1.91 1.77 1.85

CPU:total 4 (2 cores per cpu, 2 threads per core) family 6 model 58 stepping 9, cmov, cx8, fxsr, mmx, sse, sse2, sse3, ssse3, sse4.1, sse4.2, popcnt, avx, aes, erms, ht, tsc, tscinvbit, tscinv

Memory: 4k page, physical 8388608k(2097152k free)

/proc/meminfo:


vm_info: Java HotSpot(TM) 64-Bit Server VM (24.51-b03) for bsd-amd64 JRE (1.7.0_51-b13), built on Dec 18 2013 18:45:56 by "java_re" with gcc 4.2.1 (Based on Apple Inc. build 5658) (LLVM build 2336.11.00)

time: Fri Aug 22 15:32:25 2014
elapsed time: 11 seconds

