#
# A fatal error has been detected by the Java Runtime Environment:
#
#  SIGSEGV (0xb) at pc=0x00007fff863f00dd, pid=5647, tid=1299
#
# JRE version: Java(TM) SE Runtime Environment (7.0_51-b13) (build 1.7.0_51-b13)
# Java VM: Java HotSpot(TM) 64-Bit Server VM (24.51-b03 mixed mode bsd-amd64 compressed oops)
# Problematic frame:
# C  [libobjc.A.dylib+0x10dd]  objc_msgSend+0x1d
#
# Failed to write core dump. Core dumps have been disabled. To enable core dumping, try "ulimit -c unlimited" before starting Java again
#
# If you would like to submit a bug report, please visit:
#   http://bugreport.sun.com/bugreport/crash.jsp
# The crash happened outside the Java Virtual Machine in native code.
# See problematic frame for where to report the bug.
#

---------------  T H R E A D  ---------------

Current thread (0x00007fa13104f800):  JavaThread "AppKit Thread" daemon [_thread_in_native, id=1299, stack(0x00007fff5dde5000,0x00007fff5de65000)]

siginfo:si_signo=SIGSEGV: si_errno=0, si_code=1 (SEGV_MAPERR), si_addr=0x0000000000000018

Registers:
RAX=0x0000000000000000, RBX=0x00007fa130528b70, RCX=0x0000000000000008, RDX=0x323fcb2bd1ab067e
RSP=0x00007fff5de5eb88, RBP=0x00007fff5de5ebb0, RSI=0x00007fff8d415591, RDI=0x00007fa130528b70
R8 =0x000000000000001f, R9 =0xffffffffffffffff, R10=0x00007fff8d415591, R11=0x0000000000000000
R12=0x00007fa13053d2b0, R13=0x00007fa130543650, R14=0x00007fa13053d2b0, R15=0x00007fff5de5f0a0
RIP=0x00007fff863f00dd, EFLAGS=0x0000000000010246, ERR=0x0000000000000004
  TRAPNO=0x000000000000000e

Top of Stack: (sp=0x00007fff5de5eb88)
0x00007fff5de5eb88:   000000011272467e 00007fa13053d2b0
0x00007fff5de5eb98:   0000000112756b98 00007fa130543650
0x00007fff5de5eba8:   0000000000000094 00007fff5de5f090
0x00007fff5de5ebb8:   00007fff8cb88254 0000000000000000
0x00007fff5de5ebc8:   0000000000000000 4085e00000000000
0x00007fff5de5ebd8:   407b300000000000 0000000000000000
0x00007fff5de5ebe8:   0000000000000000 4085e00000000000
0x00007fff5de5ebf8:   407b300000000000 4085e00000000000
0x00007fff5de5ec08:   407c900000000000 401c000000000000
0x00007fff5de5ec18:   407b600000000000 402c000000000000
0x00007fff5de5ec28:   4030000000000000 401c000000000000
0x00007fff5de5ec38:   0000000000000000 0000000000000000
0x00007fff5de5ec48:   4030000000000000 00007fff8d3d98f3
0x00007fff5de5ec58:   4008000000000000 00007fa130455c90
0x00007fff5de5ec68:   0000000100000000 0000000000000000
0x00007fff5de5ec78:   00007fa130622e10 00007fff5de5edd0
0x00007fff5de5ec88:   00007fff8cc4d346 00007fff5de5edd0
0x00007fff5de5ec98:   00007fff8cc4de26 402c000000000000
0x00007fff5de5eca8:   4030000000000000 401c000000000000
0x00007fff5de5ecb8:   407b600000000000 402c000000000000
0x00007fff5de5ecc8:   4030000000000000 0000000000000000
0x00007fff5de5ecd8:   0000000000000000 4085e00000000000
0x00007fff5de5ece8:   407c900000000000 401c000000000000
0x00007fff5de5ecf8:   407b600000000000 0000000101db8a00
0x00007fff5de5ed08:   00007fa130594690 00000000000000b0
0x00007fff5de5ed18:   0000000000000000 0000000000000946
0x00007fff5de5ed28:   0000000101db5000 00007fff5de5edd0
0x00007fff5de5ed38:   00007fff8daf05d7 00000000000008ee
0x00007fff5de5ed48:   0000000101db5000 00007fff5de5edf0
0x00007fff5de5ed58:   0000000000000947 00007fff5de5ee5f
0x00007fff5de5ed68:   0000000000000200 00007fa1305fc080
0x00007fff5de5ed78:   00007fa1305945e0 0000000000000002 

Instructions: (pc=0x00007fff863f00dd)
0x00007fff863f00bd:   00 00 00 48 85 ff 2e 74 7a 40 f6 c7 01 2e 75 7e
0x00007fff863f00cd:   49 bb f8 ff ff ff ff 7f 00 00 4c 23 1f 49 89 f2
0x00007fff863f00dd:   45 23 53 18 49 c1 e2 04 4d 03 53 10 49 3b 32 75
0x00007fff863f00ed:   04 41 ff 62 08 49 83 3a 00 74 6a 4d 3b 53 10 74 

Register to memory mapping:

RAX=0x0000000000000000 is an unknown value
RBX=0x00007fa130528b70 is an unknown value
RCX=0x0000000000000008 is an unknown value
RDX=0x323fcb2bd1ab067e is an unknown value
RSP=0x00007fff5de5eb88 is pointing into the stack for thread: 0x00007fa13104f800
RBP=0x00007fff5de5ebb0 is pointing into the stack for thread: 0x00007fa13104f800
RSI=0x00007fff8d415591: -[NSTitlebarContainerView shouldRoundCorners]+0x5c563 in /System/Library/Frameworks/AppKit.framework/Versions/C/AppKit at 0x00007fff8ca3b000
RDI=0x00007fa130528b70 is an unknown value
R8 =0x000000000000001f is an unknown value
R9 =0xffffffffffffffff is an unknown value
R10=0x00007fff8d415591: -[NSTitlebarContainerView shouldRoundCorners]+0x5c563 in /System/Library/Frameworks/AppKit.framework/Versions/C/AppKit at 0x00007fff8ca3b000
R11=0x0000000000000000 is an unknown value
R12=0x00007fa13053d2b0 is an unknown value
R13=0x00007fa130543650 is an unknown value
R14=0x00007fa13053d2b0 is an unknown value
R15=0x00007fff5de5f0a0 is pointing into the stack for thread: 0x00007fa13104f800


Stack: [0x00007fff5dde5000,0x00007fff5de65000],  sp=0x00007fff5de5eb88,  free space=486k
Native frames: (J=compiled Java code, j=interpreted, Vv=VM code, C=native code)
C  [libobjc.A.dylib+0x10dd]  objc_msgSend+0x1d
C  [AppKit+0x14d254]  -[NSView _recursiveDisplayRectIfNeededIgnoringOpacity:isVisibleRect:rectIsVisibleRectForView:topView:]+0x740
C  [AppKit+0x14e2af]  -[NSView _recursiveDisplayRectIfNeededIgnoringOpacity:isVisibleRect:rectIsVisibleRectForView:topView:]+0x179b
C  [AppKit+0x14c5fe]  -[NSThemeFrame _recursiveDisplayRectIfNeededIgnoringOpacity:isVisibleRect:rectIsVisibleRectForView:topView:]+0x14d
C  [AppKit+0x14913a]  -[NSView _displayRectIgnoringOpacity:isVisibleRect:rectIsVisibleRectForView:]+0xac9
C  [AppKit+0x12836d]  -[NSView displayIfNeeded]+0x754
C  [AppKit+0x1450b5]  -[NSWindow displayIfNeeded]+0xe8
C  [AppKit+0x181da2]  _handleWindowNeedsDisplayOrLayoutOrUpdateConstraints+0x3a8
C  [Foundation+0x66bb3]  __NSFireTimer+0x5f
C  [CoreFoundation+0xb65e4]  __CFRUNLOOP_IS_CALLING_OUT_TO_A_TIMER_CALLBACK_FUNCTION__+0x14
C  [CoreFoundation+0xb6273]  __CFRunLoopDoTimer+0x423
C  [CoreFoundation+0x1294fd]  __CFRunLoopDoTimers+0x12d
C  [CoreFoundation+0x72722]  __CFRunLoopRun+0x7e2
C  [CoreFoundation+0x71cf8]  CFRunLoopRunSpecific+0x128
C  [HIToolbox+0x2e72f]  RunCurrentEventLoopInMode+0xeb
C  [HIToolbox+0x2e4a2]  ReceiveNextEventCommon+0x1af
C  [HIToolbox+0x2e2e3]  _BlockUntilNextEventMatchingListInModeWithFilter+0x47
C  [AppKit+0x23f05]  _DPSNextEvent+0x3e8
C  [AppKit+0x236d9]  -[NSApplication nextEventMatchingMask:untilDate:inMode:dequeue:]+0x8b
C  [libosxapp.dylib+0x16f4]  -[NSApplicationAWT nextEventMatchingMask:untilDate:inMode:dequeue:]+0x7c
C  [AppKit+0x17643]  -[NSApplication run]+0x252
C  [libosxapp.dylib+0x1557]  +[NSApplicationAWT runAWTLoopWithApp:]+0x9c
C  [liblwawt.dylib+0xdba9]  -[AWTStarter starter:]+0x369
C  [Foundation+0x65ad8]  __NSThreadPerformPerform+0x125
C  [CoreFoundation+0x81111]  __CFRUNLOOP_IS_CALLING_OUT_TO_A_SOURCE0_PERFORM_FUNCTION__+0x11
C  [CoreFoundation+0x72c8d]  __CFRunLoopDoSources0+0x10d
C  [CoreFoundation+0x722db]  __CFRunLoopRun+0x39b
C  [CoreFoundation+0x71cf8]  CFRunLoopRunSpecific+0x128
C  [java+0x73b0]  CreateExecutionEnvironment+0x367
C  [java+0x1b5c]  JLI_Launch+0x7a0
C  [java+0x770d]  main+0x65
C  [java+0x13b4]  start+0x34


---------------  P R O C E S S  ---------------

Java Threads: ( => current thread )
  0x00007fa131041800 JavaThread "AWT-Shutdown" [_thread_blocked, id=12087, stack(0x0000000113222000,0x0000000113322000)]
  0x00007fa1310a7800 JavaThread "Java2D Queue Flusher" daemon [_thread_blocked, id=53515, stack(0x0000000113b80000,0x0000000113c80000)]
  0x00007fa13107a800 JavaThread "Java2D Disposer" daemon [_thread_blocked, id=51475, stack(0x0000000112f21000,0x0000000113021000)]
=>0x00007fa13104f800 JavaThread "AppKit Thread" daemon [_thread_in_native, id=1299, stack(0x00007fff5dde5000,0x00007fff5de65000)]
  0x00007fa132010000 JavaThread "Service Thread" daemon [_thread_blocked, id=17411, stack(0x000000010e5a1000,0x000000010e6a1000)]
  0x00007fa130823800 JavaThread "C2 CompilerThread1" daemon [_thread_blocked, id=16899, stack(0x000000010e49e000,0x000000010e59e000)]
  0x00007fa130822000 JavaThread "C2 CompilerThread0" daemon [_thread_blocked, id=16387, stack(0x000000010e39b000,0x000000010e49b000)]
  0x00007fa13081e000 JavaThread "Signal Dispatcher" daemon [_thread_blocked, id=13323, stack(0x000000010e298000,0x000000010e398000)]
  0x00007fa130806800 JavaThread "Finalizer" daemon [_thread_blocked, id=11523, stack(0x000000010c9ed000,0x000000010caed000)]
  0x00007fa130805800 JavaThread "Reference Handler" daemon [_thread_blocked, id=11011, stack(0x000000010c8ea000,0x000000010c9ea000)]
  0x00007fa132002800 JavaThread "main" [_thread_in_native, id=5379, stack(0x0000000101ec4000,0x0000000101fc4000)]

Other Threads:
  0x00007fa13200c800 VMThread [stack: 0x000000010c7e7000,0x000000010c8e7000] [id=10499]
  0x00007fa13081f000 WatcherThread [stack: 0x000000010e6a4000,0x000000010e7a4000] [id=17923]

VM state:not at safepoint (normal execution)

VM Mutex/Monitor currently owned by a thread: None

Heap
 PSYoungGen      total 72704K, used 31209K [0x00000007d5500000, 0x00000007de300000, 0x0000000800000000)
  eden space 67584K, 46% used [0x00000007d5500000,0x00000007d737a5c0,0x00000007d9700000)
  from space 5120K, 0% used [0x00000007d9700000,0x00000007d9700000,0x00000007d9c00000)
  to   space 5120K, 0% used [0x00000007dde00000,0x00000007dde00000,0x00000007de300000)
 ParOldGen       total 138240K, used 32319K [0x0000000780000000, 0x0000000788700000, 0x00000007d5500000)
  object space 138240K, 23% used [0x0000000780000000,0x0000000781f8ff38,0x0000000788700000)
 PSPermGen       total 21504K, used 8404K [0x000000077ae00000, 0x000000077c300000, 0x0000000780000000)
  object space 21504K, 39% used [0x000000077ae00000,0x000000077b635100,0x000000077c300000)

Card table byte_map: [0x0000000106343000,0x000000010676d000] byte_map_base: 0x000000010276c000

Polling page: 0x0000000101fd3000

Code Cache  [0x0000000103283000, 0x00000001034f3000, 0x0000000106283000)
 total_blobs=646 nmethods=207 adapters=393 free_code_cache=48055Kb largest_free_block=49184512

Compilation events (10 events):
Event: 84.965 Thread 0x00007fa130823800 nmethod 204 0x0000000103385850 code [0x0000000103385980, 0x00000001033859d8]
Event: 84.965 Thread 0x00007fa130823800  205             org.newdawn.slick.opengl.renderer.ImmediateModeOGLRenderer::glLineWidth (5 bytes)
Event: 84.968 Thread 0x00007fa130823800 nmethod 205 0x00000001033888d0 code [0x0000000103388a20, 0x0000000103388b48]
Event: 84.968 Thread 0x00007fa130823800  206             org.lwjgl.opengl.GL11::glLineWidth (19 bytes)
Event: 84.970 Thread 0x00007fa130823800 nmethod 206 0x0000000103388510 code [0x0000000103388660, 0x0000000103388768]
Event: 84.973 Thread 0x00007fa130822000 nmethod 203 0x000000010339a050 code [0x000000010339a200, 0x000000010339aaf8]
Event: 86.099 Thread 0x00007fa130823800  208             org.lwjgl.opengl.MacOSXNativeKeyboard::flushDeferredEvent (34 bytes)
Event: 86.100 Thread 0x00007fa130823800 nmethod 208 0x0000000103399dd0 code [0x0000000103399f20, 0x0000000103399fc8]
Event: 86.199 Thread 0x00007fa130822000  209             org.newdawn.slick.Graphics::resetTransform (39 bytes)
Event: 86.201 Thread 0x00007fa130822000 nmethod 209 0x0000000103387f90 code [0x0000000103388100, 0x00000001033882a8]

GC Heap History (8 events):
Event: 0.908 GC heap before
{Heap before GC invocations=1 (full 0):
 PSYoungGen      total 38912K, used 33792K [0x00000007d5500000, 0x00000007d8000000, 0x0000000800000000)
  eden space 33792K, 100% used [0x00000007d5500000,0x00000007d7600000,0x00000007d7600000)
  from space 5120K, 0% used [0x00000007d7b00000,0x00000007d7b00000,0x00000007d8000000)
  to   space 5120K, 0% used [0x00000007d7600000,0x00000007d7600000,0x00000007d7b00000)
 ParOldGen       total 87040K, used 0K [0x0000000780000000, 0x0000000785500000, 0x00000007d5500000)
  object space 87040K, 0% used [0x0000000780000000,0x0000000780000000,0x0000000785500000)
 PSPermGen       total 21504K, used 6972K [0x000000077ae00000, 0x000000077c300000, 0x0000000780000000)
  object space 21504K, 32% used [0x000000077ae00000,0x000000077b4cf1a8,0x000000077c300000)
Event: 0.918 GC heap after
Heap after GC invocations=1 (full 0):
 PSYoungGen      total 38912K, used 1941K [0x00000007d5500000, 0x00000007da100000, 0x0000000800000000)
  eden space 33792K, 0% used [0x00000007d5500000,0x00000007d5500000,0x00000007d7600000)
  from space 5120K, 37% used [0x00000007d7600000,0x00000007d77e54e8,0x00000007d7b00000)
  to   space 5120K, 0% used [0x00000007d9c00000,0x00000007d9c00000,0x00000007da100000)
 ParOldGen       total 87040K, used 15511K [0x0000000780000000, 0x0000000785500000, 0x00000007d5500000)
  object space 87040K, 17% used [0x0000000780000000,0x0000000780f25fd0,0x0000000785500000)
 PSPermGen       total 21504K, used 6972K [0x000000077ae00000, 0x000000077c300000, 0x0000000780000000)
  object space 21504K, 32% used [0x000000077ae00000,0x000000077b4cf1a8,0x000000077c300000)
}
Event: 1.120 GC heap before
{Heap before GC invocations=2 (full 0):
 PSYoungGen      total 38912K, used 33330K [0x00000007d5500000, 0x00000007da100000, 0x0000000800000000)
  eden space 33792K, 92% used [0x00000007d5500000,0x00000007d73a7550,0x00000007d7600000)
  from space 5120K, 37% used [0x00000007d7600000,0x00000007d77e54e8,0x00000007d7b00000)
  to   space 5120K, 0% used [0x00000007d9c00000,0x00000007d9c00000,0x00000007da100000)
 ParOldGen       total 87040K, used 15511K [0x0000000780000000, 0x0000000785500000, 0x00000007d5500000)
  object space 87040K, 17% used [0x0000000780000000,0x0000000780f25fd0,0x0000000785500000)
 PSPermGen       total 21504K, used 6972K [0x000000077ae00000, 0x000000077c300000, 0x0000000780000000)
  object space 21504K, 32% used [0x000000077ae00000,0x000000077b4cf1a8,0x000000077c300000)
Event: 1.123 GC heap after
Heap after GC invocations=2 (full 0):
 PSYoungGen      total 72704K, used 1138K [0x00000007d5500000, 0x00000007da100000, 0x0000000800000000)
  eden space 67584K, 0% used [0x00000007d5500000,0x00000007d5500000,0x00000007d9700000)
  from space 5120K, 22% used [0x00000007d9c00000,0x00000007d9d1c910,0x00000007da100000)
  to   space 5120K, 0% used [0x00000007d9700000,0x00000007d9700000,0x00000007d9c00000)
 ParOldGen       total 87040K, used 15519K [0x0000000780000000, 0x0000000785500000, 0x00000007d5500000)
  object space 87040K, 17% used [0x0000000780000000,0x0000000780f27fd0,0x0000000785500000)
 PSPermGen       total 21504K, used 6972K [0x000000077ae00000, 0x000000077c300000, 0x0000000780000000)
  object space 21504K, 32% used [0x000000077ae00000,0x000000077b4cf1a8,0x000000077c300000)
}
Event: 1.499 GC heap before
{Heap before GC invocations=3 (full 0):
 PSYoungGen      total 72704K, used 68722K [0x00000007d5500000, 0x00000007da100000, 0x0000000800000000)
  eden space 67584K, 100% used [0x00000007d5500000,0x00000007d9700000,0x00000007d9700000)
  from space 5120K, 22% used [0x00000007d9c00000,0x00000007d9d1c910,0x00000007da100000)
  to   space 5120K, 0% used [0x00000007d9700000,0x00000007d9700000,0x00000007d9c00000)
 ParOldGen       total 87040K, used 15519K [0x0000000780000000, 0x0000000785500000, 0x00000007d5500000)
  object space 87040K, 17% used [0x0000000780000000,0x0000000780f27fd0,0x0000000785500000)
 PSPermGen       total 21504K, used 8106K [0x000000077ae00000, 0x000000077c300000, 0x0000000780000000)
  object space 21504K, 37% used [0x000000077ae00000,0x000000077b5ea808,0x000000077c300000)
Event: 1.523 GC heap after
Heap after GC invocations=3 (full 0):
 PSYoungGen      total 72704K, used 1200K [0x00000007d5500000, 0x00000007de300000, 0x0000000800000000)
  eden space 67584K, 0% used [0x00000007d5500000,0x00000007d5500000,0x00000007d9700000)
  from space 5120K, 23% used [0x00000007d9700000,0x00000007d982c010,0x00000007d9c00000)
  to   space 5120K, 0% used [0x00000007dde00000,0x00000007dde00000,0x00000007de300000)
 ParOldGen       total 87040K, used 66165K [0x0000000780000000, 0x0000000785500000, 0x00000007d5500000)
  object space 87040K, 76% used [0x0000000780000000,0x000000078409d520,0x0000000785500000)
 PSPermGen       total 21504K, used 8106K [0x000000077ae00000, 0x000000077c300000, 0x0000000780000000)
  object space 21504K, 37% used [0x000000077ae00000,0x000000077b5ea808,0x000000077c300000)
}
Event: 1.523 GC heap before
{Heap before GC invocations=4 (full 1):
 PSYoungGen      total 72704K, used 1200K [0x00000007d5500000, 0x00000007de300000, 0x0000000800000000)
  eden space 67584K, 0% used [0x00000007d5500000,0x00000007d5500000,0x00000007d9700000)
  from space 5120K, 23% used [0x00000007d9700000,0x00000007d982c010,0x00000007d9c00000)
  to   space 5120K, 0% used [0x00000007dde00000,0x00000007dde00000,0x00000007de300000)
 ParOldGen       total 87040K, used 66165K [0x0000000780000000, 0x0000000785500000, 0x00000007d5500000)
  object space 87040K, 76% used [0x0000000780000000,0x000000078409d520,0x0000000785500000)
 PSPermGen       total 21504K, used 8106K [0x000000077ae00000, 0x000000077c300000, 0x0000000780000000)
  object space 21504K, 37% used [0x000000077ae00000,0x000000077b5ea808,0x000000077c300000)
Event: 1.552 GC heap after
Heap after GC invocations=4 (full 1):
 PSYoungGen      total 72704K, used 0K [0x00000007d5500000, 0x00000007de300000, 0x0000000800000000)
  eden space 67584K, 0% used [0x00000007d5500000,0x00000007d5500000,0x00000007d9700000)
  from space 5120K, 0% used [0x00000007d9700000,0x00000007d9700000,0x00000007d9c00000)
  to   space 5120K, 0% used [0x00000007dde00000,0x00000007dde00000,0x00000007de300000)
 ParOldGen       total 138240K, used 32319K [0x0000000780000000, 0x0000000788700000, 0x00000007d5500000)
  object space 138240K, 23% used [0x0000000780000000,0x0000000781f8ff38,0x0000000788700000)
 PSPermGen       total 21504K, used 8104K [0x000000077ae00000, 0x000000077c300000, 0x0000000780000000)
  object space 21504K, 37% used [0x000000077ae00000,0x000000077b5ea1e0,0x000000077c300000)
}

Deoptimization events (5 events):
Event: 0.607 Thread 0x00007fa132002800 Uncommon trap: reason=unloaded action=reinterpret pc=0x00000001032fe844 method=java.io.BufferedReader.readLine(Z)Ljava/lang/String; @ 268
Event: 1.144 Thread 0x00007fa13104f800 Uncommon trap: reason=null_check action=make_not_entrant pc=0x00000001032f4390 method=java.lang.String.equals(Ljava/lang/Object;)Z @ 8
Event: 1.572 Thread 0x00007fa132002800 Uncommon trap: reason=unreached action=reinterpret pc=0x00000001033377a4 method=java.awt.image.ComponentColorModel.getDataElements(ILjava/lang/Object;)Ljava/lang/Object; @ 2993
Event: 1.572 Thread 0x00007fa132002800 Uncommon trap: reason=unreached action=reinterpret pc=0x000000010331d408 method=sun.awt.image.ByteInterleavedRaster.getDataElements(IILjava/lang/Object;)Ljava/lang/Object; @ 43
Event: 14.999 Thread 0x00007fa132002800 Uncommon trap: reason=unreached action=reinterpret pc=0x000000010332f1f8 method=java.util.HashMap$HashIterator.nextEntry()Ljava/util/HashMap$Entry; @ 86

Internal exceptions (10 events):
Event: 85.648 Thread 0x00007fa132002800 Threw 0x00000007d7016c80 at /HUDSON/workspace/7u-2-build-macosx-x86_64/jdk7u51/527/hotspot/src/share/vm/interpreter/interpreterRuntime.cpp:347
Event: 85.664 Thread 0x00007fa132002800 Threw 0x00000007d7017028 at /HUDSON/workspace/7u-2-build-macosx-x86_64/jdk7u51/527/hotspot/src/share/vm/interpreter/interpreterRuntime.cpp:347
Event: 85.682 Thread 0x00007fa132002800 Threw 0x00000007d70173d0 at /HUDSON/workspace/7u-2-build-macosx-x86_64/jdk7u51/527/hotspot/src/share/vm/interpreter/interpreterRuntime.cpp:347
Event: 85.699 Thread 0x00007fa132002800 Threw 0x00000007d7017778 at /HUDSON/workspace/7u-2-build-macosx-x86_64/jdk7u51/527/hotspot/src/share/vm/interpreter/interpreterRuntime.cpp:347
Event: 85.715 Thread 0x00007fa132002800 Threw 0x00000007d7017b20 at /HUDSON/workspace/7u-2-build-macosx-x86_64/jdk7u51/527/hotspot/src/share/vm/interpreter/interpreterRuntime.cpp:347
Event: 85.732 Thread 0x00007fa132002800 Threw 0x00000007d7017ec8 at /HUDSON/workspace/7u-2-build-macosx-x86_64/jdk7u51/527/hotspot/src/share/vm/interpreter/interpreterRuntime.cpp:347
Event: 85.749 Thread 0x00007fa132002800 Threw 0x00000007d7018270 at /HUDSON/workspace/7u-2-build-macosx-x86_64/jdk7u51/527/hotspot/src/share/vm/interpreter/interpreterRuntime.cpp:347
Event: 85.765 Thread 0x00007fa132002800 Threw 0x00000007d7018618 at /HUDSON/workspace/7u-2-build-macosx-x86_64/jdk7u51/527/hotspot/src/share/vm/interpreter/interpreterRuntime.cpp:347
Event: 85.782 Thread 0x00007fa132002800 Threw 0x00000007d70189c0 at /HUDSON/workspace/7u-2-build-macosx-x86_64/jdk7u51/527/hotspot/src/share/vm/interpreter/interpreterRuntime.cpp:347
Event: 87.787 Thread 0x00007fa132002800 Threw 0x00000007d70267c8 at /HUDSON/workspace/7u-2-build-macosx-x86_64/jdk7u51/527/hotspot/src/share/vm/prims/jvm.cpp:1244

Events (10 events):
Event: 74.810 Thread 0x00007fa132082000 Thread exited: 0x00007fa132082000
Event: 74.864 Thread 0x00007fa131816000 Thread added: 0x00007fa131816000
Event: 79.865 Executing VM operation: RevokeBias
Event: 79.865 Executing VM operation: RevokeBias done
Event: 79.865 Thread 0x00007fa131816000 Thread exited: 0x00007fa131816000
Event: 81.264 Thread 0x00007fa131041800 Thread added: 0x00007fa131041800
Event: 83.215 loading class 0x000000010b58a560
Event: 83.215 loading class 0x000000010b58a560 done
Event: 87.787 loading class 0x00007fa130552cf0
Event: 87.787 loading class 0x00007fa130552cf0 done


Dynamic libraries:
0x000000000011f000 	/System/Library/Frameworks/Cocoa.framework/Versions/A/Cocoa
0x000000000011f000 	/System/Library/Frameworks/Security.framework/Versions/A/Security
0x000000000011f000 	/System/Library/Frameworks/ApplicationServices.framework/Versions/A/ApplicationServices
0x000000000011f000 	/usr/lib/libz.1.dylib
0x000000000011f000 	/usr/lib/libSystem.B.dylib
0x000000000011f000 	/usr/lib/libobjc.A.dylib
0x000000000011f000 	/System/Library/Frameworks/CoreFoundation.framework/Versions/A/CoreFoundation
0x000000000011f000 	/System/Library/Frameworks/Foundation.framework/Versions/C/Foundation
0x000000000011f000 	/System/Library/Frameworks/AppKit.framework/Versions/C/AppKit
0x000000000011f000 	/System/Library/Frameworks/CoreData.framework/Versions/A/CoreData
0x000000000011f000 	/System/Library/PrivateFrameworks/RemoteViewServices.framework/Versions/A/RemoteViewServices
0x000000000011f000 	/System/Library/PrivateFrameworks/UIFoundation.framework/Versions/A/UIFoundation
0x000000000011f000 	/System/Library/Frameworks/AudioToolbox.framework/Versions/A/AudioToolbox
0x000000000011f000 	/System/Library/Frameworks/AudioUnit.framework/Versions/A/AudioUnit
0x000000000011f000 	/System/Library/PrivateFrameworks/DataDetectorsCore.framework/Versions/A/DataDetectorsCore
0x000000000011f000 	/System/Library/PrivateFrameworks/DesktopServicesPriv.framework/Versions/A/DesktopServicesPriv
0x000000000011f000 	/System/Library/Frameworks/Carbon.framework/Versions/A/Frameworks/HIToolbox.framework/Versions/A/HIToolbox
0x000000000011f000 	/System/Library/Frameworks/QuartzCore.framework/Versions/A/QuartzCore
0x000000000011f000 	/System/Library/Frameworks/Carbon.framework/Versions/A/Frameworks/SpeechRecognition.framework/Versions/A/SpeechRecognition
0x000000000011f000 	/usr/lib/libauto.dylib
0x000000000011f000 	/usr/lib/libicucore.A.dylib
0x000000000011f000 	/usr/lib/libxml2.2.dylib
0x000000000011f000 	/System/Library/PrivateFrameworks/CoreUI.framework/Versions/A/CoreUI
0x000000000011f000 	/System/Library/Frameworks/CoreAudio.framework/Versions/A/CoreAudio
0x000000000011f000 	/System/Library/Frameworks/DiskArbitration.framework/Versions/A/DiskArbitration
0x000000000011f000 	/usr/lib/liblangid.dylib
0x000000000011f000 	/System/Library/PrivateFrameworks/MultitouchSupport.framework/Versions/A/MultitouchSupport
0x000000000011f000 	/System/Library/Frameworks/IOKit.framework/Versions/A/IOKit
0x000000000011f000 	/usr/lib/libDiagnosticMessagesClient.dylib
0x000000000011f000 	/System/Library/Frameworks/CoreServices.framework/Versions/A/CoreServices
0x000000000011f000 	/System/Library/PrivateFrameworks/PerformanceAnalysis.framework/Versions/A/PerformanceAnalysis
0x000000000011f000 	/System/Library/PrivateFrameworks/GenerationalStorage.framework/Versions/A/GenerationalStorage
0x000000000011f000 	/System/Library/Frameworks/OpenGL.framework/Versions/A/OpenGL
0x000000000011f000 	/System/Library/PrivateFrameworks/Sharing.framework/Versions/A/Sharing
0x000000000011f000 	/System/Library/Frameworks/CoreGraphics.framework/Versions/A/CoreGraphics
0x000000000011f000 	/System/Library/Frameworks/CoreText.framework/Versions/A/CoreText
0x000000000011f000 	/System/Library/Frameworks/ImageIO.framework/Versions/A/ImageIO
0x000000000011f000 	/usr/lib/libextension.dylib
0x000000000011f000 	/System/Library/PrivateFrameworks/Backup.framework/Versions/A/Backup
0x000000000011f000 	/usr/lib/libarchive.2.dylib
0x000000000011f000 	/System/Library/Frameworks/CFNetwork.framework/Versions/A/CFNetwork
0x000000000011f000 	/System/Library/Frameworks/SystemConfiguration.framework/Versions/A/SystemConfiguration
0x000000000011f000 	/usr/lib/libCRFSuite.dylib
0x000000000011f000 	/usr/lib/libc++.1.dylib
0x000000000011f000 	/usr/lib/libc++abi.dylib
0x000000000011f000 	/usr/lib/system/libcache.dylib
0x000000000011f000 	/usr/lib/system/libcommonCrypto.dylib
0x000000000011f000 	/usr/lib/system/libcompiler_rt.dylib
0x000000000011f000 	/usr/lib/system/libcopyfile.dylib
0x000000000011f000 	/usr/lib/system/libcorecrypto.dylib
0x000000000011f000 	/usr/lib/system/libdispatch.dylib
0x000000000011f000 	/usr/lib/system/libdyld.dylib
0x000000000011f000 	/usr/lib/system/libkeymgr.dylib
0x000000000011f000 	/usr/lib/system/liblaunch.dylib
0x000000000011f000 	/usr/lib/system/libmacho.dylib
0x000000000011f000 	/usr/lib/system/libquarantine.dylib
0x000000000011f000 	/usr/lib/system/libremovefile.dylib
0x000000000011f000 	/usr/lib/system/libsystem_asl.dylib
0x000000000011f000 	/usr/lib/system/libsystem_blocks.dylib
0x000000000011f000 	/usr/lib/system/libsystem_c.dylib
0x000000000011f000 	/usr/lib/system/libsystem_configuration.dylib
0x000000000011f000 	/usr/lib/system/libsystem_coreservices.dylib
0x000000000011f000 	/usr/lib/system/libsystem_coretls.dylib
0x000000000011f000 	/usr/lib/system/libsystem_dnssd.dylib
0x000000000011f000 	/usr/lib/system/libsystem_info.dylib
0x000000000011f000 	/usr/lib/system/libsystem_kernel.dylib
0x000000000011f000 	/usr/lib/system/libsystem_m.dylib
0x000000000011f000 	/usr/lib/system/libsystem_malloc.dylib
0x000000000011f000 	/usr/lib/system/libsystem_network.dylib
0x000000000011f000 	/usr/lib/system/libsystem_networkextension.dylib
0x000000000011f000 	/usr/lib/system/libsystem_notify.dylib
0x000000000011f000 	/usr/lib/system/libsystem_platform.dylib
0x000000000011f000 	/usr/lib/system/libsystem_pthread.dylib
0x000000000011f000 	/usr/lib/system/libsystem_sandbox.dylib
0x000000000011f000 	/usr/lib/system/libsystem_secinit.dylib
0x000000000011f000 	/usr/lib/system/libsystem_stats.dylib
0x000000000011f000 	/usr/lib/system/libsystem_trace.dylib
0x000000000011f000 	/usr/lib/system/libunc.dylib
0x000000000011f000 	/usr/lib/system/libunwind.dylib
0x000000000011f000 	/usr/lib/system/libxpc.dylib
0x000000000011f000 	/usr/lib/libbz2.1.0.dylib
0x000000000011f000 	/usr/lib/liblzma.5.dylib
0x000000000011f000 	/usr/lib/libbsm.0.dylib
0x000000000011f000 	/usr/lib/libsqlite3.dylib
0x000000000011f000 	/usr/lib/system/libkxld.dylib
0x000000000011f000 	/usr/lib/libxar.1.dylib
0x000000000011f000 	/usr/lib/libpam.2.dylib
0x000000000011f000 	/usr/lib/libOpenScriptingUtil.dylib
0x000000000011f000 	/System/Library/Frameworks/CoreServices.framework/Versions/A/Frameworks/FSEvents.framework/Versions/A/FSEvents
0x000000000011f000 	/System/Library/Frameworks/CoreServices.framework/Versions/A/Frameworks/CarbonCore.framework/Versions/A/CarbonCore
0x000000000011f000 	/System/Library/Frameworks/CoreServices.framework/Versions/A/Frameworks/Metadata.framework/Versions/A/Metadata
0x000000000011f000 	/System/Library/Frameworks/CoreServices.framework/Versions/A/Frameworks/OSServices.framework/Versions/A/OSServices
0x000000000011f000 	/System/Library/Frameworks/CoreServices.framework/Versions/A/Frameworks/SearchKit.framework/Versions/A/SearchKit
0x000000000011f000 	/System/Library/Frameworks/CoreServices.framework/Versions/A/Frameworks/AE.framework/Versions/A/AE
0x000000000011f000 	/System/Library/Frameworks/CoreServices.framework/Versions/A/Frameworks/LaunchServices.framework/Versions/A/LaunchServices
0x000000000011f000 	/System/Library/Frameworks/CoreServices.framework/Versions/A/Frameworks/DictionaryServices.framework/Versions/A/DictionaryServices
0x000000000011f000 	/System/Library/Frameworks/NetFS.framework/Versions/A/NetFS
0x000000000011f000 	/System/Library/PrivateFrameworks/NetAuth.framework/Versions/A/NetAuth
0x000000000011f000 	/System/Library/PrivateFrameworks/login.framework/Versions/A/Frameworks/loginsupport.framework/Versions/A/loginsupport
0x000000000011f000 	/System/Library/PrivateFrameworks/TCC.framework/Versions/A/TCC
0x000000000011f000 	/System/Library/Frameworks/OpenDirectory.framework/Versions/A/Frameworks/CFOpenDirectory.framework/Versions/A/CFOpenDirectory
0x000000000011f000 	/System/Library/Frameworks/ServiceManagement.framework/Versions/A/ServiceManagement
0x000000000011f000 	/usr/lib/libxslt.1.dylib
0x000000000011f000 	/System/Library/Frameworks/Carbon.framework/Versions/A/Frameworks/Ink.framework/Versions/A/Ink
0x000000000011f000 	/System/Library/Frameworks/ApplicationServices.framework/Versions/A/Frameworks/ATS.framework/Versions/A/ATS
0x000000000011f000 	/System/Library/Frameworks/ApplicationServices.framework/Versions/A/Frameworks/ColorSync.framework/Versions/A/ColorSync
0x000000000011f000 	/System/Library/Frameworks/ApplicationServices.framework/Versions/A/Frameworks/HIServices.framework/Versions/A/HIServices
0x000000000011f000 	/System/Library/Frameworks/ApplicationServices.framework/Versions/A/Frameworks/LangAnalysis.framework/Versions/A/LangAnalysis
0x000000000011f000 	/System/Library/Frameworks/ApplicationServices.framework/Versions/A/Frameworks/PrintCore.framework/Versions/A/PrintCore
0x000000000011f000 	/System/Library/Frameworks/ApplicationServices.framework/Versions/A/Frameworks/QD.framework/Versions/A/QD
0x000000000011f000 	/System/Library/Frameworks/ApplicationServices.framework/Versions/A/Frameworks/SpeechSynthesis.framework/Versions/A/SpeechSynthesis
0x000000000011f000 	/System/Library/Frameworks/IOSurface.framework/Versions/A/IOSurface
0x000000000011f000 	/System/Library/Frameworks/Accelerate.framework/Versions/A/Accelerate
0x000000000011f000 	/System/Library/Frameworks/Accelerate.framework/Versions/A/Frameworks/vImage.framework/Versions/A/vImage
0x000000000011f000 	/System/Library/Frameworks/Accelerate.framework/Versions/A/Frameworks/vecLib.framework/Versions/A/vecLib
0x000000000011f000 	/System/Library/Frameworks/Accelerate.framework/Versions/A/Frameworks/vecLib.framework/Versions/A/libvDSP.dylib
0x000000000011f000 	/System/Library/Frameworks/Accelerate.framework/Versions/A/Frameworks/vecLib.framework/Versions/A/libvMisc.dylib
0x000000000011f000 	/System/Library/Frameworks/Accelerate.framework/Versions/A/Frameworks/vecLib.framework/Versions/A/libLAPACK.dylib
0x000000000011f000 	/System/Library/Frameworks/Accelerate.framework/Versions/A/Frameworks/vecLib.framework/Versions/A/libBLAS.dylib
0x000000000011f000 	/System/Library/Frameworks/Accelerate.framework/Versions/A/Frameworks/vecLib.framework/Versions/A/libLinearAlgebra.dylib
0x000000000011f000 	/System/Library/Frameworks/ApplicationServices.framework/Versions/A/Frameworks/ATS.framework/Versions/A/Resources/libFontParser.dylib
0x000000000011f000 	/System/Library/Frameworks/ApplicationServices.framework/Versions/A/Frameworks/ATS.framework/Versions/A/Resources/libFontRegistry.dylib
0x000000000011f000 	/System/Library/PrivateFrameworks/AppleVPA.framework/Versions/A/AppleVPA
0x000000000011f000 	/System/Library/PrivateFrameworks/AppleJPEG.framework/Versions/A/AppleJPEG
0x000000000011f000 	/System/Library/Frameworks/ImageIO.framework/Versions/A/Resources/libJPEG.dylib
0x000000000011f000 	/System/Library/Frameworks/ImageIO.framework/Versions/A/Resources/libTIFF.dylib
0x000000000011f000 	/System/Library/Frameworks/ImageIO.framework/Versions/A/Resources/libPng.dylib
0x000000000011f000 	/System/Library/Frameworks/ImageIO.framework/Versions/A/Resources/libGIF.dylib
0x000000000011f000 	/System/Library/Frameworks/ImageIO.framework/Versions/A/Resources/libJP2.dylib
0x000000000011f000 	/System/Library/Frameworks/ImageIO.framework/Versions/A/Resources/libRadiance.dylib
0x000000000011f000 	/System/Library/Frameworks/CoreVideo.framework/Versions/A/CoreVideo
0x000000000011f000 	/System/Library/Frameworks/OpenGL.framework/Versions/A/Libraries/libGLU.dylib
0x000000000011f000 	/System/Library/Frameworks/OpenGL.framework/Versions/A/Libraries/libGFXShared.dylib
0x000000000011f000 	/System/Library/Frameworks/OpenGL.framework/Versions/A/Libraries/libGL.dylib
0x000000000011f000 	/System/Library/Frameworks/OpenGL.framework/Versions/A/Libraries/libGLImage.dylib
0x000000000011f000 	/System/Library/Frameworks/OpenGL.framework/Versions/A/Libraries/libCVMSPluginSupport.dylib
0x000000000011f000 	/System/Library/Frameworks/OpenGL.framework/Versions/A/Libraries/libCoreVMClient.dylib
0x000000000011f000 	/usr/lib/libcups.2.dylib
0x000000000011f000 	/System/Library/Frameworks/Kerberos.framework/Versions/A/Kerberos
0x000000000011f000 	/System/Library/Frameworks/GSS.framework/Versions/A/GSS
0x000000000011f000 	/usr/lib/libresolv.9.dylib
0x000000000011f000 	/usr/lib/libiconv.2.dylib
0x000000000011f000 	/System/Library/PrivateFrameworks/Heimdal.framework/Versions/A/Heimdal
0x000000000011f000 	/usr/lib/libheimdal-asn1.dylib
0x000000000011f000 	/System/Library/Frameworks/OpenDirectory.framework/Versions/A/OpenDirectory
0x000000000011f000 	/System/Library/PrivateFrameworks/CommonAuth.framework/Versions/A/CommonAuth
0x000000000011f000 	/System/Library/Frameworks/SecurityFoundation.framework/Versions/A/SecurityFoundation
0x000000000011f000 	/System/Library/Frameworks/QuartzCore.framework/Versions/A/Frameworks/CoreImage.framework/Versions/A/CoreImage
0x000000000011f000 	/System/Library/PrivateFrameworks/CrashReporterSupport.framework/Versions/A/CrashReporterSupport
0x000000000011f000 	/System/Library/Frameworks/OpenCL.framework/Versions/A/OpenCL
0x000000000011f000 	/System/Library/PrivateFrameworks/FaceCore.framework/Versions/A/FaceCore
0x000000000011f000 	/System/Library/PrivateFrameworks/Ubiquity.framework/Versions/A/Ubiquity
0x000000000011f000 	/System/Library/PrivateFrameworks/IconServices.framework/Versions/A/IconServices
0x000000000011f000 	/System/Library/PrivateFrameworks/ChunkingLibrary.framework/Versions/A/ChunkingLibrary
0x000000000011f000 	/System/Library/PrivateFrameworks/Apple80211.framework/Versions/A/Apple80211
0x000000000011f000 	/System/Library/Frameworks/CoreWLAN.framework/Versions/A/CoreWLAN
0x000000000011f000 	/System/Library/Frameworks/IOBluetooth.framework/Versions/A/IOBluetooth
0x000000000011f000 	/System/Library/Frameworks/CoreWiFi.framework/Versions/A/CoreWiFi
0x000000000011f000 	/System/Library/Frameworks/CoreBluetooth.framework/Versions/A/CoreBluetooth
0x000000000011f000 	/System/Library/PrivateFrameworks/DebugSymbols.framework/Versions/A/DebugSymbols
0x000000000011f000 	/System/Library/PrivateFrameworks/CoreSymbolication.framework/Versions/A/CoreSymbolication
0x000000000011f000 	/System/Library/PrivateFrameworks/Symbolication.framework/Versions/A/Symbolication
0x000000000011f000 	/System/Library/PrivateFrameworks/SpeechRecognitionCore.framework/Versions/A/SpeechRecognitionCore
0x0000000101de6000 	/System/Library/CoreServices/Encodings/libSimplifiedChineseConverter.dylib
0x0000000102800000 	/Library/Java/JavaVirtualMachines/jdk1.7.0_51.jdk/Contents/Home/jre/lib/server/libjvm.dylib
0x000000000011f000 	/usr/lib/libstdc++.6.dylib
0x0000000101fc6000 	/Library/Java/JavaVirtualMachines/jdk1.7.0_51.jdk/Contents/Home/jre/lib/libverify.dylib
0x0000000103253000 	/Library/Java/JavaVirtualMachines/jdk1.7.0_51.jdk/Contents/Home/jre/lib/libjava.dylib
0x0000000101fdd000 	/Library/Java/JavaVirtualMachines/jdk1.7.0_51.jdk/Contents/Home/jre/lib/libzip.dylib
0x0000000101fe7000 	/System/Library/Frameworks/JavaVM.framework/Frameworks/JavaRuntimeSupport.framework/JavaRuntimeSupport
0x000000010caef000 	/System/Library/Frameworks/JavaVM.framework/Versions/A/Frameworks/JavaNativeFoundation.framework/Versions/A/JavaNativeFoundation
0x000000010cb03000 	/System/Library/Frameworks/JavaVM.framework/Versions/A/JavaVM
0x000000000011f000 	/System/Library/Frameworks/Carbon.framework/Versions/A/Carbon
0x000000010cb0f000 	/System/Library/PrivateFrameworks/JavaLaunching.framework/Versions/A/JavaLaunching
0x000000000011f000 	/System/Library/Frameworks/Carbon.framework/Versions/A/Frameworks/CommonPanels.framework/Versions/A/CommonPanels
0x000000000011f000 	/System/Library/Frameworks/Carbon.framework/Versions/A/Frameworks/Help.framework/Versions/A/Help
0x000000000011f000 	/System/Library/Frameworks/Carbon.framework/Versions/A/Frameworks/ImageCapture.framework/Versions/A/ImageCapture
0x000000000011f000 	/System/Library/Frameworks/Carbon.framework/Versions/A/Frameworks/OpenScripting.framework/Versions/A/OpenScripting
0x000000000011f000 	/System/Library/Frameworks/Carbon.framework/Versions/A/Frameworks/Print.framework/Versions/A/Print
0x000000000011f000 	/System/Library/Frameworks/Carbon.framework/Versions/A/Frameworks/SecurityHI.framework/Versions/A/SecurityHI
0x000000010e7d6000 	/Library/Java/JavaVirtualMachines/jdk1.7.0_51.jdk/Contents/Home/jre/lib/libawt.dylib
0x000000010e885000 	/Library/Java/JavaVirtualMachines/jdk1.7.0_51.jdk/Contents/Home/jre/lib/./libmlib_image.dylib
0x000000010e951000 	/Library/Java/JavaVirtualMachines/jdk1.7.0_51.jdk/Contents/Home/jre/lib/lwawt/liblwawt.dylib
0x000000010ea05000 	/Library/Java/JavaVirtualMachines/jdk1.7.0_51.jdk/Contents/Home/jre/lib/libosxapp.dylib
0x000000000011f000 	/System/Library/Frameworks/ExceptionHandling.framework/Versions/A/ExceptionHandling
0x000000000011f000 	/System/Library/PrivateFrameworks/CoreServicesInternal.framework/Versions/A/CoreServicesInternal
0x000000000011f000 	/System/Library/PrivateFrameworks/CloudDocs.framework/Versions/A/CloudDocs
0x000000000011f000 	/System/Library/PrivateFrameworks/CoreDuet.framework/Versions/A/CoreDuet
0x000000000011f000 	/System/Library/Frameworks/CloudKit.framework/Versions/A/CloudKit
0x000000000011f000 	/System/Library/PrivateFrameworks/ProtocolBuffer.framework/Versions/A/ProtocolBuffer
0x000000000011f000 	/System/Library/PrivateFrameworks/CoreDuetDaemonProtocol.framework/Versions/A/CoreDuetDaemonProtocol
0x000000000011f000 	/System/Library/PrivateFrameworks/CoreDuetDebugLogging.framework/Versions/A/CoreDuetDebugLogging
0x000000000011f000 	/System/Library/Frameworks/CoreLocation.framework/Versions/A/CoreLocation
0x000000000011f000 	/System/Library/Frameworks/Accounts.framework/Versions/A/Accounts
0x000000000011f000 	/System/Library/PrivateFrameworks/ApplePushService.framework/Versions/A/ApplePushService
0x000000000011f000 	/System/Library/PrivateFrameworks/GeoServices.framework/Versions/A/GeoServices
0x000000000011f000 	/System/Library/PrivateFrameworks/OAuth.framework/Versions/A/OAuth
0x000000000011f000 	/System/Library/PrivateFrameworks/CoreDaemon.framework/Versions/B/CoreDaemon
0x000000000011f000 	/usr/lib/libcrypto.0.9.8.dylib
0x000000000011f000 	/System/Library/PrivateFrameworks/AppleSRP.framework/Versions/A/AppleSRP
0x000000000011f000 	/System/Library/PrivateFrameworks/TrustEvaluationAgent.framework/Versions/A/TrustEvaluationAgent
0x000000000011f000 	/System/Library/Frameworks/CoreGraphics.framework/Versions/A/Resources/libCGCMS.A.dylib
0x000000000011f000 	/System/Library/Frameworks/CoreGraphics.framework/Versions/A/Resources/libRIP.A.dylib
0x000000000011f000 	/System/Library/Frameworks/CoreGraphics.framework/Versions/A/Resources/libCGXType.A.dylib
0x000000000011f000 	/System/Library/Frameworks/OpenCL.framework/Versions/A/Libraries/libcldcpuengine.dylib
0x000000000011f000 	/System/Library/PrivateFrameworks/DiskImages.framework/Versions/A/DiskImages
0x000000000011f000 	/System/Library/Frameworks/DiscRecording.framework/Versions/A/DiscRecording
0x000000000011f000 	/usr/lib/libcsfde.dylib
0x000000000011f000 	/usr/lib/libcurl.4.dylib
0x000000000011f000 	/System/Library/PrivateFrameworks/MediaKit.framework/Versions/A/MediaKit
0x000000000011f000 	/System/Library/PrivateFrameworks/ProtectedCloudStorage.framework/Versions/A/ProtectedCloudStorage
0x000000000011f000 	/usr/lib/libCoreStorage.dylib
0x000000000011f000 	/System/Library/PrivateFrameworks/EFILogin.framework/Versions/A/EFILogin
0x000000000011f000 	/usr/lib/libutil.dylib
0x000000000011f000 	/System/Library/PrivateFrameworks/FindMyDevice.framework/Versions/A/FindMyDevice
0x000000000011f000 	/System/Library/Frameworks/LDAP.framework/Versions/A/LDAP
0x000000000011f000 	/usr/lib/libsasl2.2.dylib
0x0000000110f3f000 	cl_kernels
0x0000000110f41000 	/System/Library/Frameworks/OpenCL.framework/Versions/A/Libraries/ImageFormats/unorm8_bgra.dylib
0x0000000110f30000 	cl_kernels
0x000000000011f000 	/System/Library/PrivateFrameworks/FamilyControls.framework/Versions/A/FamilyControls
0x000000000011f000 	/System/Library/PrivateFrameworks/CommerceKit.framework/Versions/A/Frameworks/CommerceCore.framework/Versions/A/CommerceCore
0x000000000011f000 	/System/Library/PrivateFrameworks/SystemAdministration.framework/Versions/A/SystemAdministration
0x000000000011f000 	/System/Library/PrivateFrameworks/AppContainer.framework/Versions/A/AppContainer
0x000000000011f000 	/System/Library/PrivateFrameworks/SecCodeWrapper.framework/Versions/A/SecCodeWrapper
0x000000000011f000 	/System/Library/Frameworks/DirectoryService.framework/Versions/A/DirectoryService
0x000000000011f000 	/System/Library/PrivateFrameworks/LoginUIKit.framework/Versions/A/Frameworks/LoginUICore.framework/Versions/A/LoginUICore
0x000000000011f000 	/usr/lib/libodfde.dylib
0x00000001126b4000 	/Library/Java/JavaVirtualMachines/jdk1.7.0_51.jdk/Contents/Home/jre/lib/libfontmanager.dylib
0x000000011271b000 	/Users/smithdodo/Documents/workspace2/Pacman_rebuid/lwjgl-2.9.0/native/macosx/liblwjgl.jnilib
0x0000000110ab1000 	/Library/Java/JavaVirtualMachines/jdk1.7.0_51.jdk/Contents/Home/jre/lib/libjawt.dylib
0x0000000110ab4000 	/Library/Java/JavaVirtualMachines/jdk1.7.0_51.jdk/Contents/Home/jre/lib/libnio.dylib
0x0000000112796000 	/Library/Java/JavaVirtualMachines/jdk1.7.0_51.jdk/Contents/Home/jre/lib/./libnet.dylib
0x000000000011f000 	/System/Library/Frameworks/OpenGL.framework/Versions/A/Resources/GLEngine.bundle/GLEngine
0x000000000011f000 	/System/Library/Frameworks/OpenGL.framework/Versions/A/Libraries/libGLProgrammability.dylib
0x0000000000000000 	/System/Library/Extensions/AppleIntelHD4000GraphicsGLDriver.bundle/Contents/MacOS/AppleIntelHD4000GraphicsGLDriver
0x000000000011f000 	/System/Library/PrivateFrameworks/IOAccelerator.framework/Versions/A/IOAccelerator
0x000000000011f000 	/System/Library/PrivateFrameworks/GPUSupport.framework/Versions/A/Libraries/libGPUSupportMercury.dylib
0x000000000011f000 	/System/Library/Frameworks/OpenGL.framework/Versions/A/Resources/GLRendererFloat.bundle/GLRendererFloat
0x0000000113023000 	/Library/Java/JavaVirtualMachines/jdk1.7.0_51.jdk/Contents/Home/jre/lib/libjpeg.dylib

VM Arguments:
jvm_args: -Djava.library.path=/Users/smithdodo/Documents/workspace2/Pacman_rebuid/lwjgl-2.9.0/native/macosx -Dfile.encoding=UTF-8 
java_command: de.tu_darmstadt.gdi1.pacman.main.Main
Launcher Type: SUN_STANDARD

Environment Variables:
PATH=/usr/bin:/bin:/usr/sbin:/sbin
SHELL=/bin/bash

Signal Handlers:
SIGSEGV: [libjvm.dylib+0x525425], sa_mask[0]=0xfffefeff, sa_flags=0x00000043
SIGBUS: [libjvm.dylib+0x525425], sa_mask[0]=0xfffefeff, sa_flags=0x00000042
SIGFPE: [libjvm.dylib+0x41892a], sa_mask[0]=0xfffefeff, sa_flags=0x00000042
SIGPIPE: [libjvm.dylib+0x41892a], sa_mask[0]=0xfffefeff, sa_flags=0x00000042
SIGXFSZ: [libjvm.dylib+0x41892a], sa_mask[0]=0xfffefeff, sa_flags=0x00000042
SIGILL: [libjvm.dylib+0x41892a], sa_mask[0]=0xfffefeff, sa_flags=0x00000042
SIGUSR1: SIG_DFL, sa_mask[0]=0x00000000, sa_flags=0x00000000
SIGUSR2: [libjvm.dylib+0x41841c], sa_mask[0]=0x00000004, sa_flags=0x00000042
SIGHUP: [libjvm.dylib+0x4166ab], sa_mask[0]=0xfffefeff, sa_flags=0x00000042
SIGINT: [libjvm.dylib+0x4166ab], sa_mask[0]=0xfffefeff, sa_flags=0x00000042
SIGTERM: [libjvm.dylib+0x4166ab], sa_mask[0]=0xfffefeff, sa_flags=0x00000042
SIGQUIT: [libjvm.dylib+0x4166ab], sa_mask[0]=0xfffefeff, sa_flags=0x00000042


---------------  S Y S T E M  ---------------

OS:Bsduname:Darwin 14.0.0 Darwin Kernel Version 14.0.0: Wed Jul 16 00:46:31 PDT 2014; root:xnu-2782.1.43.0.2~2/RELEASE_X86_64 x86_64
rlimit: STACK 8192k, CORE 0k, NPROC 709, NOFILE 10240, AS infinity
load average:1.81 1.69 1.59

CPU:total 4 (2 cores per cpu, 2 threads per core) family 6 model 58 stepping 9, cmov, cx8, fxsr, mmx, sse, sse2, sse3, ssse3, sse4.1, sse4.2, popcnt, avx, aes, erms, ht, tsc, tscinvbit, tscinv

Memory: 4k page, physical 8388608k(2097152k free)

/proc/meminfo:


vm_info: Java HotSpot(TM) 64-Bit Server VM (24.51-b03) for bsd-amd64 JRE (1.7.0_51-b13), built on Dec 18 2013 18:45:56 by "java_re" with gcc 4.2.1 (Based on Apple Inc. build 5658) (LLVM build 2336.11.00)

time: Mon Aug 11 01:16:10 2014
elapsed time: 87 seconds

